694  [restartedMain] INFO  com.example.demo.Demo1Application - Starting Demo1Application on dharmendra with PID 18170 (/home/dharmendra/Documents/workspace-sts-3.9.2.RELEASE/demo-1/target/classes started by dharmendra in /home/dharmendra/Documents/workspace-sts-3.9.2.RELEASE/demo-1)
700  [restartedMain] DEBUG com.example.demo.Demo1Application - Running with Spring Boot v1.5.10.RELEASE, Spring v4.3.14.RELEASE
700  [restartedMain] INFO  com.example.demo.Demo1Application - No active profile set, falling back to default profiles: default
3217 [localhost-startStop-1] INFO  o.s.web.context.ContextLoader - Root WebApplicationContext: initialization completed in 2406 ms
7853 [restartedMain] INFO  o.s.w.s.m.m.a.RequestMappingHandlerMapping - Mapped "{[/v1/assign_activities],methods=[PUT]}" onto public org.springframework.http.ResponseEntity<java.lang.Object> com.example.demo.controller.ActivityController.assignActivities(com.example.demo.dto.RoleActivityDTO)
7854 [restartedMain] INFO  o.s.w.s.m.m.a.RequestMappingHandlerMapping - Mapped "{[/v1/add_activity],methods=[POST]}" onto public void com.example.demo.controller.ActivityController.addActivity(com.example.demo.domain.Activity)
7855 [restartedMain] INFO  o.s.w.s.m.m.a.RequestMappingHandlerMapping - Mapped "{[/v1/activities],methods=[GET]}" onto public org.springframework.http.ResponseEntity<java.util.List<com.example.demo.domain.Activity>> com.example.demo.controller.ActivityController.getActivities()
7855 [restartedMain] INFO  o.s.w.s.m.m.a.RequestMappingHandlerMapping - Mapped "{[/v1/delete_activity/{id}],methods=[DELETE]}" onto public org.springframework.http.ResponseEntity<java.lang.Void> com.example.demo.controller.ActivityController.deleteActivity(java.lang.Long)
7856 [restartedMain] INFO  o.s.w.s.m.m.a.RequestMappingHandlerMapping - Mapped "{[/v1/update_activity],methods=[PUT]}" onto public org.springframework.http.ResponseEntity<java.lang.Void> com.example.demo.controller.ActivityController.updateActivity(com.example.demo.domain.Activity)
7857 [restartedMain] INFO  o.s.w.s.m.m.a.RequestMappingHandlerMapping - Mapped "{[/v1/add_book],methods=[POST]}" onto public org.springframework.http.ResponseEntity<com.example.demo.domain.Book> com.example.demo.controller.BookController.addBook(com.example.demo.domain.Book)
7858 [restartedMain] INFO  o.s.w.s.m.m.a.RequestMappingHandlerMapping - Mapped "{[/v1/all_books],methods=[GET]}" onto public org.springframework.http.ResponseEntity<java.util.List<com.example.demo.domain.Book>> com.example.demo.controller.BookController.getBooks()
7858 [restartedMain] INFO  o.s.w.s.m.m.a.RequestMappingHandlerMapping - Mapped "{[/v1/delete_book/{id}],methods=[DELETE]}" onto public org.springframework.http.ResponseEntity<java.lang.Void> com.example.demo.controller.BookController.deleteBook(java.lang.Long)
7859 [restartedMain] INFO  o.s.w.s.m.m.a.RequestMappingHandlerMapping - Mapped "{[/v1/update_book],methods=[PUT]}" onto public org.springframework.http.ResponseEntity<java.lang.Void> com.example.demo.controller.BookController.updateBook(com.example.demo.domain.Book)
7859 [restartedMain] INFO  o.s.w.s.m.m.a.RequestMappingHandlerMapping - Mapped "{[/v1/book/{id}],methods=[GET]}" onto public org.springframework.http.ResponseEntity<com.example.demo.domain.Book> com.example.demo.controller.BookController.getBook(java.lang.Long)
7860 [restartedMain] INFO  o.s.w.s.m.m.a.RequestMappingHandlerMapping - Mapped "{[/v1/add_category],methods=[POST]}" onto public org.springframework.http.ResponseEntity<com.example.demo.domain.BookCategory> com.example.demo.controller.CategoryController.addCategory(com.example.demo.domain.BookCategory)
7860 [restartedMain] INFO  o.s.w.s.m.m.a.RequestMappingHandlerMapping - Mapped "{[/v1/update_category],methods=[PUT]}" onto public org.springframework.http.ResponseEntity<java.lang.Void> com.example.demo.controller.CategoryController.updateCategory(com.example.demo.domain.BookCategory)
7863 [restartedMain] INFO  o.s.w.s.m.m.a.RequestMappingHandlerMapping - Mapped "{[/v1/role],methods=[GET]}" onto public org.springframework.http.ResponseEntity<com.example.demo.domain.Role> com.example.demo.controller.RoleController.getRole(java.lang.Long)
7864 [restartedMain] INFO  o.s.w.s.m.m.a.RequestMappingHandlerMapping - Mapped "{[/v1/add_role],methods=[POST]}" onto public org.springframework.http.ResponseEntity<com.example.demo.domain.Role> com.example.demo.controller.RoleController.addRole(com.example.demo.domain.Role)
7864 [restartedMain] INFO  o.s.w.s.m.m.a.RequestMappingHandlerMapping - Mapped "{[/v1/update_role],methods=[PUT]}" onto public org.springframework.http.ResponseEntity<java.lang.Void> com.example.demo.controller.RoleController.updateRole(com.example.demo.domain.Role)
7865 [restartedMain] INFO  o.s.w.s.m.m.a.RequestMappingHandlerMapping - Mapped "{[/v1/update_role],methods=[POST]}" onto public org.springframework.http.ResponseEntity<java.lang.Object> com.example.demo.controller.RoleController.changeStatus(java.util.Map<java.lang.String, java.lang.String>)
7865 [restartedMain] INFO  o.s.w.s.m.m.a.RequestMappingHandlerMapping - Mapped "{[/v1/roles],methods=[GET]}" onto public org.springframework.http.ResponseEntity<java.util.List<com.example.demo.domain.Role>> com.example.demo.controller.RoleController.getAllRoles()
7866 [restartedMain] INFO  o.s.w.s.m.m.a.RequestMappingHandlerMapping - Mapped "{[/v1/delete_role/{id}],methods=[DELETE]}" onto public org.springframework.http.ResponseEntity<java.lang.Void> com.example.demo.controller.RoleController.deleteRole(java.lang.Long)
7867 [restartedMain] INFO  o.s.w.s.m.m.a.RequestMappingHandlerMapping - Mapped "{[/v1/add_user],methods=[POST]}" onto public void com.example.demo.controller.UserController.addUser(com.example.demo.domain.User)
7867 [restartedMain] INFO  o.s.w.s.m.m.a.RequestMappingHandlerMapping - Mapped "{[/v1/get_all],methods=[GET]}" onto public org.springframework.http.ResponseEntity<java.util.List<com.example.demo.domain.User>> com.example.demo.controller.UserController.getUsers()
7868 [restartedMain] INFO  o.s.w.s.m.m.a.RequestMappingHandlerMapping - Mapped "{[/v1/delete_user/{id}],methods=[DELETE]}" onto public org.springframework.http.ResponseEntity<java.lang.Void> com.example.demo.controller.UserController.deleteUser(java.lang.Long)
7869 [restartedMain] INFO  o.s.w.s.m.m.a.RequestMappingHandlerMapping - Mapped "{[/v1/update_user],methods=[POST]}" onto public org.springframework.http.ResponseEntity<java.lang.Void> com.example.demo.controller.UserController.updateUser(com.example.demo.domain.User)
7870 [restartedMain] INFO  o.s.w.s.m.m.a.RequestMappingHandlerMapping - Mapped "{[/v1/user/{id}],methods=[GET]}" onto public org.springframework.http.ResponseEntity<com.example.demo.domain.User> com.example.demo.controller.UserController.getUser(java.lang.Long)
7871 [restartedMain] INFO  o.s.w.s.m.m.a.RequestMappingHandlerMapping - Mapped "{[/v1/add_profile],methods=[POST]}" onto public void com.example.demo.controller.UserProfileController.addActivity(com.example.demo.domain.UserProfile)
7871 [restartedMain] INFO  o.s.w.s.m.m.a.RequestMappingHandlerMapping - Mapped "{[/v1/profiles],methods=[GET]}" onto public org.springframework.http.ResponseEntity<java.util.List<com.example.demo.domain.UserProfile>> com.example.demo.controller.UserProfileController.getUserProfiles()
7871 [restartedMain] INFO  o.s.w.s.m.m.a.RequestMappingHandlerMapping - Mapped "{[/v1/delete_profile/{id}],methods=[DELETE]}" onto public org.springframework.http.ResponseEntity<java.lang.Void> com.example.demo.controller.UserProfileController.deleteUserProfile(java.lang.Long)
7872 [restartedMain] INFO  o.s.w.s.m.m.a.RequestMappingHandlerMapping - Mapped "{[/v1/update_profile],methods=[PUT]}" onto public org.springframework.http.ResponseEntity<java.lang.Void> com.example.demo.controller.UserProfileController.updateUserProfile(com.example.demo.domain.UserProfile)
7872 [restartedMain] INFO  o.s.w.s.m.m.a.RequestMappingHandlerMapping - Mapped "{[/v1/profile/{id}],methods=[GET]}" onto public org.springframework.http.ResponseEntity<com.example.demo.domain.UserProfile> com.example.demo.controller.UserProfileController.getUserProfile(java.lang.Long)
7873 [restartedMain] INFO  o.s.w.s.m.m.a.RequestMappingHandlerMapping - Mapped "{[/v2/api-docs],methods=[GET],produces=[application/json || application/hal+json]}" onto public org.springframework.http.ResponseEntity<springfox.documentation.spring.web.json.Json> springfox.documentation.swagger2.web.Swagger2Controller.getDocumentation(java.lang.String,javax.servlet.http.HttpServletRequest)
7877 [restartedMain] INFO  o.s.w.s.m.m.a.RequestMappingHandlerMapping - Mapped "{[/swagger-resources/configuration/security]}" onto org.springframework.http.ResponseEntity<springfox.documentation.swagger.web.SecurityConfiguration> springfox.documentation.swagger.web.ApiResourceController.securityConfiguration()
7878 [restartedMain] INFO  o.s.w.s.m.m.a.RequestMappingHandlerMapping - Mapped "{[/swagger-resources]}" onto org.springframework.http.ResponseEntity<java.util.List<springfox.documentation.swagger.web.SwaggerResource>> springfox.documentation.swagger.web.ApiResourceController.swaggerResources()
7879 [restartedMain] INFO  o.s.w.s.m.m.a.RequestMappingHandlerMapping - Mapped "{[/swagger-resources/configuration/ui]}" onto org.springframework.http.ResponseEntity<springfox.documentation.swagger.web.UiConfiguration> springfox.documentation.swagger.web.ApiResourceController.uiConfiguration()
7882 [restartedMain] INFO  o.s.w.s.m.m.a.RequestMappingHandlerMapping - Mapped "{[/error],produces=[text/html]}" onto public org.springframework.web.servlet.ModelAndView org.springframework.boot.autoconfigure.web.BasicErrorController.errorHtml(javax.servlet.http.HttpServletRequest,javax.servlet.http.HttpServletResponse)
7883 [restartedMain] INFO  o.s.w.s.m.m.a.RequestMappingHandlerMapping - Mapped "{[/error]}" onto public org.springframework.http.ResponseEntity<java.util.Map<java.lang.String, java.lang.Object>> org.springframework.boot.autoconfigure.web.BasicErrorController.error(javax.servlet.http.HttpServletRequest)
8249 [restartedMain] INFO  o.s.w.s.m.m.a.RequestMappingHandlerAdapter - Looking for @ControllerAdvice: org.springframework.boot.context.embedded.AnnotationConfigEmbeddedWebApplicationContext@d1e26d7: startup date [Tue Mar 06 18:03:13 IST 2018]; root of context hierarchy
8322 [restartedMain] INFO  o.s.w.s.h.SimpleUrlHandlerMapping - Mapped URL path [/webjars/**] onto handler of type [class org.springframework.web.servlet.resource.ResourceHttpRequestHandler]
8323 [restartedMain] INFO  o.s.w.s.h.SimpleUrlHandlerMapping - Mapped URL path [/**] onto handler of type [class org.springframework.web.servlet.resource.ResourceHttpRequestHandler]
8352 [restartedMain] INFO  o.s.w.s.m.m.a.ExceptionHandlerExceptionResolver - Detected @ExceptionHandler methods in exceptionHandlerControllerAdvice
8385 [restartedMain] INFO  o.s.w.s.h.SimpleUrlHandlerMapping - Mapped URL path [/**/favicon.ico] onto handler of type [class org.springframework.web.servlet.resource.ResourceHttpRequestHandler]
11318 [restartedMain] INFO  com.example.demo.Demo1Application - Started Demo1Application in 11.018 seconds (JVM running for 11.898)
17070 [http-nio-1119-exec-1] INFO  o.s.web.servlet.DispatcherServlet - FrameworkServlet 'dispatcherServlet': initialization started
17086 [http-nio-1119-exec-1] INFO  o.s.web.servlet.DispatcherServlet - FrameworkServlet 'dispatcherServlet': initialization completed in 15 ms
152923 [http-nio-1119-exec-8] ERROR o.a.c.c.C.[.[.[.[dispatcherServlet] - Servlet.service() for servlet [dispatcherServlet] in context with path [/api-accounts] threw exception [Request processing failed; nested exception is org.springframework.dao.InvalidDataAccessApiUsageException: org.hibernate.TransientObjectException: object references an unsaved transient instance - save the transient instance before flushing: com.example.demo.domain.User; nested exception is java.lang.IllegalStateException: org.hibernate.TransientObjectException: object references an unsaved transient instance - save the transient instance before flushing: com.example.demo.domain.User] with root cause
org.hibernate.TransientObjectException: object references an unsaved transient instance - save the transient instance before flushing: com.example.demo.domain.User
	at org.hibernate.engine.internal.ForeignKeys.getEntityIdentifierIfNotUnsaved(ForeignKeys.java:279)
	at org.hibernate.type.EntityType.getIdentifier(EntityType.java:462)
	at org.hibernate.type.EntityType.getIdentifier(EntityType.java:479)
	at org.hibernate.type.EntityType.replace(EntityType.java:321)
	at org.hibernate.type.TypeHelper.replace(TypeHelper.java:177)
	at org.hibernate.event.internal.DefaultMergeEventListener.copyValues(DefaultMergeEventListener.java:401)
	at org.hibernate.event.internal.DefaultMergeEventListener.entityIsDetached(DefaultMergeEventListener.java:328)
	at org.hibernate.event.internal.DefaultMergeEventListener.onMerge(DefaultMergeEventListener.java:170)
	at org.hibernate.event.internal.DefaultMergeEventListener.onMerge(DefaultMergeEventListener.java:69)
	at org.hibernate.internal.SessionImpl.fireMerge(SessionImpl.java:840)
	at org.hibernate.internal.SessionImpl.merge(SessionImpl.java:822)
	at org.hibernate.internal.SessionImpl.merge(SessionImpl.java:827)
	at org.hibernate.jpa.spi.AbstractEntityManagerImpl.merge(AbstractEntityManagerImpl.java:1161)
	at sun.reflect.NativeMethodAccessorImpl.invoke0(Native Method)
	at sun.reflect.NativeMethodAccessorImpl.invoke(NativeMethodAccessorImpl.java:62)
	at sun.reflect.DelegatingMethodAccessorImpl.invoke(DelegatingMethodAccessorImpl.java:43)
	at java.lang.reflect.Method.invoke(Method.java:498)
	at org.springframework.orm.jpa.ExtendedEntityManagerCreator$ExtendedEntityManagerInvocationHandler.invoke(ExtendedEntityManagerCreator.java:347)
	at com.sun.proxy.$Proxy96.merge(Unknown Source)
	at sun.reflect.NativeMethodAccessorImpl.invoke0(Native Method)
	at sun.reflect.NativeMethodAccessorImpl.invoke(NativeMethodAccessorImpl.java:62)
	at sun.reflect.DelegatingMethodAccessorImpl.invoke(DelegatingMethodAccessorImpl.java:43)
	at java.lang.reflect.Method.invoke(Method.java:498)
	at org.springframework.orm.jpa.SharedEntityManagerCreator$SharedEntityManagerInvocationHandler.invoke(SharedEntityManagerCreator.java:298)
	at com.sun.proxy.$Proxy96.merge(Unknown Source)
	at org.springframework.data.jpa.repository.support.SimpleJpaRepository.save(SimpleJpaRepository.java:511)
	at sun.reflect.NativeMethodAccessorImpl.invoke0(Native Method)
	at sun.reflect.NativeMethodAccessorImpl.invoke(NativeMethodAccessorImpl.java:62)
	at sun.reflect.DelegatingMethodAccessorImpl.invoke(DelegatingMethodAccessorImpl.java:43)
	at java.lang.reflect.Method.invoke(Method.java:498)
	at org.springframework.data.repository.core.support.RepositoryFactorySupport$QueryExecutorMethodInterceptor.executeMethodOn(RepositoryFactorySupport.java:513)
	at org.springframework.data.repository.core.support.RepositoryFactorySupport$QueryExecutorMethodInterceptor.doInvoke(RepositoryFactorySupport.java:498)
	at org.springframework.data.repository.core.support.RepositoryFactorySupport$QueryExecutorMethodInterceptor.invoke(RepositoryFactorySupport.java:475)
	at org.springframework.aop.framework.ReflectiveMethodInvocation.proceed(ReflectiveMethodInvocation.java:179)
	at org.springframework.data.projection.DefaultMethodInvokingMethodInterceptor.invoke(DefaultMethodInvokingMethodInterceptor.java:56)
	at org.springframework.aop.framework.ReflectiveMethodInvocation.proceed(ReflectiveMethodInvocation.java:179)
	at org.springframework.transaction.interceptor.TransactionInterceptor$1.proceedWithInvocation(TransactionInterceptor.java:99)
	at org.springframework.transaction.interceptor.TransactionAspectSupport.invokeWithinTransaction(TransactionAspectSupport.java:282)
	at org.springframework.transaction.interceptor.TransactionInterceptor.invoke(TransactionInterceptor.java:96)
	at org.springframework.aop.framework.ReflectiveMethodInvocation.proceed(ReflectiveMethodInvocation.java:179)
	at org.springframework.dao.support.PersistenceExceptionTranslationInterceptor.invoke(PersistenceExceptionTranslationInterceptor.java:136)
	at org.springframework.aop.framework.ReflectiveMethodInvocation.proceed(ReflectiveMethodInvocation.java:179)
	at org.springframework.data.jpa.repository.support.CrudMethodMetadataPostProcessor$CrudMethodMetadataPopulatingMethodInterceptor.invoke(CrudMethodMetadataPostProcessor.java:133)
	at org.springframework.aop.framework.ReflectiveMethodInvocation.proceed(ReflectiveMethodInvocation.java:179)
	at org.springframework.aop.interceptor.ExposeInvocationInterceptor.invoke(ExposeInvocationInterceptor.java:92)
	at org.springframework.aop.framework.ReflectiveMethodInvocation.proceed(ReflectiveMethodInvocation.java:179)
	at org.springframework.data.repository.core.support.SurroundingTransactionDetectorMethodInterceptor.invoke(SurroundingTransactionDetectorMethodInterceptor.java:57)
	at org.springframework.aop.framework.ReflectiveMethodInvocation.proceed(ReflectiveMethodInvocation.java:179)
	at org.springframework.aop.framework.JdkDynamicAopProxy.invoke(JdkDynamicAopProxy.java:213)
	at com.sun.proxy.$Proxy106.save(Unknown Source)
	at com.example.demo.service.UserService.addUser(UserService.java:21)
	at com.example.demo.controller.UserController.addUser(UserController.java:33)
	at sun.reflect.NativeMethodAccessorImpl.invoke0(Native Method)
	at sun.reflect.NativeMethodAccessorImpl.invoke(NativeMethodAccessorImpl.java:62)
	at sun.reflect.DelegatingMethodAccessorImpl.invoke(DelegatingMethodAccessorImpl.java:43)
	at java.lang.reflect.Method.invoke(Method.java:498)
	at org.springframework.web.method.support.InvocableHandlerMethod.doInvoke(InvocableHandlerMethod.java:205)
	at org.springframework.web.method.support.InvocableHandlerMethod.invokeForRequest(InvocableHandlerMethod.java:133)
	at org.springframework.web.servlet.mvc.method.annotation.ServletInvocableHandlerMethod.invokeAndHandle(ServletInvocableHandlerMethod.java:97)
	at org.springframework.web.servlet.mvc.method.annotation.RequestMappingHandlerAdapter.invokeHandlerMethod(RequestMappingHandlerAdapter.java:827)
	at org.springframework.web.servlet.mvc.method.annotation.RequestMappingHandlerAdapter.handleInternal(RequestMappingHandlerAdapter.java:738)
	at org.springframework.web.servlet.mvc.method.AbstractHandlerMethodAdapter.handle(AbstractHandlerMethodAdapter.java:85)
	at org.springframework.web.servlet.DispatcherServlet.doDispatch(DispatcherServlet.java:967)
	at org.springframework.web.servlet.DispatcherServlet.doService(DispatcherServlet.java:901)
	at org.springframework.web.servlet.FrameworkServlet.processRequest(FrameworkServlet.java:970)
	at org.springframework.web.servlet.FrameworkServlet.doPost(FrameworkServlet.java:872)
	at javax.servlet.http.HttpServlet.service(HttpServlet.java:661)
	at org.springframework.web.servlet.FrameworkServlet.service(FrameworkServlet.java:846)
	at javax.servlet.http.HttpServlet.service(HttpServlet.java:742)
	at org.apache.catalina.core.ApplicationFilterChain.internalDoFilter(ApplicationFilterChain.java:231)
	at org.apache.catalina.core.ApplicationFilterChain.doFilter(ApplicationFilterChain.java:166)
	at org.apache.tomcat.websocket.server.WsFilter.doFilter(WsFilter.java:52)
	at org.apache.catalina.core.ApplicationFilterChain.internalDoFilter(ApplicationFilterChain.java:193)
	at org.apache.catalina.core.ApplicationFilterChain.doFilter(ApplicationFilterChain.java:166)
	at org.springframework.web.filter.RequestContextFilter.doFilterInternal(RequestContextFilter.java:99)
	at org.springframework.web.filter.OncePerRequestFilter.doFilter(OncePerRequestFilter.java:107)
	at org.apache.catalina.core.ApplicationFilterChain.internalDoFilter(ApplicationFilterChain.java:193)
	at org.apache.catalina.core.ApplicationFilterChain.doFilter(ApplicationFilterChain.java:166)
	at org.springframework.web.filter.HttpPutFormContentFilter.doFilterInternal(HttpPutFormContentFilter.java:108)
	at org.springframework.web.filter.OncePerRequestFilter.doFilter(OncePerRequestFilter.java:107)
	at org.apache.catalina.core.ApplicationFilterChain.internalDoFilter(ApplicationFilterChain.java:193)
	at org.apache.catalina.core.ApplicationFilterChain.doFilter(ApplicationFilterChain.java:166)
	at org.springframework.web.filter.HiddenHttpMethodFilter.doFilterInternal(HiddenHttpMethodFilter.java:81)
	at org.springframework.web.filter.OncePerRequestFilter.doFilter(OncePerRequestFilter.java:107)
	at org.apache.catalina.core.ApplicationFilterChain.internalDoFilter(ApplicationFilterChain.java:193)
	at org.apache.catalina.core.ApplicationFilterChain.doFilter(ApplicationFilterChain.java:166)
	at org.springframework.web.filter.CharacterEncodingFilter.doFilterInternal(CharacterEncodingFilter.java:197)
	at org.springframework.web.filter.OncePerRequestFilter.doFilter(OncePerRequestFilter.java:107)
	at org.apache.catalina.core.ApplicationFilterChain.internalDoFilter(ApplicationFilterChain.java:193)
	at org.apache.catalina.core.ApplicationFilterChain.doFilter(ApplicationFilterChain.java:166)
	at org.apache.catalina.core.StandardWrapperValve.invoke(StandardWrapperValve.java:199)
	at org.apache.catalina.core.StandardContextValve.invoke(StandardContextValve.java:96)
	at org.apache.catalina.authenticator.AuthenticatorBase.invoke(AuthenticatorBase.java:504)
	at org.apache.catalina.core.StandardHostValve.invoke(StandardHostValve.java:140)
	at org.apache.catalina.valves.ErrorReportValve.invoke(ErrorReportValve.java:81)
	at org.apache.catalina.core.StandardEngineValve.invoke(StandardEngineValve.java:87)
	at org.apache.catalina.connector.CoyoteAdapter.service(CoyoteAdapter.java:342)
	at org.apache.coyote.http11.Http11Processor.service(Http11Processor.java:803)
	at org.apache.coyote.AbstractProcessorLight.process(AbstractProcessorLight.java:66)
	at org.apache.coyote.AbstractProtocol$ConnectionHandler.process(AbstractProtocol.java:790)
	at org.apache.tomcat.util.net.NioEndpoint$SocketProcessor.doRun(NioEndpoint.java:1459)
	at org.apache.tomcat.util.net.SocketProcessorBase.run(SocketProcessorBase.java:49)
	at java.util.concurrent.ThreadPoolExecutor.runWorker(ThreadPoolExecutor.java:1149)
	at java.util.concurrent.ThreadPoolExecutor$Worker.run(ThreadPoolExecutor.java:624)
	at org.apache.tomcat.util.threads.TaskThread$WrappingRunnable.run(TaskThread.java:61)
	at java.lang.Thread.run(Thread.java:748)
591  [restartedMain] INFO  com.example.demo.Demo1Application - Starting Demo1Application on dharmendra with PID 18566 (/home/dharmendra/Documents/workspace-sts-3.9.2.RELEASE/demo-1/target/classes started by dharmendra in /home/dharmendra/Documents/workspace-sts-3.9.2.RELEASE/demo-1)
593  [restartedMain] DEBUG com.example.demo.Demo1Application - Running with Spring Boot v1.5.10.RELEASE, Spring v4.3.14.RELEASE
594  [restartedMain] INFO  com.example.demo.Demo1Application - No active profile set, falling back to default profiles: default
2592 [localhost-startStop-1] INFO  o.s.web.context.ContextLoader - Root WebApplicationContext: initialization completed in 1946 ms
4768 [restartedMain] INFO  o.s.w.s.m.m.a.RequestMappingHandlerMapping - Mapped "{[/v1/assign_activities],methods=[PUT]}" onto public org.springframework.http.ResponseEntity<java.lang.Object> com.example.demo.controller.ActivityController.assignActivities(com.example.demo.dto.RoleActivityDTO)
4769 [restartedMain] INFO  o.s.w.s.m.m.a.RequestMappingHandlerMapping - Mapped "{[/v1/add_activity],methods=[POST]}" onto public void com.example.demo.controller.ActivityController.addActivity(com.example.demo.domain.Activity)
4770 [restartedMain] INFO  o.s.w.s.m.m.a.RequestMappingHandlerMapping - Mapped "{[/v1/activities],methods=[GET]}" onto public org.springframework.http.ResponseEntity<java.util.List<com.example.demo.domain.Activity>> com.example.demo.controller.ActivityController.getActivities()
4770 [restartedMain] INFO  o.s.w.s.m.m.a.RequestMappingHandlerMapping - Mapped "{[/v1/delete_activity/{id}],methods=[DELETE]}" onto public org.springframework.http.ResponseEntity<java.lang.Void> com.example.demo.controller.ActivityController.deleteActivity(java.lang.Long)
4771 [restartedMain] INFO  o.s.w.s.m.m.a.RequestMappingHandlerMapping - Mapped "{[/v1/update_activity],methods=[PUT]}" onto public org.springframework.http.ResponseEntity<java.lang.Void> com.example.demo.controller.ActivityController.updateActivity(com.example.demo.domain.Activity)
4772 [restartedMain] INFO  o.s.w.s.m.m.a.RequestMappingHandlerMapping - Mapped "{[/v1/add_book],methods=[POST]}" onto public org.springframework.http.ResponseEntity<com.example.demo.domain.Book> com.example.demo.controller.BookController.addBook(com.example.demo.domain.Book)
4773 [restartedMain] INFO  o.s.w.s.m.m.a.RequestMappingHandlerMapping - Mapped "{[/v1/all_books],methods=[GET]}" onto public org.springframework.http.ResponseEntity<java.util.List<com.example.demo.domain.Book>> com.example.demo.controller.BookController.getBooks()
4773 [restartedMain] INFO  o.s.w.s.m.m.a.RequestMappingHandlerMapping - Mapped "{[/v1/delete_book/{id}],methods=[DELETE]}" onto public org.springframework.http.ResponseEntity<java.lang.Void> com.example.demo.controller.BookController.deleteBook(java.lang.Long)
4774 [restartedMain] INFO  o.s.w.s.m.m.a.RequestMappingHandlerMapping - Mapped "{[/v1/update_book],methods=[PUT]}" onto public org.springframework.http.ResponseEntity<java.lang.Void> com.example.demo.controller.BookController.updateBook(com.example.demo.domain.Book)
4774 [restartedMain] INFO  o.s.w.s.m.m.a.RequestMappingHandlerMapping - Mapped "{[/v1/book/{id}],methods=[GET]}" onto public org.springframework.http.ResponseEntity<com.example.demo.domain.Book> com.example.demo.controller.BookController.getBook(java.lang.Long)
4775 [restartedMain] INFO  o.s.w.s.m.m.a.RequestMappingHandlerMapping - Mapped "{[/v1/add_category],methods=[POST]}" onto public org.springframework.http.ResponseEntity<com.example.demo.domain.BookCategory> com.example.demo.controller.CategoryController.addCategory(com.example.demo.domain.BookCategory)
4775 [restartedMain] INFO  o.s.w.s.m.m.a.RequestMappingHandlerMapping - Mapped "{[/v1/update_category],methods=[PUT]}" onto public org.springframework.http.ResponseEntity<java.lang.Void> com.example.demo.controller.CategoryController.updateCategory(com.example.demo.domain.BookCategory)
4778 [restartedMain] INFO  o.s.w.s.m.m.a.RequestMappingHandlerMapping - Mapped "{[/v1/role],methods=[GET]}" onto public org.springframework.http.ResponseEntity<com.example.demo.domain.Role> com.example.demo.controller.RoleController.getRole(java.lang.Long)
4779 [restartedMain] INFO  o.s.w.s.m.m.a.RequestMappingHandlerMapping - Mapped "{[/v1/add_role],methods=[POST]}" onto public org.springframework.http.ResponseEntity<com.example.demo.domain.Role> com.example.demo.controller.RoleController.addRole(com.example.demo.domain.Role)
4779 [restartedMain] INFO  o.s.w.s.m.m.a.RequestMappingHandlerMapping - Mapped "{[/v1/update_role],methods=[PUT]}" onto public org.springframework.http.ResponseEntity<java.lang.Void> com.example.demo.controller.RoleController.updateRole(com.example.demo.domain.Role)
4780 [restartedMain] INFO  o.s.w.s.m.m.a.RequestMappingHandlerMapping - Mapped "{[/v1/update_role],methods=[POST]}" onto public org.springframework.http.ResponseEntity<java.lang.Object> com.example.demo.controller.RoleController.changeStatus(java.util.Map<java.lang.String, java.lang.String>)
4780 [restartedMain] INFO  o.s.w.s.m.m.a.RequestMappingHandlerMapping - Mapped "{[/v1/roles],methods=[GET]}" onto public org.springframework.http.ResponseEntity<java.util.List<com.example.demo.domain.Role>> com.example.demo.controller.RoleController.getAllRoles()
4781 [restartedMain] INFO  o.s.w.s.m.m.a.RequestMappingHandlerMapping - Mapped "{[/v1/delete_role/{id}],methods=[DELETE]}" onto public org.springframework.http.ResponseEntity<java.lang.Void> com.example.demo.controller.RoleController.deleteRole(java.lang.Long)
4781 [restartedMain] INFO  o.s.w.s.m.m.a.RequestMappingHandlerMapping - Mapped "{[/v1/add_user],methods=[POST]}" onto public void com.example.demo.controller.UserController.addUser(com.example.demo.domain.User)
4782 [restartedMain] INFO  o.s.w.s.m.m.a.RequestMappingHandlerMapping - Mapped "{[/v1/get_all],methods=[GET]}" onto public org.springframework.http.ResponseEntity<java.util.List<com.example.demo.domain.User>> com.example.demo.controller.UserController.getUsers()
4783 [restartedMain] INFO  o.s.w.s.m.m.a.RequestMappingHandlerMapping - Mapped "{[/v1/delete_user/{id}],methods=[DELETE]}" onto public org.springframework.http.ResponseEntity<java.lang.Void> com.example.demo.controller.UserController.deleteUser(java.lang.Long)
4783 [restartedMain] INFO  o.s.w.s.m.m.a.RequestMappingHandlerMapping - Mapped "{[/v1/update_user],methods=[POST]}" onto public org.springframework.http.ResponseEntity<java.lang.Void> com.example.demo.controller.UserController.updateUser(com.example.demo.domain.User)
4784 [restartedMain] INFO  o.s.w.s.m.m.a.RequestMappingHandlerMapping - Mapped "{[/v1/user/{id}],methods=[GET]}" onto public org.springframework.http.ResponseEntity<com.example.demo.domain.User> com.example.demo.controller.UserController.getUser(java.lang.Long)
4784 [restartedMain] INFO  o.s.w.s.m.m.a.RequestMappingHandlerMapping - Mapped "{[/v1/add_profile],methods=[POST]}" onto public void com.example.demo.controller.UserProfileController.addActivity(com.example.demo.domain.UserProfile)
4787 [restartedMain] INFO  o.s.w.s.m.m.a.RequestMappingHandlerMapping - Mapped "{[/v1/profiles],methods=[GET]}" onto public org.springframework.http.ResponseEntity<java.util.List<com.example.demo.domain.UserProfile>> com.example.demo.controller.UserProfileController.getUserProfiles()
4788 [restartedMain] INFO  o.s.w.s.m.m.a.RequestMappingHandlerMapping - Mapped "{[/v1/delete_profile/{id}],methods=[DELETE]}" onto public org.springframework.http.ResponseEntity<java.lang.Void> com.example.demo.controller.UserProfileController.deleteUserProfile(java.lang.Long)
4789 [restartedMain] INFO  o.s.w.s.m.m.a.RequestMappingHandlerMapping - Mapped "{[/v1/update_profile],methods=[PUT]}" onto public org.springframework.http.ResponseEntity<java.lang.Void> com.example.demo.controller.UserProfileController.updateUserProfile(com.example.demo.domain.UserProfile)
4790 [restartedMain] INFO  o.s.w.s.m.m.a.RequestMappingHandlerMapping - Mapped "{[/v1/profile/{id}],methods=[GET]}" onto public org.springframework.http.ResponseEntity<com.example.demo.domain.UserProfile> com.example.demo.controller.UserProfileController.getUserProfile(java.lang.Long)
4791 [restartedMain] INFO  o.s.w.s.m.m.a.RequestMappingHandlerMapping - Mapped "{[/v2/api-docs],methods=[GET],produces=[application/json || application/hal+json]}" onto public org.springframework.http.ResponseEntity<springfox.documentation.spring.web.json.Json> springfox.documentation.swagger2.web.Swagger2Controller.getDocumentation(java.lang.String,javax.servlet.http.HttpServletRequest)
4795 [restartedMain] INFO  o.s.w.s.m.m.a.RequestMappingHandlerMapping - Mapped "{[/swagger-resources/configuration/security]}" onto org.springframework.http.ResponseEntity<springfox.documentation.swagger.web.SecurityConfiguration> springfox.documentation.swagger.web.ApiResourceController.securityConfiguration()
4797 [restartedMain] INFO  o.s.w.s.m.m.a.RequestMappingHandlerMapping - Mapped "{[/swagger-resources]}" onto org.springframework.http.ResponseEntity<java.util.List<springfox.documentation.swagger.web.SwaggerResource>> springfox.documentation.swagger.web.ApiResourceController.swaggerResources()
4798 [restartedMain] INFO  o.s.w.s.m.m.a.RequestMappingHandlerMapping - Mapped "{[/swagger-resources/configuration/ui]}" onto org.springframework.http.ResponseEntity<springfox.documentation.swagger.web.UiConfiguration> springfox.documentation.swagger.web.ApiResourceController.uiConfiguration()
4802 [restartedMain] INFO  o.s.w.s.m.m.a.RequestMappingHandlerMapping - Mapped "{[/error],produces=[text/html]}" onto public org.springframework.web.servlet.ModelAndView org.springframework.boot.autoconfigure.web.BasicErrorController.errorHtml(javax.servlet.http.HttpServletRequest,javax.servlet.http.HttpServletResponse)
4802 [restartedMain] INFO  o.s.w.s.m.m.a.RequestMappingHandlerMapping - Mapped "{[/error]}" onto public org.springframework.http.ResponseEntity<java.util.Map<java.lang.String, java.lang.Object>> org.springframework.boot.autoconfigure.web.BasicErrorController.error(javax.servlet.http.HttpServletRequest)
5107 [restartedMain] INFO  o.s.w.s.m.m.a.RequestMappingHandlerAdapter - Looking for @ControllerAdvice: org.springframework.boot.context.embedded.AnnotationConfigEmbeddedWebApplicationContext@36f9ad7e: startup date [Tue Mar 06 18:10:51 IST 2018]; root of context hierarchy
5167 [restartedMain] INFO  o.s.w.s.h.SimpleUrlHandlerMapping - Mapped URL path [/webjars/**] onto handler of type [class org.springframework.web.servlet.resource.ResourceHttpRequestHandler]
5168 [restartedMain] INFO  o.s.w.s.h.SimpleUrlHandlerMapping - Mapped URL path [/**] onto handler of type [class org.springframework.web.servlet.resource.ResourceHttpRequestHandler]
5187 [restartedMain] INFO  o.s.w.s.m.m.a.ExceptionHandlerExceptionResolver - Detected @ExceptionHandler methods in exceptionHandlerControllerAdvice
5210 [restartedMain] INFO  o.s.w.s.h.SimpleUrlHandlerMapping - Mapped URL path [/**/favicon.ico] onto handler of type [class org.springframework.web.servlet.resource.ResourceHttpRequestHandler]
7600 [restartedMain] INFO  com.example.demo.Demo1Application - Started Demo1Application in 7.343 seconds (JVM running for 8.129)
20717 [http-nio-1119-exec-1] INFO  o.s.web.servlet.DispatcherServlet - FrameworkServlet 'dispatcherServlet': initialization started
20731 [http-nio-1119-exec-1] INFO  o.s.web.servlet.DispatcherServlet - FrameworkServlet 'dispatcherServlet': initialization completed in 14 ms
20861 [http-nio-1119-exec-1] ERROR o.a.c.c.C.[.[.[.[dispatcherServlet] - Servlet.service() for servlet [dispatcherServlet] in context with path [/api-accounts] threw exception [Request processing failed; nested exception is org.springframework.dao.InvalidDataAccessApiUsageException: org.hibernate.TransientObjectException: object references an unsaved transient instance - save the transient instance before flushing: com.example.demo.domain.User; nested exception is java.lang.IllegalStateException: org.hibernate.TransientObjectException: object references an unsaved transient instance - save the transient instance before flushing: com.example.demo.domain.User] with root cause
org.hibernate.TransientObjectException: object references an unsaved transient instance - save the transient instance before flushing: com.example.demo.domain.User
	at org.hibernate.engine.internal.ForeignKeys.getEntityIdentifierIfNotUnsaved(ForeignKeys.java:279)
	at org.hibernate.type.EntityType.getIdentifier(EntityType.java:462)
	at org.hibernate.type.EntityType.getIdentifier(EntityType.java:479)
	at org.hibernate.type.EntityType.replace(EntityType.java:321)
	at org.hibernate.type.TypeHelper.replace(TypeHelper.java:177)
	at org.hibernate.event.internal.DefaultMergeEventListener.copyValues(DefaultMergeEventListener.java:401)
	at org.hibernate.event.internal.DefaultMergeEventListener.entityIsDetached(DefaultMergeEventListener.java:328)
	at org.hibernate.event.internal.DefaultMergeEventListener.onMerge(DefaultMergeEventListener.java:170)
	at org.hibernate.event.internal.DefaultMergeEventListener.onMerge(DefaultMergeEventListener.java:69)
	at org.hibernate.internal.SessionImpl.fireMerge(SessionImpl.java:840)
	at org.hibernate.internal.SessionImpl.merge(SessionImpl.java:822)
	at org.hibernate.internal.SessionImpl.merge(SessionImpl.java:827)
	at org.hibernate.jpa.spi.AbstractEntityManagerImpl.merge(AbstractEntityManagerImpl.java:1161)
	at sun.reflect.NativeMethodAccessorImpl.invoke0(Native Method)
	at sun.reflect.NativeMethodAccessorImpl.invoke(NativeMethodAccessorImpl.java:62)
	at sun.reflect.DelegatingMethodAccessorImpl.invoke(DelegatingMethodAccessorImpl.java:43)
	at java.lang.reflect.Method.invoke(Method.java:498)
	at org.springframework.orm.jpa.ExtendedEntityManagerCreator$ExtendedEntityManagerInvocationHandler.invoke(ExtendedEntityManagerCreator.java:347)
	at com.sun.proxy.$Proxy96.merge(Unknown Source)
	at sun.reflect.NativeMethodAccessorImpl.invoke0(Native Method)
	at sun.reflect.NativeMethodAccessorImpl.invoke(NativeMethodAccessorImpl.java:62)
	at sun.reflect.DelegatingMethodAccessorImpl.invoke(DelegatingMethodAccessorImpl.java:43)
	at java.lang.reflect.Method.invoke(Method.java:498)
	at org.springframework.orm.jpa.SharedEntityManagerCreator$SharedEntityManagerInvocationHandler.invoke(SharedEntityManagerCreator.java:298)
	at com.sun.proxy.$Proxy96.merge(Unknown Source)
	at org.springframework.data.jpa.repository.support.SimpleJpaRepository.save(SimpleJpaRepository.java:511)
	at sun.reflect.NativeMethodAccessorImpl.invoke0(Native Method)
	at sun.reflect.NativeMethodAccessorImpl.invoke(NativeMethodAccessorImpl.java:62)
	at sun.reflect.DelegatingMethodAccessorImpl.invoke(DelegatingMethodAccessorImpl.java:43)
	at java.lang.reflect.Method.invoke(Method.java:498)
	at org.springframework.data.repository.core.support.RepositoryFactorySupport$QueryExecutorMethodInterceptor.executeMethodOn(RepositoryFactorySupport.java:513)
	at org.springframework.data.repository.core.support.RepositoryFactorySupport$QueryExecutorMethodInterceptor.doInvoke(RepositoryFactorySupport.java:498)
	at org.springframework.data.repository.core.support.RepositoryFactorySupport$QueryExecutorMethodInterceptor.invoke(RepositoryFactorySupport.java:475)
	at org.springframework.aop.framework.ReflectiveMethodInvocation.proceed(ReflectiveMethodInvocation.java:179)
	at org.springframework.data.projection.DefaultMethodInvokingMethodInterceptor.invoke(DefaultMethodInvokingMethodInterceptor.java:56)
	at org.springframework.aop.framework.ReflectiveMethodInvocation.proceed(ReflectiveMethodInvocation.java:179)
	at org.springframework.transaction.interceptor.TransactionInterceptor$1.proceedWithInvocation(TransactionInterceptor.java:99)
	at org.springframework.transaction.interceptor.TransactionAspectSupport.invokeWithinTransaction(TransactionAspectSupport.java:282)
	at org.springframework.transaction.interceptor.TransactionInterceptor.invoke(TransactionInterceptor.java:96)
	at org.springframework.aop.framework.ReflectiveMethodInvocation.proceed(ReflectiveMethodInvocation.java:179)
	at org.springframework.dao.support.PersistenceExceptionTranslationInterceptor.invoke(PersistenceExceptionTranslationInterceptor.java:136)
	at org.springframework.aop.framework.ReflectiveMethodInvocation.proceed(ReflectiveMethodInvocation.java:179)
	at org.springframework.data.jpa.repository.support.CrudMethodMetadataPostProcessor$CrudMethodMetadataPopulatingMethodInterceptor.invoke(CrudMethodMetadataPostProcessor.java:133)
	at org.springframework.aop.framework.ReflectiveMethodInvocation.proceed(ReflectiveMethodInvocation.java:179)
	at org.springframework.aop.interceptor.ExposeInvocationInterceptor.invoke(ExposeInvocationInterceptor.java:92)
	at org.springframework.aop.framework.ReflectiveMethodInvocation.proceed(ReflectiveMethodInvocation.java:179)
	at org.springframework.data.repository.core.support.SurroundingTransactionDetectorMethodInterceptor.invoke(SurroundingTransactionDetectorMethodInterceptor.java:57)
	at org.springframework.aop.framework.ReflectiveMethodInvocation.proceed(ReflectiveMethodInvocation.java:179)
	at org.springframework.aop.framework.JdkDynamicAopProxy.invoke(JdkDynamicAopProxy.java:213)
	at com.sun.proxy.$Proxy106.save(Unknown Source)
	at com.example.demo.service.UserService.addUser(UserService.java:21)
	at com.example.demo.controller.UserController.addUser(UserController.java:33)
	at sun.reflect.NativeMethodAccessorImpl.invoke0(Native Method)
	at sun.reflect.NativeMethodAccessorImpl.invoke(NativeMethodAccessorImpl.java:62)
	at sun.reflect.DelegatingMethodAccessorImpl.invoke(DelegatingMethodAccessorImpl.java:43)
	at java.lang.reflect.Method.invoke(Method.java:498)
	at org.springframework.web.method.support.InvocableHandlerMethod.doInvoke(InvocableHandlerMethod.java:205)
	at org.springframework.web.method.support.InvocableHandlerMethod.invokeForRequest(InvocableHandlerMethod.java:133)
	at org.springframework.web.servlet.mvc.method.annotation.ServletInvocableHandlerMethod.invokeAndHandle(ServletInvocableHandlerMethod.java:97)
	at org.springframework.web.servlet.mvc.method.annotation.RequestMappingHandlerAdapter.invokeHandlerMethod(RequestMappingHandlerAdapter.java:827)
	at org.springframework.web.servlet.mvc.method.annotation.RequestMappingHandlerAdapter.handleInternal(RequestMappingHandlerAdapter.java:738)
	at org.springframework.web.servlet.mvc.method.AbstractHandlerMethodAdapter.handle(AbstractHandlerMethodAdapter.java:85)
	at org.springframework.web.servlet.DispatcherServlet.doDispatch(DispatcherServlet.java:967)
	at org.springframework.web.servlet.DispatcherServlet.doService(DispatcherServlet.java:901)
	at org.springframework.web.servlet.FrameworkServlet.processRequest(FrameworkServlet.java:970)
	at org.springframework.web.servlet.FrameworkServlet.doPost(FrameworkServlet.java:872)
	at javax.servlet.http.HttpServlet.service(HttpServlet.java:661)
	at org.springframework.web.servlet.FrameworkServlet.service(FrameworkServlet.java:846)
	at javax.servlet.http.HttpServlet.service(HttpServlet.java:742)
	at org.apache.catalina.core.ApplicationFilterChain.internalDoFilter(ApplicationFilterChain.java:231)
	at org.apache.catalina.core.ApplicationFilterChain.doFilter(ApplicationFilterChain.java:166)
	at org.apache.tomcat.websocket.server.WsFilter.doFilter(WsFilter.java:52)
	at org.apache.catalina.core.ApplicationFilterChain.internalDoFilter(ApplicationFilterChain.java:193)
	at org.apache.catalina.core.ApplicationFilterChain.doFilter(ApplicationFilterChain.java:166)
	at org.springframework.web.filter.RequestContextFilter.doFilterInternal(RequestContextFilter.java:99)
	at org.springframework.web.filter.OncePerRequestFilter.doFilter(OncePerRequestFilter.java:107)
	at org.apache.catalina.core.ApplicationFilterChain.internalDoFilter(ApplicationFilterChain.java:193)
	at org.apache.catalina.core.ApplicationFilterChain.doFilter(ApplicationFilterChain.java:166)
	at org.springframework.web.filter.HttpPutFormContentFilter.doFilterInternal(HttpPutFormContentFilter.java:108)
	at org.springframework.web.filter.OncePerRequestFilter.doFilter(OncePerRequestFilter.java:107)
	at org.apache.catalina.core.ApplicationFilterChain.internalDoFilter(ApplicationFilterChain.java:193)
	at org.apache.catalina.core.ApplicationFilterChain.doFilter(ApplicationFilterChain.java:166)
	at org.springframework.web.filter.HiddenHttpMethodFilter.doFilterInternal(HiddenHttpMethodFilter.java:81)
	at org.springframework.web.filter.OncePerRequestFilter.doFilter(OncePerRequestFilter.java:107)
	at org.apache.catalina.core.ApplicationFilterChain.internalDoFilter(ApplicationFilterChain.java:193)
	at org.apache.catalina.core.ApplicationFilterChain.doFilter(ApplicationFilterChain.java:166)
	at org.springframework.web.filter.CharacterEncodingFilter.doFilterInternal(CharacterEncodingFilter.java:197)
	at org.springframework.web.filter.OncePerRequestFilter.doFilter(OncePerRequestFilter.java:107)
	at org.apache.catalina.core.ApplicationFilterChain.internalDoFilter(ApplicationFilterChain.java:193)
	at org.apache.catalina.core.ApplicationFilterChain.doFilter(ApplicationFilterChain.java:166)
	at org.apache.catalina.core.StandardWrapperValve.invoke(StandardWrapperValve.java:199)
	at org.apache.catalina.core.StandardContextValve.invoke(StandardContextValve.java:96)
	at org.apache.catalina.authenticator.AuthenticatorBase.invoke(AuthenticatorBase.java:504)
	at org.apache.catalina.core.StandardHostValve.invoke(StandardHostValve.java:140)
	at org.apache.catalina.valves.ErrorReportValve.invoke(ErrorReportValve.java:81)
	at org.apache.catalina.core.StandardEngineValve.invoke(StandardEngineValve.java:87)
	at org.apache.catalina.connector.CoyoteAdapter.service(CoyoteAdapter.java:342)
	at org.apache.coyote.http11.Http11Processor.service(Http11Processor.java:803)
	at org.apache.coyote.AbstractProcessorLight.process(AbstractProcessorLight.java:66)
	at org.apache.coyote.AbstractProtocol$ConnectionHandler.process(AbstractProtocol.java:790)
	at org.apache.tomcat.util.net.NioEndpoint$SocketProcessor.doRun(NioEndpoint.java:1459)
	at org.apache.tomcat.util.net.SocketProcessorBase.run(SocketProcessorBase.java:49)
	at java.util.concurrent.ThreadPoolExecutor.runWorker(ThreadPoolExecutor.java:1149)
	at java.util.concurrent.ThreadPoolExecutor$Worker.run(ThreadPoolExecutor.java:624)
	at org.apache.tomcat.util.threads.TaskThread$WrappingRunnable.run(TaskThread.java:61)
	at java.lang.Thread.run(Thread.java:748)
724  [restartedMain] INFO  com.example.demo.Demo1Application - Starting Demo1Application on dharmendra with PID 19239 (/home/dharmendra/Documents/workspace-sts-3.9.2.RELEASE/demo-1/target/classes started by dharmendra in /home/dharmendra/Documents/workspace-sts-3.9.2.RELEASE/demo-1)
735  [restartedMain] DEBUG com.example.demo.Demo1Application - Running with Spring Boot v1.5.10.RELEASE, Spring v4.3.14.RELEASE
736  [restartedMain] INFO  com.example.demo.Demo1Application - No active profile set, falling back to default profiles: default
3032 [localhost-startStop-1] INFO  o.s.web.context.ContextLoader - Root WebApplicationContext: initialization completed in 2237 ms
5319 [restartedMain] INFO  o.s.w.s.m.m.a.RequestMappingHandlerMapping - Mapped "{[/v1/assign_activities],methods=[PUT]}" onto public org.springframework.http.ResponseEntity<java.lang.Object> com.example.demo.controller.ActivityController.assignActivities(com.example.demo.dto.RoleActivityDTO)
5321 [restartedMain] INFO  o.s.w.s.m.m.a.RequestMappingHandlerMapping - Mapped "{[/v1/add_activity],methods=[POST]}" onto public void com.example.demo.controller.ActivityController.addActivity(com.example.demo.domain.Activity)
5322 [restartedMain] INFO  o.s.w.s.m.m.a.RequestMappingHandlerMapping - Mapped "{[/v1/activities],methods=[GET]}" onto public org.springframework.http.ResponseEntity<java.util.List<com.example.demo.domain.Activity>> com.example.demo.controller.ActivityController.getActivities()
5322 [restartedMain] INFO  o.s.w.s.m.m.a.RequestMappingHandlerMapping - Mapped "{[/v1/delete_activity/{id}],methods=[DELETE]}" onto public org.springframework.http.ResponseEntity<java.lang.Void> com.example.demo.controller.ActivityController.deleteActivity(java.lang.Long)
5323 [restartedMain] INFO  o.s.w.s.m.m.a.RequestMappingHandlerMapping - Mapped "{[/v1/update_activity],methods=[PUT]}" onto public org.springframework.http.ResponseEntity<java.lang.Void> com.example.demo.controller.ActivityController.updateActivity(com.example.demo.domain.Activity)
5325 [restartedMain] INFO  o.s.w.s.m.m.a.RequestMappingHandlerMapping - Mapped "{[/v1/add_book],methods=[POST]}" onto public org.springframework.http.ResponseEntity<com.example.demo.domain.Book> com.example.demo.controller.BookController.addBook(com.example.demo.domain.Book)
5326 [restartedMain] INFO  o.s.w.s.m.m.a.RequestMappingHandlerMapping - Mapped "{[/v1/all_books],methods=[GET]}" onto public org.springframework.http.ResponseEntity<java.util.List<com.example.demo.domain.Book>> com.example.demo.controller.BookController.getBooks()
5327 [restartedMain] INFO  o.s.w.s.m.m.a.RequestMappingHandlerMapping - Mapped "{[/v1/delete_book/{id}],methods=[DELETE]}" onto public org.springframework.http.ResponseEntity<java.lang.Void> com.example.demo.controller.BookController.deleteBook(java.lang.Long)
5328 [restartedMain] INFO  o.s.w.s.m.m.a.RequestMappingHandlerMapping - Mapped "{[/v1/update_book],methods=[PUT]}" onto public org.springframework.http.ResponseEntity<java.lang.Void> com.example.demo.controller.BookController.updateBook(com.example.demo.domain.Book)
5328 [restartedMain] INFO  o.s.w.s.m.m.a.RequestMappingHandlerMapping - Mapped "{[/v1/book/{id}],methods=[GET]}" onto public org.springframework.http.ResponseEntity<com.example.demo.domain.Book> com.example.demo.controller.BookController.getBook(java.lang.Long)
5330 [restartedMain] INFO  o.s.w.s.m.m.a.RequestMappingHandlerMapping - Mapped "{[/v1/add_category],methods=[POST]}" onto public org.springframework.http.ResponseEntity<com.example.demo.domain.BookCategory> com.example.demo.controller.CategoryController.addCategory(com.example.demo.domain.BookCategory)
5330 [restartedMain] INFO  o.s.w.s.m.m.a.RequestMappingHandlerMapping - Mapped "{[/v1/update_category],methods=[PUT]}" onto public org.springframework.http.ResponseEntity<java.lang.Void> com.example.demo.controller.CategoryController.updateCategory(com.example.demo.domain.BookCategory)
5334 [restartedMain] INFO  o.s.w.s.m.m.a.RequestMappingHandlerMapping - Mapped "{[/v1/role],methods=[GET]}" onto public org.springframework.http.ResponseEntity<com.example.demo.domain.Role> com.example.demo.controller.RoleController.getRole(java.lang.Long)
5335 [restartedMain] INFO  o.s.w.s.m.m.a.RequestMappingHandlerMapping - Mapped "{[/v1/add_role],methods=[POST]}" onto public org.springframework.http.ResponseEntity<com.example.demo.domain.Role> com.example.demo.controller.RoleController.addRole(com.example.demo.domain.Role)
5336 [restartedMain] INFO  o.s.w.s.m.m.a.RequestMappingHandlerMapping - Mapped "{[/v1/update_role],methods=[PUT]}" onto public org.springframework.http.ResponseEntity<java.lang.Void> com.example.demo.controller.RoleController.updateRole(com.example.demo.domain.Role)
5336 [restartedMain] INFO  o.s.w.s.m.m.a.RequestMappingHandlerMapping - Mapped "{[/v1/update_role],methods=[POST]}" onto public org.springframework.http.ResponseEntity<java.lang.Object> com.example.demo.controller.RoleController.changeStatus(java.util.Map<java.lang.String, java.lang.String>)
5337 [restartedMain] INFO  o.s.w.s.m.m.a.RequestMappingHandlerMapping - Mapped "{[/v1/roles],methods=[GET]}" onto public org.springframework.http.ResponseEntity<java.util.List<com.example.demo.domain.Role>> com.example.demo.controller.RoleController.getAllRoles()
5337 [restartedMain] INFO  o.s.w.s.m.m.a.RequestMappingHandlerMapping - Mapped "{[/v1/delete_role/{id}],methods=[DELETE]}" onto public org.springframework.http.ResponseEntity<java.lang.Void> com.example.demo.controller.RoleController.deleteRole(java.lang.Long)
5338 [restartedMain] INFO  o.s.w.s.m.m.a.RequestMappingHandlerMapping - Mapped "{[/v1/add_user],methods=[POST]}" onto public void com.example.demo.controller.UserController.addUser(com.example.demo.domain.User)
5339 [restartedMain] INFO  o.s.w.s.m.m.a.RequestMappingHandlerMapping - Mapped "{[/v1/get_all],methods=[GET]}" onto public org.springframework.http.ResponseEntity<java.util.List<com.example.demo.domain.User>> com.example.demo.controller.UserController.getUsers()
5339 [restartedMain] INFO  o.s.w.s.m.m.a.RequestMappingHandlerMapping - Mapped "{[/v1/delete_user/{id}],methods=[DELETE]}" onto public org.springframework.http.ResponseEntity<java.lang.Void> com.example.demo.controller.UserController.deleteUser(java.lang.Long)
5339 [restartedMain] INFO  o.s.w.s.m.m.a.RequestMappingHandlerMapping - Mapped "{[/v1/update_user],methods=[POST]}" onto public org.springframework.http.ResponseEntity<java.lang.Void> com.example.demo.controller.UserController.updateUser(com.example.demo.domain.User)
5340 [restartedMain] INFO  o.s.w.s.m.m.a.RequestMappingHandlerMapping - Mapped "{[/v1/user/{id}],methods=[GET]}" onto public org.springframework.http.ResponseEntity<com.example.demo.domain.User> com.example.demo.controller.UserController.getUser(java.lang.Long)
5341 [restartedMain] INFO  o.s.w.s.m.m.a.RequestMappingHandlerMapping - Mapped "{[/v1/add_profile],methods=[POST]}" onto public void com.example.demo.controller.UserProfileController.addActivity(com.example.demo.domain.UserProfile)
5341 [restartedMain] INFO  o.s.w.s.m.m.a.RequestMappingHandlerMapping - Mapped "{[/v1/profiles],methods=[GET]}" onto public org.springframework.http.ResponseEntity<java.util.List<com.example.demo.domain.UserProfile>> com.example.demo.controller.UserProfileController.getUserProfiles()
5342 [restartedMain] INFO  o.s.w.s.m.m.a.RequestMappingHandlerMapping - Mapped "{[/v1/delete_profile/{id}],methods=[DELETE]}" onto public org.springframework.http.ResponseEntity<java.lang.Void> com.example.demo.controller.UserProfileController.deleteUserProfile(java.lang.Long)
5342 [restartedMain] INFO  o.s.w.s.m.m.a.RequestMappingHandlerMapping - Mapped "{[/v1/update_profile],methods=[PUT]}" onto public org.springframework.http.ResponseEntity<java.lang.Void> com.example.demo.controller.UserProfileController.updateUserProfile(com.example.demo.domain.UserProfile)
5343 [restartedMain] INFO  o.s.w.s.m.m.a.RequestMappingHandlerMapping - Mapped "{[/v1/profile/{id}],methods=[GET]}" onto public org.springframework.http.ResponseEntity<com.example.demo.domain.UserProfile> com.example.demo.controller.UserProfileController.getUserProfile(java.lang.Long)
5344 [restartedMain] INFO  o.s.w.s.m.m.a.RequestMappingHandlerMapping - Mapped "{[/v2/api-docs],methods=[GET],produces=[application/json || application/hal+json]}" onto public org.springframework.http.ResponseEntity<springfox.documentation.spring.web.json.Json> springfox.documentation.swagger2.web.Swagger2Controller.getDocumentation(java.lang.String,javax.servlet.http.HttpServletRequest)
5348 [restartedMain] INFO  o.s.w.s.m.m.a.RequestMappingHandlerMapping - Mapped "{[/swagger-resources/configuration/security]}" onto org.springframework.http.ResponseEntity<springfox.documentation.swagger.web.SecurityConfiguration> springfox.documentation.swagger.web.ApiResourceController.securityConfiguration()
5349 [restartedMain] INFO  o.s.w.s.m.m.a.RequestMappingHandlerMapping - Mapped "{[/swagger-resources]}" onto org.springframework.http.ResponseEntity<java.util.List<springfox.documentation.swagger.web.SwaggerResource>> springfox.documentation.swagger.web.ApiResourceController.swaggerResources()
5350 [restartedMain] INFO  o.s.w.s.m.m.a.RequestMappingHandlerMapping - Mapped "{[/swagger-resources/configuration/ui]}" onto org.springframework.http.ResponseEntity<springfox.documentation.swagger.web.UiConfiguration> springfox.documentation.swagger.web.ApiResourceController.uiConfiguration()
5353 [restartedMain] INFO  o.s.w.s.m.m.a.RequestMappingHandlerMapping - Mapped "{[/error],produces=[text/html]}" onto public org.springframework.web.servlet.ModelAndView org.springframework.boot.autoconfigure.web.BasicErrorController.errorHtml(javax.servlet.http.HttpServletRequest,javax.servlet.http.HttpServletResponse)
5353 [restartedMain] INFO  o.s.w.s.m.m.a.RequestMappingHandlerMapping - Mapped "{[/error]}" onto public org.springframework.http.ResponseEntity<java.util.Map<java.lang.String, java.lang.Object>> org.springframework.boot.autoconfigure.web.BasicErrorController.error(javax.servlet.http.HttpServletRequest)
5669 [restartedMain] INFO  o.s.w.s.m.m.a.RequestMappingHandlerAdapter - Looking for @ControllerAdvice: org.springframework.boot.context.embedded.AnnotationConfigEmbeddedWebApplicationContext@1425baac: startup date [Tue Mar 06 18:27:15 IST 2018]; root of context hierarchy
5729 [restartedMain] INFO  o.s.w.s.h.SimpleUrlHandlerMapping - Mapped URL path [/webjars/**] onto handler of type [class org.springframework.web.servlet.resource.ResourceHttpRequestHandler]
5730 [restartedMain] INFO  o.s.w.s.h.SimpleUrlHandlerMapping - Mapped URL path [/**] onto handler of type [class org.springframework.web.servlet.resource.ResourceHttpRequestHandler]
5752 [restartedMain] INFO  o.s.w.s.m.m.a.ExceptionHandlerExceptionResolver - Detected @ExceptionHandler methods in exceptionHandlerControllerAdvice
5778 [restartedMain] INFO  o.s.w.s.h.SimpleUrlHandlerMapping - Mapped URL path [/**/favicon.ico] onto handler of type [class org.springframework.web.servlet.resource.ResourceHttpRequestHandler]
8513 [restartedMain] INFO  com.example.demo.Demo1Application - Started Demo1Application in 8.243 seconds (JVM running for 9.126)
49027 [http-nio-1119-exec-1] INFO  o.s.web.servlet.DispatcherServlet - FrameworkServlet 'dispatcherServlet': initialization started
49044 [http-nio-1119-exec-1] INFO  o.s.web.servlet.DispatcherServlet - FrameworkServlet 'dispatcherServlet': initialization completed in 17 ms
224486 [restartedMain] INFO  com.example.demo.Demo1Application - Starting Demo1Application on dharmendra with PID 19239 (/home/dharmendra/Documents/workspace-sts-3.9.2.RELEASE/demo-1/target/classes started by dharmendra in /home/dharmendra/Documents/workspace-sts-3.9.2.RELEASE/demo-1)
224486 [restartedMain] DEBUG com.example.demo.Demo1Application - Running with Spring Boot v1.5.10.RELEASE, Spring v4.3.14.RELEASE
224486 [restartedMain] INFO  com.example.demo.Demo1Application - No active profile set, falling back to default profiles: default
225197 [localhost-startStop-1] INFO  o.s.web.context.ContextLoader - Root WebApplicationContext: initialization completed in 707 ms
225835 [restartedMain] INFO  o.s.w.s.m.m.a.RequestMappingHandlerAdapter - Looking for @ControllerAdvice: org.springframework.boot.context.embedded.AnnotationConfigEmbeddedWebApplicationContext@7b565925: startup date [Tue Mar 06 18:30:59 IST 2018]; root of context hierarchy
225854 [restartedMain] INFO  o.s.w.s.m.m.a.RequestMappingHandlerMapping - Mapped "{[/error],produces=[text/html]}" onto public org.springframework.web.servlet.ModelAndView org.springframework.boot.autoconfigure.web.BasicErrorController.errorHtml(javax.servlet.http.HttpServletRequest,javax.servlet.http.HttpServletResponse)
225855 [restartedMain] INFO  o.s.w.s.m.m.a.RequestMappingHandlerMapping - Mapped "{[/error]}" onto public org.springframework.http.ResponseEntity<java.util.Map<java.lang.String, java.lang.Object>> org.springframework.boot.autoconfigure.web.BasicErrorController.error(javax.servlet.http.HttpServletRequest)
225870 [restartedMain] INFO  o.s.w.s.h.SimpleUrlHandlerMapping - Mapped URL path [/webjars/**] onto handler of type [class org.springframework.web.servlet.resource.ResourceHttpRequestHandler]
225870 [restartedMain] INFO  o.s.w.s.h.SimpleUrlHandlerMapping - Mapped URL path [/**] onto handler of type [class org.springframework.web.servlet.resource.ResourceHttpRequestHandler]
225904 [restartedMain] INFO  o.s.w.s.h.SimpleUrlHandlerMapping - Mapped URL path [/**/favicon.ico] onto handler of type [class org.springframework.web.servlet.resource.ResourceHttpRequestHandler]
226267 [restartedMain] INFO  com.example.demo.Demo1Application - Started Demo1Application in 1.86 seconds (JVM running for 226.88)
228309 [restartedMain] INFO  com.example.demo.Demo1Application - Starting Demo1Application on dharmendra with PID 19239 (/home/dharmendra/Documents/workspace-sts-3.9.2.RELEASE/demo-1/target/classes started by dharmendra in /home/dharmendra/Documents/workspace-sts-3.9.2.RELEASE/demo-1)
228310 [restartedMain] DEBUG com.example.demo.Demo1Application - Running with Spring Boot v1.5.10.RELEASE, Spring v4.3.14.RELEASE
228310 [restartedMain] INFO  com.example.demo.Demo1Application - No active profile set, falling back to default profiles: default
1116 [restartedMain] INFO  com.example.demo.Demo1Application - Starting Demo1Application on dharmendra with PID 19539 (/home/dharmendra/Documents/workspace-sts-3.9.2.RELEASE/demo-1/target/classes started by dharmendra in /home/dharmendra/Documents/workspace-sts-3.9.2.RELEASE/demo-1)
1118 [restartedMain] DEBUG com.example.demo.Demo1Application - Running with Spring Boot v1.5.10.RELEASE, Spring v4.3.14.RELEASE
1118 [restartedMain] INFO  com.example.demo.Demo1Application - No active profile set, falling back to default profiles: default
4752 [localhost-startStop-1] INFO  o.s.web.context.ContextLoader - Root WebApplicationContext: initialization completed in 3499 ms
8069 [restartedMain] INFO  o.s.w.s.m.m.a.RequestMappingHandlerMapping - Mapped "{[/v1/assign_activities],methods=[PUT]}" onto public org.springframework.http.ResponseEntity<java.lang.Object> com.example.demo.controller.ActivityController.assignActivities(com.example.demo.dto.RoleActivityDTO)
8070 [restartedMain] INFO  o.s.w.s.m.m.a.RequestMappingHandlerMapping - Mapped "{[/v1/add_activity],methods=[POST]}" onto public void com.example.demo.controller.ActivityController.addActivity(com.example.demo.domain.Activity)
8071 [restartedMain] INFO  o.s.w.s.m.m.a.RequestMappingHandlerMapping - Mapped "{[/v1/activities],methods=[GET]}" onto public org.springframework.http.ResponseEntity<java.util.List<com.example.demo.domain.Activity>> com.example.demo.controller.ActivityController.getActivities()
8072 [restartedMain] INFO  o.s.w.s.m.m.a.RequestMappingHandlerMapping - Mapped "{[/v1/delete_activity/{id}],methods=[DELETE]}" onto public org.springframework.http.ResponseEntity<java.lang.Void> com.example.demo.controller.ActivityController.deleteActivity(java.lang.Long)
8073 [restartedMain] INFO  o.s.w.s.m.m.a.RequestMappingHandlerMapping - Mapped "{[/v1/update_activity],methods=[PUT]}" onto public org.springframework.http.ResponseEntity<java.lang.Void> com.example.demo.controller.ActivityController.updateActivity(com.example.demo.domain.Activity)
8075 [restartedMain] INFO  o.s.w.s.m.m.a.RequestMappingHandlerMapping - Mapped "{[/v1/add_book],methods=[POST]}" onto public org.springframework.http.ResponseEntity<com.example.demo.domain.Book> com.example.demo.controller.BookController.addBook(com.example.demo.domain.Book)
8075 [restartedMain] INFO  o.s.w.s.m.m.a.RequestMappingHandlerMapping - Mapped "{[/v1/all_books],methods=[GET]}" onto public org.springframework.http.ResponseEntity<java.util.List<com.example.demo.domain.Book>> com.example.demo.controller.BookController.getBooks()
8076 [restartedMain] INFO  o.s.w.s.m.m.a.RequestMappingHandlerMapping - Mapped "{[/v1/delete_book/{id}],methods=[DELETE]}" onto public org.springframework.http.ResponseEntity<java.lang.Void> com.example.demo.controller.BookController.deleteBook(java.lang.Long)
8077 [restartedMain] INFO  o.s.w.s.m.m.a.RequestMappingHandlerMapping - Mapped "{[/v1/update_book],methods=[PUT]}" onto public org.springframework.http.ResponseEntity<java.lang.Void> com.example.demo.controller.BookController.updateBook(com.example.demo.domain.Book)
8078 [restartedMain] INFO  o.s.w.s.m.m.a.RequestMappingHandlerMapping - Mapped "{[/v1/book/{id}],methods=[GET]}" onto public org.springframework.http.ResponseEntity<com.example.demo.domain.Book> com.example.demo.controller.BookController.getBook(java.lang.Long)
8079 [restartedMain] INFO  o.s.w.s.m.m.a.RequestMappingHandlerMapping - Mapped "{[/v1/add_category],methods=[POST]}" onto public org.springframework.http.ResponseEntity<com.example.demo.domain.BookCategory> com.example.demo.controller.CategoryController.addCategory(com.example.demo.domain.BookCategory)
8080 [restartedMain] INFO  o.s.w.s.m.m.a.RequestMappingHandlerMapping - Mapped "{[/v1/update_category],methods=[PUT]}" onto public org.springframework.http.ResponseEntity<java.lang.Void> com.example.demo.controller.CategoryController.updateCategory(com.example.demo.domain.BookCategory)
8087 [restartedMain] INFO  o.s.w.s.m.m.a.RequestMappingHandlerMapping - Mapped "{[/v1/role],methods=[GET]}" onto public org.springframework.http.ResponseEntity<com.example.demo.domain.Role> com.example.demo.controller.RoleController.getRole(java.lang.Long)
8088 [restartedMain] INFO  o.s.w.s.m.m.a.RequestMappingHandlerMapping - Mapped "{[/v1/add_role],methods=[POST]}" onto public org.springframework.http.ResponseEntity<com.example.demo.domain.Role> com.example.demo.controller.RoleController.addRole(com.example.demo.domain.Role)
8089 [restartedMain] INFO  o.s.w.s.m.m.a.RequestMappingHandlerMapping - Mapped "{[/v1/update_role],methods=[PUT]}" onto public org.springframework.http.ResponseEntity<java.lang.Void> com.example.demo.controller.RoleController.updateRole(com.example.demo.domain.Role)
8090 [restartedMain] INFO  o.s.w.s.m.m.a.RequestMappingHandlerMapping - Mapped "{[/v1/update_role],methods=[POST]}" onto public org.springframework.http.ResponseEntity<java.lang.Object> com.example.demo.controller.RoleController.changeStatus(java.util.Map<java.lang.String, java.lang.String>)
8091 [restartedMain] INFO  o.s.w.s.m.m.a.RequestMappingHandlerMapping - Mapped "{[/v1/roles],methods=[GET]}" onto public org.springframework.http.ResponseEntity<java.util.List<com.example.demo.domain.Role>> com.example.demo.controller.RoleController.getAllRoles()
8091 [restartedMain] INFO  o.s.w.s.m.m.a.RequestMappingHandlerMapping - Mapped "{[/v1/delete_role/{id}],methods=[DELETE]}" onto public org.springframework.http.ResponseEntity<java.lang.Void> com.example.demo.controller.RoleController.deleteRole(java.lang.Long)
8093 [restartedMain] INFO  o.s.w.s.m.m.a.RequestMappingHandlerMapping - Mapped "{[/v1/add_user],methods=[POST]}" onto public void com.example.demo.controller.UserController.addUser(com.example.demo.domain.User)
8094 [restartedMain] INFO  o.s.w.s.m.m.a.RequestMappingHandlerMapping - Mapped "{[/v1/get_all],methods=[GET]}" onto public org.springframework.http.ResponseEntity<java.util.List<com.example.demo.domain.User>> com.example.demo.controller.UserController.getUsers()
8095 [restartedMain] INFO  o.s.w.s.m.m.a.RequestMappingHandlerMapping - Mapped "{[/v1/delete_user/{id}],methods=[DELETE]}" onto public org.springframework.http.ResponseEntity<java.lang.Void> com.example.demo.controller.UserController.deleteUser(java.lang.Long)
8096 [restartedMain] INFO  o.s.w.s.m.m.a.RequestMappingHandlerMapping - Mapped "{[/v1/update_user],methods=[POST]}" onto public org.springframework.http.ResponseEntity<java.lang.Void> com.example.demo.controller.UserController.updateUser(com.example.demo.domain.User)
8097 [restartedMain] INFO  o.s.w.s.m.m.a.RequestMappingHandlerMapping - Mapped "{[/v1/user/{id}],methods=[GET]}" onto public org.springframework.http.ResponseEntity<com.example.demo.domain.User> com.example.demo.controller.UserController.getUser(java.lang.Long)
8098 [restartedMain] INFO  o.s.w.s.m.m.a.RequestMappingHandlerMapping - Mapped "{[/v1/add_profile],methods=[POST]}" onto public void com.example.demo.controller.UserProfileController.addActivity(com.example.demo.domain.UserProfile)
8099 [restartedMain] INFO  o.s.w.s.m.m.a.RequestMappingHandlerMapping - Mapped "{[/v1/profiles],methods=[GET]}" onto public org.springframework.http.ResponseEntity<java.util.List<com.example.demo.domain.UserProfile>> com.example.demo.controller.UserProfileController.getUserProfiles()
8099 [restartedMain] INFO  o.s.w.s.m.m.a.RequestMappingHandlerMapping - Mapped "{[/v1/delete_profile/{id}],methods=[DELETE]}" onto public org.springframework.http.ResponseEntity<java.lang.Void> com.example.demo.controller.UserProfileController.deleteUserProfile(java.lang.Long)
8100 [restartedMain] INFO  o.s.w.s.m.m.a.RequestMappingHandlerMapping - Mapped "{[/v1/update_profile],methods=[PUT]}" onto public org.springframework.http.ResponseEntity<java.lang.Void> com.example.demo.controller.UserProfileController.updateUserProfile(com.example.demo.domain.UserProfile)
8102 [restartedMain] INFO  o.s.w.s.m.m.a.RequestMappingHandlerMapping - Mapped "{[/v1/profile/{id}],methods=[GET]}" onto public org.springframework.http.ResponseEntity<com.example.demo.domain.UserProfile> com.example.demo.controller.UserProfileController.getUserProfile(java.lang.Long)
8104 [restartedMain] INFO  o.s.w.s.m.m.a.RequestMappingHandlerMapping - Mapped "{[/v2/api-docs],methods=[GET],produces=[application/json || application/hal+json]}" onto public org.springframework.http.ResponseEntity<springfox.documentation.spring.web.json.Json> springfox.documentation.swagger2.web.Swagger2Controller.getDocumentation(java.lang.String,javax.servlet.http.HttpServletRequest)
8110 [restartedMain] INFO  o.s.w.s.m.m.a.RequestMappingHandlerMapping - Mapped "{[/swagger-resources/configuration/security]}" onto org.springframework.http.ResponseEntity<springfox.documentation.swagger.web.SecurityConfiguration> springfox.documentation.swagger.web.ApiResourceController.securityConfiguration()
8112 [restartedMain] INFO  o.s.w.s.m.m.a.RequestMappingHandlerMapping - Mapped "{[/swagger-resources/configuration/ui]}" onto org.springframework.http.ResponseEntity<springfox.documentation.swagger.web.UiConfiguration> springfox.documentation.swagger.web.ApiResourceController.uiConfiguration()
8113 [restartedMain] INFO  o.s.w.s.m.m.a.RequestMappingHandlerMapping - Mapped "{[/swagger-resources]}" onto org.springframework.http.ResponseEntity<java.util.List<springfox.documentation.swagger.web.SwaggerResource>> springfox.documentation.swagger.web.ApiResourceController.swaggerResources()
8118 [restartedMain] INFO  o.s.w.s.m.m.a.RequestMappingHandlerMapping - Mapped "{[/error],produces=[text/html]}" onto public org.springframework.web.servlet.ModelAndView org.springframework.boot.autoconfigure.web.BasicErrorController.errorHtml(javax.servlet.http.HttpServletRequest,javax.servlet.http.HttpServletResponse)
8119 [restartedMain] INFO  o.s.w.s.m.m.a.RequestMappingHandlerMapping - Mapped "{[/error]}" onto public org.springframework.http.ResponseEntity<java.util.Map<java.lang.String, java.lang.Object>> org.springframework.boot.autoconfigure.web.BasicErrorController.error(javax.servlet.http.HttpServletRequest)
8553 [restartedMain] INFO  o.s.w.s.m.m.a.RequestMappingHandlerAdapter - Looking for @ControllerAdvice: org.springframework.boot.context.embedded.AnnotationConfigEmbeddedWebApplicationContext@1ae4e847: startup date [Tue Mar 06 18:31:04 IST 2018]; root of context hierarchy
8641 [restartedMain] INFO  o.s.w.s.h.SimpleUrlHandlerMapping - Mapped URL path [/webjars/**] onto handler of type [class org.springframework.web.servlet.resource.ResourceHttpRequestHandler]
8642 [restartedMain] INFO  o.s.w.s.h.SimpleUrlHandlerMapping - Mapped URL path [/**] onto handler of type [class org.springframework.web.servlet.resource.ResourceHttpRequestHandler]
8666 [restartedMain] INFO  o.s.w.s.m.m.a.ExceptionHandlerExceptionResolver - Detected @ExceptionHandler methods in exceptionHandlerControllerAdvice
8707 [restartedMain] INFO  o.s.w.s.h.SimpleUrlHandlerMapping - Mapped URL path [/**/favicon.ico] onto handler of type [class org.springframework.web.servlet.resource.ResourceHttpRequestHandler]
12239 [restartedMain] INFO  com.example.demo.Demo1Application - Started Demo1Application in 11.713 seconds (JVM running for 12.575)
39495 [http-nio-1119-exec-1] INFO  o.s.web.servlet.DispatcherServlet - FrameworkServlet 'dispatcherServlet': initialization started
39512 [http-nio-1119-exec-1] INFO  o.s.web.servlet.DispatcherServlet - FrameworkServlet 'dispatcherServlet': initialization completed in 16 ms
39718 [http-nio-1119-exec-1] ERROR o.a.c.c.C.[.[.[.[dispatcherServlet] - Servlet.service() for servlet [dispatcherServlet] in context with path [/api-accounts] threw exception [Request processing failed; nested exception is javax.validation.ConstraintViolationException: Validation failed for classes [com.example.demo.domain.User] during persist time for groups [javax.validation.groups.Default, ]
List of constraint violations:[
	ConstraintViolationImpl{interpolatedMessage='Invalid email', propertyPath=email, rootBeanClass=class com.example.demo.domain.User, messageTemplate='Invalid email'}
]] with root cause
javax.validation.ConstraintViolationException: Validation failed for classes [com.example.demo.domain.User] during persist time for groups [javax.validation.groups.Default, ]
List of constraint violations:[
	ConstraintViolationImpl{interpolatedMessage='Invalid email', propertyPath=email, rootBeanClass=class com.example.demo.domain.User, messageTemplate='Invalid email'}
]
	at org.hibernate.cfg.beanvalidation.BeanValidationEventListener.validate(BeanValidationEventListener.java:138)
	at org.hibernate.cfg.beanvalidation.BeanValidationEventListener.onPreInsert(BeanValidationEventListener.java:78)
	at org.hibernate.action.internal.EntityIdentityInsertAction.preInsert(EntityIdentityInsertAction.java:197)
	at org.hibernate.action.internal.EntityIdentityInsertAction.execute(EntityIdentityInsertAction.java:75)
	at org.hibernate.engine.spi.ActionQueue.execute(ActionQueue.java:619)
	at org.hibernate.engine.spi.ActionQueue.addResolvedEntityInsertAction(ActionQueue.java:273)
	at org.hibernate.engine.spi.ActionQueue.addInsertAction(ActionQueue.java:254)
	at org.hibernate.engine.spi.ActionQueue.addAction(ActionQueue.java:299)
	at org.hibernate.event.internal.AbstractSaveEventListener.addInsertAction(AbstractSaveEventListener.java:317)
	at org.hibernate.event.internal.AbstractSaveEventListener.performSaveOrReplicate(AbstractSaveEventListener.java:272)
	at org.hibernate.event.internal.AbstractSaveEventListener.performSave(AbstractSaveEventListener.java:178)
	at org.hibernate.event.internal.AbstractSaveEventListener.saveWithGeneratedId(AbstractSaveEventListener.java:109)
	at org.hibernate.jpa.event.internal.core.JpaPersistEventListener.saveWithGeneratedId(JpaPersistEventListener.java:67)
	at org.hibernate.event.internal.DefaultPersistEventListener.entityIsTransient(DefaultPersistEventListener.java:189)
	at org.hibernate.event.internal.DefaultPersistEventListener.onPersist(DefaultPersistEventListener.java:132)
	at org.hibernate.event.internal.DefaultPersistEventListener.onPersist(DefaultPersistEventListener.java:58)
	at org.hibernate.internal.SessionImpl.firePersist(SessionImpl.java:775)
	at org.hibernate.internal.SessionImpl.persist(SessionImpl.java:748)
	at org.hibernate.internal.SessionImpl.persist(SessionImpl.java:753)
	at org.hibernate.jpa.spi.AbstractEntityManagerImpl.persist(AbstractEntityManagerImpl.java:1146)
	at sun.reflect.NativeMethodAccessorImpl.invoke0(Native Method)
	at sun.reflect.NativeMethodAccessorImpl.invoke(NativeMethodAccessorImpl.java:62)
	at sun.reflect.DelegatingMethodAccessorImpl.invoke(DelegatingMethodAccessorImpl.java:43)
	at java.lang.reflect.Method.invoke(Method.java:498)
	at org.springframework.orm.jpa.ExtendedEntityManagerCreator$ExtendedEntityManagerInvocationHandler.invoke(ExtendedEntityManagerCreator.java:347)
	at com.sun.proxy.$Proxy97.persist(Unknown Source)
	at sun.reflect.NativeMethodAccessorImpl.invoke0(Native Method)
	at sun.reflect.NativeMethodAccessorImpl.invoke(NativeMethodAccessorImpl.java:62)
	at sun.reflect.DelegatingMethodAccessorImpl.invoke(DelegatingMethodAccessorImpl.java:43)
	at java.lang.reflect.Method.invoke(Method.java:498)
	at org.springframework.orm.jpa.SharedEntityManagerCreator$SharedEntityManagerInvocationHandler.invoke(SharedEntityManagerCreator.java:298)
	at com.sun.proxy.$Proxy97.persist(Unknown Source)
	at org.springframework.data.jpa.repository.support.SimpleJpaRepository.save(SimpleJpaRepository.java:508)
	at sun.reflect.NativeMethodAccessorImpl.invoke0(Native Method)
	at sun.reflect.NativeMethodAccessorImpl.invoke(NativeMethodAccessorImpl.java:62)
	at sun.reflect.DelegatingMethodAccessorImpl.invoke(DelegatingMethodAccessorImpl.java:43)
	at java.lang.reflect.Method.invoke(Method.java:498)
	at org.springframework.data.repository.core.support.RepositoryFactorySupport$QueryExecutorMethodInterceptor.executeMethodOn(RepositoryFactorySupport.java:513)
	at org.springframework.data.repository.core.support.RepositoryFactorySupport$QueryExecutorMethodInterceptor.doInvoke(RepositoryFactorySupport.java:498)
	at org.springframework.data.repository.core.support.RepositoryFactorySupport$QueryExecutorMethodInterceptor.invoke(RepositoryFactorySupport.java:475)
	at org.springframework.aop.framework.ReflectiveMethodInvocation.proceed(ReflectiveMethodInvocation.java:179)
	at org.springframework.data.projection.DefaultMethodInvokingMethodInterceptor.invoke(DefaultMethodInvokingMethodInterceptor.java:56)
	at org.springframework.aop.framework.ReflectiveMethodInvocation.proceed(ReflectiveMethodInvocation.java:179)
	at org.springframework.transaction.interceptor.TransactionInterceptor$1.proceedWithInvocation(TransactionInterceptor.java:99)
	at org.springframework.transaction.interceptor.TransactionAspectSupport.invokeWithinTransaction(TransactionAspectSupport.java:282)
	at org.springframework.transaction.interceptor.TransactionInterceptor.invoke(TransactionInterceptor.java:96)
	at org.springframework.aop.framework.ReflectiveMethodInvocation.proceed(ReflectiveMethodInvocation.java:179)
	at org.springframework.dao.support.PersistenceExceptionTranslationInterceptor.invoke(PersistenceExceptionTranslationInterceptor.java:136)
	at org.springframework.aop.framework.ReflectiveMethodInvocation.proceed(ReflectiveMethodInvocation.java:179)
	at org.springframework.data.jpa.repository.support.CrudMethodMetadataPostProcessor$CrudMethodMetadataPopulatingMethodInterceptor.invoke(CrudMethodMetadataPostProcessor.java:133)
	at org.springframework.aop.framework.ReflectiveMethodInvocation.proceed(ReflectiveMethodInvocation.java:179)
	at org.springframework.aop.interceptor.ExposeInvocationInterceptor.invoke(ExposeInvocationInterceptor.java:92)
	at org.springframework.aop.framework.ReflectiveMethodInvocation.proceed(ReflectiveMethodInvocation.java:179)
	at org.springframework.data.repository.core.support.SurroundingTransactionDetectorMethodInterceptor.invoke(SurroundingTransactionDetectorMethodInterceptor.java:57)
	at org.springframework.aop.framework.ReflectiveMethodInvocation.proceed(ReflectiveMethodInvocation.java:179)
	at org.springframework.aop.framework.JdkDynamicAopProxy.invoke(JdkDynamicAopProxy.java:213)
	at com.sun.proxy.$Proxy107.save(Unknown Source)
	at com.example.demo.service.UserService.addUser(UserService.java:21)
	at com.example.demo.controller.UserController.addUser(UserController.java:33)
	at sun.reflect.NativeMethodAccessorImpl.invoke0(Native Method)
	at sun.reflect.NativeMethodAccessorImpl.invoke(NativeMethodAccessorImpl.java:62)
	at sun.reflect.DelegatingMethodAccessorImpl.invoke(DelegatingMethodAccessorImpl.java:43)
	at java.lang.reflect.Method.invoke(Method.java:498)
	at org.springframework.web.method.support.InvocableHandlerMethod.doInvoke(InvocableHandlerMethod.java:205)
	at org.springframework.web.method.support.InvocableHandlerMethod.invokeForRequest(InvocableHandlerMethod.java:133)
	at org.springframework.web.servlet.mvc.method.annotation.ServletInvocableHandlerMethod.invokeAndHandle(ServletInvocableHandlerMethod.java:97)
	at org.springframework.web.servlet.mvc.method.annotation.RequestMappingHandlerAdapter.invokeHandlerMethod(RequestMappingHandlerAdapter.java:827)
	at org.springframework.web.servlet.mvc.method.annotation.RequestMappingHandlerAdapter.handleInternal(RequestMappingHandlerAdapter.java:738)
	at org.springframework.web.servlet.mvc.method.AbstractHandlerMethodAdapter.handle(AbstractHandlerMethodAdapter.java:85)
	at org.springframework.web.servlet.DispatcherServlet.doDispatch(DispatcherServlet.java:967)
	at org.springframework.web.servlet.DispatcherServlet.doService(DispatcherServlet.java:901)
	at org.springframework.web.servlet.FrameworkServlet.processRequest(FrameworkServlet.java:970)
	at org.springframework.web.servlet.FrameworkServlet.doPost(FrameworkServlet.java:872)
	at javax.servlet.http.HttpServlet.service(HttpServlet.java:661)
	at org.springframework.web.servlet.FrameworkServlet.service(FrameworkServlet.java:846)
	at javax.servlet.http.HttpServlet.service(HttpServlet.java:742)
	at org.apache.catalina.core.ApplicationFilterChain.internalDoFilter(ApplicationFilterChain.java:231)
	at org.apache.catalina.core.ApplicationFilterChain.doFilter(ApplicationFilterChain.java:166)
	at org.apache.tomcat.websocket.server.WsFilter.doFilter(WsFilter.java:52)
	at org.apache.catalina.core.ApplicationFilterChain.internalDoFilter(ApplicationFilterChain.java:193)
	at org.apache.catalina.core.ApplicationFilterChain.doFilter(ApplicationFilterChain.java:166)
	at org.springframework.web.filter.RequestContextFilter.doFilterInternal(RequestContextFilter.java:99)
	at org.springframework.web.filter.OncePerRequestFilter.doFilter(OncePerRequestFilter.java:107)
	at org.apache.catalina.core.ApplicationFilterChain.internalDoFilter(ApplicationFilterChain.java:193)
	at org.apache.catalina.core.ApplicationFilterChain.doFilter(ApplicationFilterChain.java:166)
	at org.springframework.web.filter.HttpPutFormContentFilter.doFilterInternal(HttpPutFormContentFilter.java:108)
	at org.springframework.web.filter.OncePerRequestFilter.doFilter(OncePerRequestFilter.java:107)
	at org.apache.catalina.core.ApplicationFilterChain.internalDoFilter(ApplicationFilterChain.java:193)
	at org.apache.catalina.core.ApplicationFilterChain.doFilter(ApplicationFilterChain.java:166)
	at org.springframework.web.filter.HiddenHttpMethodFilter.doFilterInternal(HiddenHttpMethodFilter.java:81)
	at org.springframework.web.filter.OncePerRequestFilter.doFilter(OncePerRequestFilter.java:107)
	at org.apache.catalina.core.ApplicationFilterChain.internalDoFilter(ApplicationFilterChain.java:193)
	at org.apache.catalina.core.ApplicationFilterChain.doFilter(ApplicationFilterChain.java:166)
	at org.springframework.web.filter.CharacterEncodingFilter.doFilterInternal(CharacterEncodingFilter.java:197)
	at org.springframework.web.filter.OncePerRequestFilter.doFilter(OncePerRequestFilter.java:107)
	at org.apache.catalina.core.ApplicationFilterChain.internalDoFilter(ApplicationFilterChain.java:193)
	at org.apache.catalina.core.ApplicationFilterChain.doFilter(ApplicationFilterChain.java:166)
	at org.apache.catalina.core.StandardWrapperValve.invoke(StandardWrapperValve.java:199)
	at org.apache.catalina.core.StandardContextValve.invoke(StandardContextValve.java:96)
	at org.apache.catalina.authenticator.AuthenticatorBase.invoke(AuthenticatorBase.java:504)
	at org.apache.catalina.core.StandardHostValve.invoke(StandardHostValve.java:140)
	at org.apache.catalina.valves.ErrorReportValve.invoke(ErrorReportValve.java:81)
	at org.apache.catalina.core.StandardEngineValve.invoke(StandardEngineValve.java:87)
	at org.apache.catalina.connector.CoyoteAdapter.service(CoyoteAdapter.java:342)
	at org.apache.coyote.http11.Http11Processor.service(Http11Processor.java:803)
	at org.apache.coyote.AbstractProcessorLight.process(AbstractProcessorLight.java:66)
	at org.apache.coyote.AbstractProtocol$ConnectionHandler.process(AbstractProtocol.java:790)
	at org.apache.tomcat.util.net.NioEndpoint$SocketProcessor.doRun(NioEndpoint.java:1459)
	at org.apache.tomcat.util.net.SocketProcessorBase.run(SocketProcessorBase.java:49)
	at java.util.concurrent.ThreadPoolExecutor.runWorker(ThreadPoolExecutor.java:1149)
	at java.util.concurrent.ThreadPoolExecutor$Worker.run(ThreadPoolExecutor.java:624)
	at org.apache.tomcat.util.threads.TaskThread$WrappingRunnable.run(TaskThread.java:61)
	at java.lang.Thread.run(Thread.java:748)
