1513 [main] INFO  c.e.demo.Demo1ApplicationTests - Starting Demo1ApplicationTests on dharmendra with PID 26266 (started by dharmendra in /home/dharmendra/Documents/workspace-sts-3.9.2.RELEASE/demo-1)
1541 [main] DEBUG c.e.demo.Demo1ApplicationTests - Running with Spring Boot v1.5.10.RELEASE, Spring v4.3.14.RELEASE
1542 [main] INFO  c.e.demo.Demo1ApplicationTests - No active profile set, falling back to default profiles: default
1677 [main] INFO  o.s.w.c.s.GenericWebApplicationContext - Refreshing org.springframework.web.context.support.GenericWebApplicationContext@28dcca0c: startup date [Wed Mar 07 19:44:42 IST 2018]; root of context hierarchy
10038 [main] INFO  o.s.w.s.m.m.a.RequestMappingHandlerMapping - Mapped "{[/v1/assign_activities],methods=[PUT]}" onto public org.springframework.http.ResponseEntity<java.lang.Object> com.example.demo.controller.ActivityController.assignActivities(com.example.demo.dto.RoleActivityDTO)
10040 [main] INFO  o.s.w.s.m.m.a.RequestMappingHandlerMapping - Mapped "{[/v1/add_activity],methods=[POST]}" onto public void com.example.demo.controller.ActivityController.addActivity(com.example.demo.domain.Activity)
10041 [main] INFO  o.s.w.s.m.m.a.RequestMappingHandlerMapping - Mapped "{[/v1/activities],methods=[GET]}" onto public org.springframework.http.ResponseEntity<java.util.List<com.example.demo.domain.Activity>> com.example.demo.controller.ActivityController.getActivities()
10042 [main] INFO  o.s.w.s.m.m.a.RequestMappingHandlerMapping - Mapped "{[/v1/delete_activity/{id}],methods=[DELETE]}" onto public org.springframework.http.ResponseEntity<java.lang.Void> com.example.demo.controller.ActivityController.deleteActivity(java.lang.Long)
10043 [main] INFO  o.s.w.s.m.m.a.RequestMappingHandlerMapping - Mapped "{[/v1/update_activity],methods=[PUT]}" onto public org.springframework.http.ResponseEntity<java.lang.Void> com.example.demo.controller.ActivityController.updateActivity(com.example.demo.domain.Activity)
10045 [main] INFO  o.s.w.s.m.m.a.RequestMappingHandlerMapping - Mapped "{[/v1/add_book],methods=[POST]}" onto public org.springframework.http.ResponseEntity<com.example.demo.domain.Book> com.example.demo.controller.BookController.addBook(com.example.demo.domain.Book)
10046 [main] INFO  o.s.w.s.m.m.a.RequestMappingHandlerMapping - Mapped "{[/v1/all_books],methods=[GET]}" onto public org.springframework.http.ResponseEntity<java.util.List<com.example.demo.domain.Book>> com.example.demo.controller.BookController.getBooks()
10047 [main] INFO  o.s.w.s.m.m.a.RequestMappingHandlerMapping - Mapped "{[/v1/delete_book/{id}],methods=[DELETE]}" onto public org.springframework.http.ResponseEntity<java.lang.Void> com.example.demo.controller.BookController.deleteBook(java.lang.Long)
10047 [main] INFO  o.s.w.s.m.m.a.RequestMappingHandlerMapping - Mapped "{[/v1/update_book],methods=[PUT]}" onto public org.springframework.http.ResponseEntity<java.lang.Void> com.example.demo.controller.BookController.updateBook(com.example.demo.domain.Book)
10048 [main] INFO  o.s.w.s.m.m.a.RequestMappingHandlerMapping - Mapped "{[/v1/book/{id}],methods=[GET]}" onto public org.springframework.http.ResponseEntity<com.example.demo.domain.Book> com.example.demo.controller.BookController.getBook(java.lang.Long)
10050 [main] INFO  o.s.w.s.m.m.a.RequestMappingHandlerMapping - Mapped "{[/v1/add_category],methods=[POST]}" onto public org.springframework.http.ResponseEntity<com.example.demo.domain.BookCategory> com.example.demo.controller.CategoryController.addCategory(com.example.demo.domain.BookCategory)
10050 [main] INFO  o.s.w.s.m.m.a.RequestMappingHandlerMapping - Mapped "{[/v1/update_category],methods=[PUT]}" onto public org.springframework.http.ResponseEntity<java.lang.Void> com.example.demo.controller.CategoryController.updateCategory(com.example.demo.domain.BookCategory)
10063 [main] INFO  o.s.w.s.m.m.a.RequestMappingHandlerMapping - Mapped "{[/v1/role],methods=[GET]}" onto public org.springframework.http.ResponseEntity<com.example.demo.domain.Role> com.example.demo.controller.RoleController.getRole(java.lang.Long)
10064 [main] INFO  o.s.w.s.m.m.a.RequestMappingHandlerMapping - Mapped "{[/v1/add_role],methods=[POST]}" onto public org.springframework.http.ResponseEntity<com.example.demo.domain.Role> com.example.demo.controller.RoleController.addRole(com.example.demo.domain.Role)
10065 [main] INFO  o.s.w.s.m.m.a.RequestMappingHandlerMapping - Mapped "{[/v1/update_role],methods=[PUT]}" onto public org.springframework.http.ResponseEntity<java.lang.Void> com.example.demo.controller.RoleController.updateRole(com.example.demo.domain.Role)
10067 [main] INFO  o.s.w.s.m.m.a.RequestMappingHandlerMapping - Mapped "{[/v1/update_role],methods=[POST]}" onto public org.springframework.http.ResponseEntity<java.lang.Object> com.example.demo.controller.RoleController.changeStatus(java.util.Map<java.lang.String, java.lang.String>)
10068 [main] INFO  o.s.w.s.m.m.a.RequestMappingHandlerMapping - Mapped "{[/v1/roles],methods=[GET]}" onto public org.springframework.http.ResponseEntity<java.util.List<com.example.demo.domain.Role>> com.example.demo.controller.RoleController.getAllRoles()
10068 [main] INFO  o.s.w.s.m.m.a.RequestMappingHandlerMapping - Mapped "{[/v1/delete_role/{id}],methods=[DELETE]}" onto public org.springframework.http.ResponseEntity<java.lang.Void> com.example.demo.controller.RoleController.deleteRole(java.lang.Long)
10070 [main] INFO  o.s.w.s.m.m.a.RequestMappingHandlerMapping - Mapped "{[/v1/add_user],methods=[POST]}" onto public void com.example.demo.controller.UserController.addUser(com.example.demo.domain.User)
10071 [main] INFO  o.s.w.s.m.m.a.RequestMappingHandlerMapping - Mapped "{[/v1/get_all],methods=[GET]}" onto public org.springframework.http.ResponseEntity<java.util.List<com.example.demo.domain.User>> com.example.demo.controller.UserController.getUsers()
10072 [main] INFO  o.s.w.s.m.m.a.RequestMappingHandlerMapping - Mapped "{[/v1/delete_user/{id}],methods=[DELETE]}" onto public org.springframework.http.ResponseEntity<java.lang.Void> com.example.demo.controller.UserController.deleteUser(java.lang.Long)
10073 [main] INFO  o.s.w.s.m.m.a.RequestMappingHandlerMapping - Mapped "{[/v1/update_user],methods=[POST]}" onto public org.springframework.http.ResponseEntity<java.lang.Void> com.example.demo.controller.UserController.updateUser(com.example.demo.domain.User)
10073 [main] INFO  o.s.w.s.m.m.a.RequestMappingHandlerMapping - Mapped "{[/v1/user/{id}],methods=[GET]}" onto public org.springframework.http.ResponseEntity<com.example.demo.domain.User> com.example.demo.controller.UserController.getUser(java.lang.Long)
10075 [main] INFO  o.s.w.s.m.m.a.RequestMappingHandlerMapping - Mapped "{[/v1/profiles],methods=[GET]}" onto public org.springframework.http.ResponseEntity<java.util.List<com.example.demo.domain.UserProfile>> com.example.demo.controller.UserProfileController.getUserProfiles()
10076 [main] INFO  o.s.w.s.m.m.a.RequestMappingHandlerMapping - Mapped "{[/v1/delete_profile/{id}],methods=[DELETE]}" onto public org.springframework.http.ResponseEntity<java.lang.Void> com.example.demo.controller.UserProfileController.deleteUserProfile(java.lang.Long)
10077 [main] INFO  o.s.w.s.m.m.a.RequestMappingHandlerMapping - Mapped "{[/v1/update_profile],methods=[PUT]}" onto public org.springframework.http.ResponseEntity<java.lang.Void> com.example.demo.controller.UserProfileController.updateUserProfile(com.example.demo.domain.UserProfile)
10078 [main] INFO  o.s.w.s.m.m.a.RequestMappingHandlerMapping - Mapped "{[/v1/profile/{id}],methods=[GET]}" onto public org.springframework.http.ResponseEntity<com.example.demo.domain.UserProfile> com.example.demo.controller.UserProfileController.getUserProfile(java.lang.Long)
10079 [main] INFO  o.s.w.s.m.m.a.RequestMappingHandlerMapping - Mapped "{[/v1/add_profile],methods=[POST]}" onto public void com.example.demo.controller.UserProfileController.addActivity(com.example.demo.domain.UserProfile)
10080 [main] INFO  o.s.w.s.m.m.a.RequestMappingHandlerMapping - Mapped "{[/v2/api-docs],methods=[GET],produces=[application/json || application/hal+json]}" onto public org.springframework.http.ResponseEntity<springfox.documentation.spring.web.json.Json> springfox.documentation.swagger2.web.Swagger2Controller.getDocumentation(java.lang.String,javax.servlet.http.HttpServletRequest)
10085 [main] INFO  o.s.w.s.m.m.a.RequestMappingHandlerMapping - Mapped "{[/swagger-resources/configuration/ui]}" onto org.springframework.http.ResponseEntity<springfox.documentation.swagger.web.UiConfiguration> springfox.documentation.swagger.web.ApiResourceController.uiConfiguration()
10086 [main] INFO  o.s.w.s.m.m.a.RequestMappingHandlerMapping - Mapped "{[/swagger-resources]}" onto org.springframework.http.ResponseEntity<java.util.List<springfox.documentation.swagger.web.SwaggerResource>> springfox.documentation.swagger.web.ApiResourceController.swaggerResources()
10087 [main] INFO  o.s.w.s.m.m.a.RequestMappingHandlerMapping - Mapped "{[/swagger-resources/configuration/security]}" onto org.springframework.http.ResponseEntity<springfox.documentation.swagger.web.SecurityConfiguration> springfox.documentation.swagger.web.ApiResourceController.securityConfiguration()
10099 [main] INFO  o.s.w.s.m.m.a.RequestMappingHandlerMapping - Mapped "{[/error],produces=[text/html]}" onto public org.springframework.web.servlet.ModelAndView org.springframework.boot.autoconfigure.web.BasicErrorController.errorHtml(javax.servlet.http.HttpServletRequest,javax.servlet.http.HttpServletResponse)
10100 [main] INFO  o.s.w.s.m.m.a.RequestMappingHandlerMapping - Mapped "{[/error]}" onto public org.springframework.http.ResponseEntity<java.util.Map<java.lang.String, java.lang.Object>> org.springframework.boot.autoconfigure.web.BasicErrorController.error(javax.servlet.http.HttpServletRequest)
11124 [main] INFO  o.s.w.s.m.m.a.RequestMappingHandlerAdapter - Looking for @ControllerAdvice: org.springframework.web.context.support.GenericWebApplicationContext@28dcca0c: startup date [Wed Mar 07 19:44:42 IST 2018]; root of context hierarchy
11288 [main] INFO  o.s.w.s.h.SimpleUrlHandlerMapping - Mapped URL path [/webjars/**] onto handler of type [class org.springframework.web.servlet.resource.ResourceHttpRequestHandler]
11289 [main] INFO  o.s.w.s.h.SimpleUrlHandlerMapping - Mapped URL path [/**] onto handler of type [class org.springframework.web.servlet.resource.ResourceHttpRequestHandler]
11331 [main] INFO  o.s.w.s.m.m.a.ExceptionHandlerExceptionResolver - Detected @ExceptionHandler methods in exceptionHandlerControllerAdvice
11400 [main] INFO  o.s.w.s.h.SimpleUrlHandlerMapping - Mapped URL path [/**/favicon.ico] onto handler of type [class org.springframework.web.servlet.resource.ResourceHttpRequestHandler]
15759 [main] INFO  c.e.demo.Demo1ApplicationTests - Started Demo1ApplicationTests in 14.95 seconds (JVM running for 16.085)
625  [restartedMain] INFO  com.example.demo.Demo1Application - Starting Demo1Application on dharmendra with PID 26528 (/home/dharmendra/Documents/workspace-sts-3.9.2.RELEASE/demo-1/target/classes started by dharmendra in /home/dharmendra/Documents/workspace-sts-3.9.2.RELEASE/demo-1)
626  [restartedMain] DEBUG com.example.demo.Demo1Application - Running with Spring Boot v1.5.10.RELEASE, Spring v4.3.14.RELEASE
626  [restartedMain] INFO  com.example.demo.Demo1Application - No active profile set, falling back to default profiles: default
2711 [localhost-startStop-1] INFO  o.s.web.context.ContextLoader - Root WebApplicationContext: initialization completed in 2037 ms
5188 [restartedMain] INFO  o.s.w.s.m.m.a.RequestMappingHandlerMapping - Mapped "{[/v1/assign_activities],methods=[PUT]}" onto public org.springframework.http.ResponseEntity<java.lang.Object> com.example.demo.controller.ActivityController.assignActivities(com.example.demo.dto.RoleActivityDTO)
5190 [restartedMain] INFO  o.s.w.s.m.m.a.RequestMappingHandlerMapping - Mapped "{[/v1/add_activity],methods=[POST]}" onto public void com.example.demo.controller.ActivityController.addActivity(com.example.demo.domain.Activity)
5191 [restartedMain] INFO  o.s.w.s.m.m.a.RequestMappingHandlerMapping - Mapped "{[/v1/activities],methods=[GET]}" onto public org.springframework.http.ResponseEntity<java.util.List<com.example.demo.domain.Activity>> com.example.demo.controller.ActivityController.getActivities()
5191 [restartedMain] INFO  o.s.w.s.m.m.a.RequestMappingHandlerMapping - Mapped "{[/v1/delete_activity/{id}],methods=[DELETE]}" onto public org.springframework.http.ResponseEntity<java.lang.Void> com.example.demo.controller.ActivityController.deleteActivity(java.lang.Long)
5192 [restartedMain] INFO  o.s.w.s.m.m.a.RequestMappingHandlerMapping - Mapped "{[/v1/update_activity],methods=[PUT]}" onto public org.springframework.http.ResponseEntity<java.lang.Void> com.example.demo.controller.ActivityController.updateActivity(com.example.demo.domain.Activity)
5193 [restartedMain] INFO  o.s.w.s.m.m.a.RequestMappingHandlerMapping - Mapped "{[/v1/all_books],methods=[GET]}" onto public org.springframework.http.ResponseEntity<java.util.List<com.example.demo.domain.Book>> com.example.demo.controller.BookController.getBooks()
5194 [restartedMain] INFO  o.s.w.s.m.m.a.RequestMappingHandlerMapping - Mapped "{[/v1/delete_book/{id}],methods=[DELETE]}" onto public org.springframework.http.ResponseEntity<java.lang.Void> com.example.demo.controller.BookController.deleteBook(java.lang.Long)
5194 [restartedMain] INFO  o.s.w.s.m.m.a.RequestMappingHandlerMapping - Mapped "{[/v1/update_book],methods=[PUT]}" onto public org.springframework.http.ResponseEntity<java.lang.Void> com.example.demo.controller.BookController.updateBook(com.example.demo.domain.Book)
5195 [restartedMain] INFO  o.s.w.s.m.m.a.RequestMappingHandlerMapping - Mapped "{[/v1/book/{id}],methods=[GET]}" onto public org.springframework.http.ResponseEntity<com.example.demo.domain.Book> com.example.demo.controller.BookController.getBook(java.lang.Long)
5195 [restartedMain] INFO  o.s.w.s.m.m.a.RequestMappingHandlerMapping - Mapped "{[/v1/add_book],methods=[POST]}" onto public org.springframework.http.ResponseEntity<com.example.demo.domain.Book> com.example.demo.controller.BookController.addBook(com.example.demo.domain.Book)
5196 [restartedMain] INFO  o.s.w.s.m.m.a.RequestMappingHandlerMapping - Mapped "{[/v1/add_category],methods=[POST]}" onto public org.springframework.http.ResponseEntity<com.example.demo.domain.BookCategory> com.example.demo.controller.CategoryController.addCategory(com.example.demo.domain.BookCategory)
5196 [restartedMain] INFO  o.s.w.s.m.m.a.RequestMappingHandlerMapping - Mapped "{[/v1/update_category],methods=[PUT]}" onto public org.springframework.http.ResponseEntity<java.lang.Void> com.example.demo.controller.CategoryController.updateCategory(com.example.demo.domain.BookCategory)
5199 [restartedMain] INFO  o.s.w.s.m.m.a.RequestMappingHandlerMapping - Mapped "{[/v1/role],methods=[GET]}" onto public org.springframework.http.ResponseEntity<com.example.demo.domain.Role> com.example.demo.controller.RoleController.getRole(java.lang.Long)
5200 [restartedMain] INFO  o.s.w.s.m.m.a.RequestMappingHandlerMapping - Mapped "{[/v1/update_role],methods=[PUT]}" onto public org.springframework.http.ResponseEntity<java.lang.Void> com.example.demo.controller.RoleController.updateRole(com.example.demo.domain.Role)
5200 [restartedMain] INFO  o.s.w.s.m.m.a.RequestMappingHandlerMapping - Mapped "{[/v1/update_role],methods=[POST]}" onto public org.springframework.http.ResponseEntity<java.lang.Object> com.example.demo.controller.RoleController.changeStatus(java.util.Map<java.lang.String, java.lang.String>)
5201 [restartedMain] INFO  o.s.w.s.m.m.a.RequestMappingHandlerMapping - Mapped "{[/v1/roles],methods=[GET]}" onto public org.springframework.http.ResponseEntity<java.util.List<com.example.demo.domain.Role>> com.example.demo.controller.RoleController.getAllRoles()
5201 [restartedMain] INFO  o.s.w.s.m.m.a.RequestMappingHandlerMapping - Mapped "{[/v1/delete_role/{id}],methods=[DELETE]}" onto public org.springframework.http.ResponseEntity<java.lang.Void> com.example.demo.controller.RoleController.deleteRole(java.lang.Long)
5202 [restartedMain] INFO  o.s.w.s.m.m.a.RequestMappingHandlerMapping - Mapped "{[/v1/add_role],methods=[POST]}" onto public org.springframework.http.ResponseEntity<com.example.demo.domain.Role> com.example.demo.controller.RoleController.addRole(com.example.demo.domain.Role)
5203 [restartedMain] INFO  o.s.w.s.m.m.a.RequestMappingHandlerMapping - Mapped "{[/v1/get_all],methods=[GET]}" onto public org.springframework.http.ResponseEntity<java.util.List<com.example.demo.domain.User>> com.example.demo.controller.UserController.getUsers()
5203 [restartedMain] INFO  o.s.w.s.m.m.a.RequestMappingHandlerMapping - Mapped "{[/v1/delete_user/{id}],methods=[DELETE]}" onto public org.springframework.http.ResponseEntity<java.lang.Void> com.example.demo.controller.UserController.deleteUser(java.lang.Long)
5204 [restartedMain] INFO  o.s.w.s.m.m.a.RequestMappingHandlerMapping - Mapped "{[/v1/update_user],methods=[POST]}" onto public org.springframework.http.ResponseEntity<java.lang.Void> com.example.demo.controller.UserController.updateUser(com.example.demo.domain.User)
5204 [restartedMain] INFO  o.s.w.s.m.m.a.RequestMappingHandlerMapping - Mapped "{[/v1/user/{id}],methods=[GET]}" onto public org.springframework.http.ResponseEntity<com.example.demo.domain.User> com.example.demo.controller.UserController.getUser(java.lang.Long)
5205 [restartedMain] INFO  o.s.w.s.m.m.a.RequestMappingHandlerMapping - Mapped "{[/v1/add_user],methods=[POST]}" onto public void com.example.demo.controller.UserController.addUser(com.example.demo.domain.User)
5206 [restartedMain] INFO  o.s.w.s.m.m.a.RequestMappingHandlerMapping - Mapped "{[/v1/add_profile],methods=[POST]}" onto public void com.example.demo.controller.UserProfileController.addActivity(com.example.demo.domain.UserProfile)
5206 [restartedMain] INFO  o.s.w.s.m.m.a.RequestMappingHandlerMapping - Mapped "{[/v1/profiles],methods=[GET]}" onto public org.springframework.http.ResponseEntity<java.util.List<com.example.demo.domain.UserProfile>> com.example.demo.controller.UserProfileController.getUserProfiles()
5207 [restartedMain] INFO  o.s.w.s.m.m.a.RequestMappingHandlerMapping - Mapped "{[/v1/delete_profile/{id}],methods=[DELETE]}" onto public org.springframework.http.ResponseEntity<java.lang.Void> com.example.demo.controller.UserProfileController.deleteUserProfile(java.lang.Long)
5207 [restartedMain] INFO  o.s.w.s.m.m.a.RequestMappingHandlerMapping - Mapped "{[/v1/update_profile],methods=[PUT]}" onto public org.springframework.http.ResponseEntity<java.lang.Void> com.example.demo.controller.UserProfileController.updateUserProfile(com.example.demo.domain.UserProfile)
5208 [restartedMain] INFO  o.s.w.s.m.m.a.RequestMappingHandlerMapping - Mapped "{[/v1/profile/{id}],methods=[GET]}" onto public org.springframework.http.ResponseEntity<com.example.demo.domain.UserProfile> com.example.demo.controller.UserProfileController.getUserProfile(java.lang.Long)
5209 [restartedMain] INFO  o.s.w.s.m.m.a.RequestMappingHandlerMapping - Mapped "{[/v2/api-docs],methods=[GET],produces=[application/json || application/hal+json]}" onto public org.springframework.http.ResponseEntity<springfox.documentation.spring.web.json.Json> springfox.documentation.swagger2.web.Swagger2Controller.getDocumentation(java.lang.String,javax.servlet.http.HttpServletRequest)
5212 [restartedMain] INFO  o.s.w.s.m.m.a.RequestMappingHandlerMapping - Mapped "{[/swagger-resources/configuration/ui]}" onto org.springframework.http.ResponseEntity<springfox.documentation.swagger.web.UiConfiguration> springfox.documentation.swagger.web.ApiResourceController.uiConfiguration()
5213 [restartedMain] INFO  o.s.w.s.m.m.a.RequestMappingHandlerMapping - Mapped "{[/swagger-resources]}" onto org.springframework.http.ResponseEntity<java.util.List<springfox.documentation.swagger.web.SwaggerResource>> springfox.documentation.swagger.web.ApiResourceController.swaggerResources()
5214 [restartedMain] INFO  o.s.w.s.m.m.a.RequestMappingHandlerMapping - Mapped "{[/swagger-resources/configuration/security]}" onto org.springframework.http.ResponseEntity<springfox.documentation.swagger.web.SecurityConfiguration> springfox.documentation.swagger.web.ApiResourceController.securityConfiguration()
5216 [restartedMain] INFO  o.s.w.s.m.m.a.RequestMappingHandlerMapping - Mapped "{[/error],produces=[text/html]}" onto public org.springframework.web.servlet.ModelAndView org.springframework.boot.autoconfigure.web.BasicErrorController.errorHtml(javax.servlet.http.HttpServletRequest,javax.servlet.http.HttpServletResponse)
5217 [restartedMain] INFO  o.s.w.s.m.m.a.RequestMappingHandlerMapping - Mapped "{[/error]}" onto public org.springframework.http.ResponseEntity<java.util.Map<java.lang.String, java.lang.Object>> org.springframework.boot.autoconfigure.web.BasicErrorController.error(javax.servlet.http.HttpServletRequest)
5523 [restartedMain] INFO  o.s.w.s.m.m.a.RequestMappingHandlerAdapter - Looking for @ControllerAdvice: org.springframework.boot.context.embedded.AnnotationConfigEmbeddedWebApplicationContext@723a5b60: startup date [Wed Mar 07 19:48:36 IST 2018]; root of context hierarchy
5576 [restartedMain] INFO  o.s.w.s.h.SimpleUrlHandlerMapping - Mapped URL path [/webjars/**] onto handler of type [class org.springframework.web.servlet.resource.ResourceHttpRequestHandler]
5576 [restartedMain] INFO  o.s.w.s.h.SimpleUrlHandlerMapping - Mapped URL path [/**] onto handler of type [class org.springframework.web.servlet.resource.ResourceHttpRequestHandler]
5593 [restartedMain] INFO  o.s.w.s.m.m.a.ExceptionHandlerExceptionResolver - Detected @ExceptionHandler methods in exceptionHandlerControllerAdvice
5615 [restartedMain] INFO  o.s.w.s.h.SimpleUrlHandlerMapping - Mapped URL path [/**/favicon.ico] onto handler of type [class org.springframework.web.servlet.resource.ResourceHttpRequestHandler]
8124 [restartedMain] INFO  com.example.demo.Demo1Application - Started Demo1Application in 7.893 seconds (JVM running for 8.522)
