157405 [restartedMain] INFO  com.example.demo.Demo1Application - Starting Demo1Application on dharmendra with PID 13350 (/home/dharmendra/Documents/workspace-sts-3.9.2.RELEASE/demo-1/target/classes started by dharmendra in /home/dharmendra/Documents/workspace-sts-3.9.2.RELEASE/demo-1)
157406 [restartedMain] DEBUG com.example.demo.Demo1Application - Running with Spring Boot v1.5.10.RELEASE, Spring v4.3.14.RELEASE
157407 [restartedMain] INFO  com.example.demo.Demo1Application - No active profile set, falling back to default profiles: default
157721 [localhost-startStop-1] INFO  o.s.web.context.ContextLoader - Root WebApplicationContext: initialization completed in 313 ms
158220 [restartedMain] INFO  o.s.w.s.m.m.a.RequestMappingHandlerAdapter - Looking for @ControllerAdvice: org.springframework.boot.context.embedded.AnnotationConfigEmbeddedWebApplicationContext@3bd738ba: startup date [Thu Mar 01 13:27:25 IST 2018]; root of context hierarchy
158230 [restartedMain] INFO  o.s.w.s.m.m.a.RequestMappingHandlerMapping - Mapped "{[/v1/assign_activities],methods=[PUT]}" onto public org.springframework.http.ResponseEntity<java.lang.Object> com.example.demo.controller.ActivityController.assignActivities(com.example.demo.dto.RoleActivityDTO)
158231 [restartedMain] INFO  o.s.w.s.m.m.a.RequestMappingHandlerMapping - Mapped "{[/v1/add_activity],methods=[POST]}" onto public void com.example.demo.controller.ActivityController.addActivity(com.example.demo.domain.Activity)
158231 [restartedMain] INFO  o.s.w.s.m.m.a.RequestMappingHandlerMapping - Mapped "{[/v1/activities],methods=[GET]}" onto public org.springframework.http.ResponseEntity<java.util.List<com.example.demo.domain.Activity>> com.example.demo.controller.ActivityController.getActivities()
158231 [restartedMain] INFO  o.s.w.s.m.m.a.RequestMappingHandlerMapping - Mapped "{[/v1/delete_activity/{id}],methods=[DELETE]}" onto public org.springframework.http.ResponseEntity<java.lang.Void> com.example.demo.controller.ActivityController.deleteActivity(java.lang.Long)
158232 [restartedMain] INFO  o.s.w.s.m.m.a.RequestMappingHandlerMapping - Mapped "{[/v1/update_activity],methods=[PUT]}" onto public org.springframework.http.ResponseEntity<java.lang.Void> com.example.demo.controller.ActivityController.updateActivity(com.example.demo.domain.Activity)
158233 [restartedMain] INFO  o.s.w.s.m.m.a.RequestMappingHandlerMapping - Mapped "{[/v1/add_book],methods=[POST]}" onto public org.springframework.http.ResponseEntity<com.example.demo.domain.Book> com.example.demo.controller.BookController.addBook(com.example.demo.domain.Book)
158233 [restartedMain] INFO  o.s.w.s.m.m.a.RequestMappingHandlerMapping - Mapped "{[/v1/all_books],methods=[GET]}" onto public org.springframework.http.ResponseEntity<java.util.List<com.example.demo.domain.Book>> com.example.demo.controller.BookController.getBooks()
158233 [restartedMain] INFO  o.s.w.s.m.m.a.RequestMappingHandlerMapping - Mapped "{[/v1/delete_book/{id}],methods=[DELETE]}" onto public org.springframework.http.ResponseEntity<java.lang.Void> com.example.demo.controller.BookController.deleteBook(java.lang.Long)
158234 [restartedMain] INFO  o.s.w.s.m.m.a.RequestMappingHandlerMapping - Mapped "{[/v1/update_book],methods=[PUT]}" onto public org.springframework.http.ResponseEntity<java.lang.Void> com.example.demo.controller.BookController.updateBook(com.example.demo.domain.Book)
158234 [restartedMain] INFO  o.s.w.s.m.m.a.RequestMappingHandlerMapping - Mapped "{[/v1/book/{id}],methods=[GET]}" onto public org.springframework.http.ResponseEntity<com.example.demo.domain.Book> com.example.demo.controller.BookController.getBook(java.lang.Long)
158235 [restartedMain] INFO  o.s.w.s.m.m.a.RequestMappingHandlerMapping - Mapped "{[/v1/add_category],methods=[POST]}" onto public org.springframework.http.ResponseEntity<com.example.demo.domain.BookCategory> com.example.demo.controller.CategoryController.addCategory(com.example.demo.domain.BookCategory)
158235 [restartedMain] INFO  o.s.w.s.m.m.a.RequestMappingHandlerMapping - Mapped "{[/v1/update_category],methods=[PUT]}" onto public org.springframework.http.ResponseEntity<java.lang.Void> com.example.demo.controller.CategoryController.updateCategory(com.example.demo.domain.BookCategory)
158236 [restartedMain] INFO  o.s.w.s.m.m.a.RequestMappingHandlerMapping - Mapped "{[/v1/role],methods=[GET]}" onto public org.springframework.http.ResponseEntity<com.example.demo.domain.Role> com.example.demo.controller.RoleController.getRole(java.lang.Long)
158237 [restartedMain] INFO  o.s.w.s.m.m.a.RequestMappingHandlerMapping - Mapped "{[/v1/add_role],methods=[POST]}" onto public org.springframework.http.ResponseEntity<com.example.demo.domain.Role> com.example.demo.controller.RoleController.addRole(com.example.demo.domain.Role)
158237 [restartedMain] INFO  o.s.w.s.m.m.a.RequestMappingHandlerMapping - Mapped "{[/v1/update_role],methods=[PUT]}" onto public org.springframework.http.ResponseEntity<java.lang.Void> com.example.demo.controller.RoleController.updateRole(com.example.demo.domain.Role)
158237 [restartedMain] INFO  o.s.w.s.m.m.a.RequestMappingHandlerMapping - Mapped "{[/v1/update_role],methods=[POST]}" onto public org.springframework.http.ResponseEntity<java.lang.Object> com.example.demo.controller.RoleController.changeStatus(java.util.Map<java.lang.String, java.lang.String>)
158238 [restartedMain] INFO  o.s.w.s.m.m.a.RequestMappingHandlerMapping - Mapped "{[/v1/roles],methods=[GET]}" onto public org.springframework.http.ResponseEntity<java.util.List<com.example.demo.domain.Role>> com.example.demo.controller.RoleController.getAllRoles()
158238 [restartedMain] INFO  o.s.w.s.m.m.a.RequestMappingHandlerMapping - Mapped "{[/v1/delete_role/{id}],methods=[DELETE]}" onto public org.springframework.http.ResponseEntity<java.lang.Void> com.example.demo.controller.RoleController.deleteRole(java.lang.Long)
158239 [restartedMain] INFO  o.s.w.s.m.m.a.RequestMappingHandlerMapping - Mapped "{[/v1/add_user],methods=[POST]}" onto public void com.example.demo.controller.UserController.addUser(com.example.demo.domain.User)
158239 [restartedMain] INFO  o.s.w.s.m.m.a.RequestMappingHandlerMapping - Mapped "{[/v1/get_all],methods=[GET]}" onto public org.springframework.http.ResponseEntity<java.util.List<com.example.demo.domain.User>> com.example.demo.controller.UserController.getUsers()
158239 [restartedMain] INFO  o.s.w.s.m.m.a.RequestMappingHandlerMapping - Mapped "{[/v1/delete_user/{id}],methods=[DELETE]}" onto public org.springframework.http.ResponseEntity<java.lang.Void> com.example.demo.controller.UserController.deleteUser(java.lang.Long)
158240 [restartedMain] INFO  o.s.w.s.m.m.a.RequestMappingHandlerMapping - Mapped "{[/v1/update_user],methods=[POST]}" onto public org.springframework.http.ResponseEntity<java.lang.Void> com.example.demo.controller.UserController.updateUser(com.example.demo.domain.User)
158240 [restartedMain] INFO  o.s.w.s.m.m.a.RequestMappingHandlerMapping - Mapped "{[/v1/user/{id}],methods=[GET]}" onto public org.springframework.http.ResponseEntity<com.example.demo.domain.User> com.example.demo.controller.UserController.getUser(java.lang.Long)
158240 [restartedMain] INFO  o.s.w.s.m.m.a.RequestMappingHandlerMapping - Mapped "{[/v1/add_profile],methods=[POST]}" onto public void com.example.demo.controller.UserProfileController.addActivity(com.example.demo.domain.UserProfile)
158241 [restartedMain] INFO  o.s.w.s.m.m.a.RequestMappingHandlerMapping - Mapped "{[/v1/profiles],methods=[GET]}" onto public org.springframework.http.ResponseEntity<java.util.List<com.example.demo.domain.UserProfile>> com.example.demo.controller.UserProfileController.getUserProfiles()
158241 [restartedMain] INFO  o.s.w.s.m.m.a.RequestMappingHandlerMapping - Mapped "{[/v1/delete_profile/{id}],methods=[DELETE]}" onto public org.springframework.http.ResponseEntity<java.lang.Void> com.example.demo.controller.UserProfileController.deleteUserProfile(java.lang.Long)
158241 [restartedMain] INFO  o.s.w.s.m.m.a.RequestMappingHandlerMapping - Mapped "{[/v1/update_profile],methods=[PUT]}" onto public org.springframework.http.ResponseEntity<java.lang.Void> com.example.demo.controller.UserProfileController.updateUserProfile(com.example.demo.domain.UserProfile)
158242 [restartedMain] INFO  o.s.w.s.m.m.a.RequestMappingHandlerMapping - Mapped "{[/v1/profile/{id}],methods=[GET]}" onto public org.springframework.http.ResponseEntity<com.example.demo.domain.UserProfile> com.example.demo.controller.UserProfileController.getUserProfile(java.lang.Long)
158243 [restartedMain] INFO  o.s.w.s.m.m.a.RequestMappingHandlerMapping - Mapped "{[/error],produces=[text/html]}" onto public org.springframework.web.servlet.ModelAndView org.springframework.boot.autoconfigure.web.BasicErrorController.errorHtml(javax.servlet.http.HttpServletRequest,javax.servlet.http.HttpServletResponse)
158244 [restartedMain] INFO  o.s.w.s.m.m.a.RequestMappingHandlerMapping - Mapped "{[/error]}" onto public org.springframework.http.ResponseEntity<java.util.Map<java.lang.String, java.lang.Object>> org.springframework.boot.autoconfigure.web.BasicErrorController.error(javax.servlet.http.HttpServletRequest)
158253 [restartedMain] INFO  o.s.w.s.h.SimpleUrlHandlerMapping - Mapped URL path [/webjars/**] onto handler of type [class org.springframework.web.servlet.resource.ResourceHttpRequestHandler]
158253 [restartedMain] INFO  o.s.w.s.h.SimpleUrlHandlerMapping - Mapped URL path [/**] onto handler of type [class org.springframework.web.servlet.resource.ResourceHttpRequestHandler]
158266 [restartedMain] INFO  o.s.w.s.h.SimpleUrlHandlerMapping - Mapped URL path [/**/favicon.ico] onto handler of type [class org.springframework.web.servlet.resource.ResourceHttpRequestHandler]
158365 [restartedMain] INFO  com.example.demo.Demo1Application - Started Demo1Application in 1.082 seconds (JVM running for 158.707)
1946391 [http-nio-1119-exec-2] INFO  o.s.web.servlet.DispatcherServlet - FrameworkServlet 'dispatcherServlet': initialization started
1946403 [http-nio-1119-exec-2] INFO  o.s.web.servlet.DispatcherServlet - FrameworkServlet 'dispatcherServlet': initialization completed in 12 ms
1946465 [http-nio-1119-exec-2] INFO  c.e.demo.controller.BookController - book with given id does not exists
1965436 [http-nio-1119-exec-3] INFO  c.e.demo.controller.BookController - book with given id does not exists
1985977 [http-nio-1119-exec-4] INFO  c.e.demo.controller.BookController - Found Book:
2048733 [http-nio-1119-exec-7] INFO  c.e.demo.controller.BookController - Added book successfully 
581  [restartedMain] INFO  com.example.demo.Demo1Application - Starting Demo1Application on dharmendra with PID 19678 (/home/dharmendra/Documents/workspace-sts-3.9.2.RELEASE/demo-1/target/classes started by dharmendra in /home/dharmendra/Documents/workspace-sts-3.9.2.RELEASE/demo-1)
583  [restartedMain] DEBUG com.example.demo.Demo1Application - Running with Spring Boot v1.5.10.RELEASE, Spring v4.3.14.RELEASE
584  [restartedMain] INFO  com.example.demo.Demo1Application - No active profile set, falling back to default profiles: default
2485 [localhost-startStop-1] INFO  o.s.web.context.ContextLoader - Root WebApplicationContext: initialization completed in 1856 ms
4811 [restartedMain] INFO  o.s.w.s.m.m.a.RequestMappingHandlerMapping - Mapped "{[/v1/assign_activities],methods=[PUT]}" onto public org.springframework.http.ResponseEntity<java.lang.Object> com.example.demo.controller.ActivityController.assignActivities(com.example.demo.dto.RoleActivityDTO)
4813 [restartedMain] INFO  o.s.w.s.m.m.a.RequestMappingHandlerMapping - Mapped "{[/v1/add_activity],methods=[POST]}" onto public void com.example.demo.controller.ActivityController.addActivity(com.example.demo.domain.Activity)
4813 [restartedMain] INFO  o.s.w.s.m.m.a.RequestMappingHandlerMapping - Mapped "{[/v1/activities],methods=[GET]}" onto public org.springframework.http.ResponseEntity<java.util.List<com.example.demo.domain.Activity>> com.example.demo.controller.ActivityController.getActivities()
4814 [restartedMain] INFO  o.s.w.s.m.m.a.RequestMappingHandlerMapping - Mapped "{[/v1/delete_activity/{id}],methods=[DELETE]}" onto public org.springframework.http.ResponseEntity<java.lang.Void> com.example.demo.controller.ActivityController.deleteActivity(java.lang.Long)
4815 [restartedMain] INFO  o.s.w.s.m.m.a.RequestMappingHandlerMapping - Mapped "{[/v1/update_activity],methods=[PUT]}" onto public org.springframework.http.ResponseEntity<java.lang.Void> com.example.demo.controller.ActivityController.updateActivity(com.example.demo.domain.Activity)
4816 [restartedMain] INFO  o.s.w.s.m.m.a.RequestMappingHandlerMapping - Mapped "{[/v1/add_book],methods=[POST]}" onto public org.springframework.http.ResponseEntity<com.example.demo.domain.Book> com.example.demo.controller.BookController.addBook(com.example.demo.domain.Book)
4817 [restartedMain] INFO  o.s.w.s.m.m.a.RequestMappingHandlerMapping - Mapped "{[/v1/all_books],methods=[GET]}" onto public org.springframework.http.ResponseEntity<java.util.List<com.example.demo.domain.Book>> com.example.demo.controller.BookController.getBooks()
4817 [restartedMain] INFO  o.s.w.s.m.m.a.RequestMappingHandlerMapping - Mapped "{[/v1/delete_book/{id}],methods=[DELETE]}" onto public org.springframework.http.ResponseEntity<java.lang.Void> com.example.demo.controller.BookController.deleteBook(java.lang.Long)
4818 [restartedMain] INFO  o.s.w.s.m.m.a.RequestMappingHandlerMapping - Mapped "{[/v1/update_book],methods=[PUT]}" onto public org.springframework.http.ResponseEntity<java.lang.Void> com.example.demo.controller.BookController.updateBook(com.example.demo.domain.Book)
4819 [restartedMain] INFO  o.s.w.s.m.m.a.RequestMappingHandlerMapping - Mapped "{[/v1/book/{id}],methods=[GET]}" onto public org.springframework.http.ResponseEntity<com.example.demo.domain.Book> com.example.demo.controller.BookController.getBook(java.lang.Long)
4820 [restartedMain] INFO  o.s.w.s.m.m.a.RequestMappingHandlerMapping - Mapped "{[/v1/add_category],methods=[POST]}" onto public org.springframework.http.ResponseEntity<com.example.demo.domain.BookCategory> com.example.demo.controller.CategoryController.addCategory(com.example.demo.domain.BookCategory)
4821 [restartedMain] INFO  o.s.w.s.m.m.a.RequestMappingHandlerMapping - Mapped "{[/v1/update_category],methods=[PUT]}" onto public org.springframework.http.ResponseEntity<java.lang.Void> com.example.demo.controller.CategoryController.updateCategory(com.example.demo.domain.BookCategory)
4824 [restartedMain] INFO  o.s.w.s.m.m.a.RequestMappingHandlerMapping - Mapped "{[/v1/role],methods=[GET]}" onto public org.springframework.http.ResponseEntity<com.example.demo.domain.Role> com.example.demo.controller.RoleController.getRole(java.lang.Long)
4825 [restartedMain] INFO  o.s.w.s.m.m.a.RequestMappingHandlerMapping - Mapped "{[/v1/add_role],methods=[POST]}" onto public org.springframework.http.ResponseEntity<com.example.demo.domain.Role> com.example.demo.controller.RoleController.addRole(com.example.demo.domain.Role)
4826 [restartedMain] INFO  o.s.w.s.m.m.a.RequestMappingHandlerMapping - Mapped "{[/v1/update_role],methods=[POST]}" onto public org.springframework.http.ResponseEntity<java.lang.Object> com.example.demo.controller.RoleController.changeStatus(java.util.Map<java.lang.String, java.lang.String>)
4826 [restartedMain] INFO  o.s.w.s.m.m.a.RequestMappingHandlerMapping - Mapped "{[/v1/roles],methods=[GET]}" onto public org.springframework.http.ResponseEntity<java.util.List<com.example.demo.domain.Role>> com.example.demo.controller.RoleController.getAllRoles()
4827 [restartedMain] INFO  o.s.w.s.m.m.a.RequestMappingHandlerMapping - Mapped "{[/v1/delete_role/{id}],methods=[DELETE]}" onto public org.springframework.http.ResponseEntity<java.lang.Void> com.example.demo.controller.RoleController.deleteRole(java.lang.Long)
4828 [restartedMain] INFO  o.s.w.s.m.m.a.RequestMappingHandlerMapping - Mapped "{[/v1/update_role],methods=[PUT]}" onto public org.springframework.http.ResponseEntity<java.lang.Void> com.example.demo.controller.RoleController.updateRole(com.example.demo.domain.Role)
4829 [restartedMain] INFO  o.s.w.s.m.m.a.RequestMappingHandlerMapping - Mapped "{[/v1/add_user],methods=[POST]}" onto public void com.example.demo.controller.UserController.addUser(com.example.demo.domain.User)
4830 [restartedMain] INFO  o.s.w.s.m.m.a.RequestMappingHandlerMapping - Mapped "{[/v1/get_all],methods=[GET]}" onto public org.springframework.http.ResponseEntity<java.util.List<com.example.demo.domain.User>> com.example.demo.controller.UserController.getUsers()
4830 [restartedMain] INFO  o.s.w.s.m.m.a.RequestMappingHandlerMapping - Mapped "{[/v1/delete_user/{id}],methods=[DELETE]}" onto public org.springframework.http.ResponseEntity<java.lang.Void> com.example.demo.controller.UserController.deleteUser(java.lang.Long)
4831 [restartedMain] INFO  o.s.w.s.m.m.a.RequestMappingHandlerMapping - Mapped "{[/v1/update_user],methods=[POST]}" onto public org.springframework.http.ResponseEntity<java.lang.Void> com.example.demo.controller.UserController.updateUser(com.example.demo.domain.User)
4832 [restartedMain] INFO  o.s.w.s.m.m.a.RequestMappingHandlerMapping - Mapped "{[/v1/user/{id}],methods=[GET]}" onto public org.springframework.http.ResponseEntity<com.example.demo.domain.User> com.example.demo.controller.UserController.getUser(java.lang.Long)
4833 [restartedMain] INFO  o.s.w.s.m.m.a.RequestMappingHandlerMapping - Mapped "{[/v1/add_profile],methods=[POST]}" onto public void com.example.demo.controller.UserProfileController.addActivity(com.example.demo.domain.UserProfile)
4834 [restartedMain] INFO  o.s.w.s.m.m.a.RequestMappingHandlerMapping - Mapped "{[/v1/profiles],methods=[GET]}" onto public org.springframework.http.ResponseEntity<java.util.List<com.example.demo.domain.UserProfile>> com.example.demo.controller.UserProfileController.getUserProfiles()
4835 [restartedMain] INFO  o.s.w.s.m.m.a.RequestMappingHandlerMapping - Mapped "{[/v1/delete_profile/{id}],methods=[DELETE]}" onto public org.springframework.http.ResponseEntity<java.lang.Void> com.example.demo.controller.UserProfileController.deleteUserProfile(java.lang.Long)
4836 [restartedMain] INFO  o.s.w.s.m.m.a.RequestMappingHandlerMapping - Mapped "{[/v1/update_profile],methods=[PUT]}" onto public org.springframework.http.ResponseEntity<java.lang.Void> com.example.demo.controller.UserProfileController.updateUserProfile(com.example.demo.domain.UserProfile)
4837 [restartedMain] INFO  o.s.w.s.m.m.a.RequestMappingHandlerMapping - Mapped "{[/v1/profile/{id}],methods=[GET]}" onto public org.springframework.http.ResponseEntity<com.example.demo.domain.UserProfile> com.example.demo.controller.UserProfileController.getUserProfile(java.lang.Long)
4839 [restartedMain] INFO  o.s.w.s.m.m.a.RequestMappingHandlerMapping - Mapped "{[/v2/api-docs],methods=[GET],produces=[application/json || application/hal+json]}" onto public org.springframework.http.ResponseEntity<springfox.documentation.spring.web.json.Json> springfox.documentation.swagger2.web.Swagger2Controller.getDocumentation(java.lang.String,javax.servlet.http.HttpServletRequest)
4844 [restartedMain] INFO  o.s.w.s.m.m.a.RequestMappingHandlerMapping - Mapped "{[/swagger-resources/configuration/ui]}" onto org.springframework.http.ResponseEntity<springfox.documentation.swagger.web.UiConfiguration> springfox.documentation.swagger.web.ApiResourceController.uiConfiguration()
4845 [restartedMain] INFO  o.s.w.s.m.m.a.RequestMappingHandlerMapping - Mapped "{[/swagger-resources]}" onto org.springframework.http.ResponseEntity<java.util.List<springfox.documentation.swagger.web.SwaggerResource>> springfox.documentation.swagger.web.ApiResourceController.swaggerResources()
4846 [restartedMain] INFO  o.s.w.s.m.m.a.RequestMappingHandlerMapping - Mapped "{[/swagger-resources/configuration/security]}" onto org.springframework.http.ResponseEntity<springfox.documentation.swagger.web.SecurityConfiguration> springfox.documentation.swagger.web.ApiResourceController.securityConfiguration()
4849 [restartedMain] INFO  o.s.w.s.m.m.a.RequestMappingHandlerMapping - Mapped "{[/error],produces=[text/html]}" onto public org.springframework.web.servlet.ModelAndView org.springframework.boot.autoconfigure.web.BasicErrorController.errorHtml(javax.servlet.http.HttpServletRequest,javax.servlet.http.HttpServletResponse)
4850 [restartedMain] INFO  o.s.w.s.m.m.a.RequestMappingHandlerMapping - Mapped "{[/error]}" onto public org.springframework.http.ResponseEntity<java.util.Map<java.lang.String, java.lang.Object>> org.springframework.boot.autoconfigure.web.BasicErrorController.error(javax.servlet.http.HttpServletRequest)
5196 [restartedMain] INFO  o.s.w.s.m.m.a.RequestMappingHandlerAdapter - Looking for @ControllerAdvice: org.springframework.boot.context.embedded.AnnotationConfigEmbeddedWebApplicationContext@789a5e4f: startup date [Thu Mar 01 17:08:57 IST 2018]; root of context hierarchy
5265 [restartedMain] INFO  o.s.w.s.h.SimpleUrlHandlerMapping - Mapped URL path [/webjars/**] onto handler of type [class org.springframework.web.servlet.resource.ResourceHttpRequestHandler]
5265 [restartedMain] INFO  o.s.w.s.h.SimpleUrlHandlerMapping - Mapped URL path [/**] onto handler of type [class org.springframework.web.servlet.resource.ResourceHttpRequestHandler]
5317 [restartedMain] INFO  o.s.w.s.h.SimpleUrlHandlerMapping - Mapped URL path [/**/favicon.ico] onto handler of type [class org.springframework.web.servlet.resource.ResourceHttpRequestHandler]
5722 [restartedMain] INFO  com.example.demo.Demo1Application - Started Demo1Application in 5.55 seconds (JVM running for 6.041)
211251 [http-nio-1119-exec-1] INFO  o.s.web.servlet.DispatcherServlet - FrameworkServlet 'dispatcherServlet': initialization started
211267 [http-nio-1119-exec-1] INFO  o.s.web.servlet.DispatcherServlet - FrameworkServlet 'dispatcherServlet': initialization completed in 15 ms
571717 [restartedMain] INFO  com.example.demo.Demo1Application - Starting Demo1Application on dharmendra with PID 19678 (/home/dharmendra/Documents/workspace-sts-3.9.2.RELEASE/demo-1/target/classes started by dharmendra in /home/dharmendra/Documents/workspace-sts-3.9.2.RELEASE/demo-1)
571717 [restartedMain] DEBUG com.example.demo.Demo1Application - Running with Spring Boot v1.5.10.RELEASE, Spring v4.3.14.RELEASE
571718 [restartedMain] INFO  com.example.demo.Demo1Application - No active profile set, falling back to default profiles: default
572250 [localhost-startStop-1] INFO  o.s.web.context.ContextLoader - Root WebApplicationContext: initialization completed in 530 ms
572974 [restartedMain] INFO  o.s.w.s.m.m.a.RequestMappingHandlerMapping - Mapped "{[/v1/assign_activities],methods=[PUT]}" onto public org.springframework.http.ResponseEntity<java.lang.Object> com.example.demo.controller.ActivityController.assignActivities(com.example.demo.dto.RoleActivityDTO)
572975 [restartedMain] INFO  o.s.w.s.m.m.a.RequestMappingHandlerMapping - Mapped "{[/v1/add_activity],methods=[POST]}" onto public void com.example.demo.controller.ActivityController.addActivity(com.example.demo.domain.Activity)
572975 [restartedMain] INFO  o.s.w.s.m.m.a.RequestMappingHandlerMapping - Mapped "{[/v1/activities],methods=[GET]}" onto public org.springframework.http.ResponseEntity<java.util.List<com.example.demo.domain.Activity>> com.example.demo.controller.ActivityController.getActivities()
572976 [restartedMain] INFO  o.s.w.s.m.m.a.RequestMappingHandlerMapping - Mapped "{[/v1/delete_activity/{id}],methods=[DELETE]}" onto public org.springframework.http.ResponseEntity<java.lang.Void> com.example.demo.controller.ActivityController.deleteActivity(java.lang.Long)
572976 [restartedMain] INFO  o.s.w.s.m.m.a.RequestMappingHandlerMapping - Mapped "{[/v1/update_activity],methods=[PUT]}" onto public org.springframework.http.ResponseEntity<java.lang.Void> com.example.demo.controller.ActivityController.updateActivity(com.example.demo.domain.Activity)
572977 [restartedMain] INFO  o.s.w.s.m.m.a.RequestMappingHandlerMapping - Mapped "{[/v1/add_book],methods=[POST]}" onto public org.springframework.http.ResponseEntity<com.example.demo.domain.Book> com.example.demo.controller.BookController.addBook(com.example.demo.domain.Book)
572978 [restartedMain] INFO  o.s.w.s.m.m.a.RequestMappingHandlerMapping - Mapped "{[/v1/all_books],methods=[GET]}" onto public org.springframework.http.ResponseEntity<java.util.List<com.example.demo.domain.Book>> com.example.demo.controller.BookController.getBooks()
572978 [restartedMain] INFO  o.s.w.s.m.m.a.RequestMappingHandlerMapping - Mapped "{[/v1/delete_book/{id}],methods=[DELETE]}" onto public org.springframework.http.ResponseEntity<java.lang.Void> com.example.demo.controller.BookController.deleteBook(java.lang.Long)
572979 [restartedMain] INFO  o.s.w.s.m.m.a.RequestMappingHandlerMapping - Mapped "{[/v1/update_book],methods=[PUT]}" onto public org.springframework.http.ResponseEntity<java.lang.Void> com.example.demo.controller.BookController.updateBook(com.example.demo.domain.Book)
572979 [restartedMain] INFO  o.s.w.s.m.m.a.RequestMappingHandlerMapping - Mapped "{[/v1/book/{id}],methods=[GET]}" onto public org.springframework.http.ResponseEntity<com.example.demo.domain.Book> com.example.demo.controller.BookController.getBook(java.lang.Long)
572980 [restartedMain] INFO  o.s.w.s.m.m.a.RequestMappingHandlerMapping - Mapped "{[/v1/add_category],methods=[POST]}" onto public org.springframework.http.ResponseEntity<com.example.demo.domain.BookCategory> com.example.demo.controller.CategoryController.addCategory(com.example.demo.domain.BookCategory)
572981 [restartedMain] INFO  o.s.w.s.m.m.a.RequestMappingHandlerMapping - Mapped "{[/v1/update_category],methods=[PUT]}" onto public org.springframework.http.ResponseEntity<java.lang.Void> com.example.demo.controller.CategoryController.updateCategory(com.example.demo.domain.BookCategory)
572982 [restartedMain] INFO  o.s.w.s.m.m.a.RequestMappingHandlerMapping - Mapped "{[/v1/role],methods=[GET]}" onto public org.springframework.http.ResponseEntity<com.example.demo.domain.Role> com.example.demo.controller.RoleController.getRole(java.lang.Long)
572982 [restartedMain] INFO  o.s.w.s.m.m.a.RequestMappingHandlerMapping - Mapped "{[/v1/add_role],methods=[POST]}" onto public org.springframework.http.ResponseEntity<com.example.demo.domain.Role> com.example.demo.controller.RoleController.addRole(com.example.demo.domain.Role)
572983 [restartedMain] INFO  o.s.w.s.m.m.a.RequestMappingHandlerMapping - Mapped "{[/v1/update_role],methods=[POST]}" onto public org.springframework.http.ResponseEntity<java.lang.Object> com.example.demo.controller.RoleController.changeStatus(java.util.Map<java.lang.String, java.lang.String>)
572984 [restartedMain] INFO  o.s.w.s.m.m.a.RequestMappingHandlerMapping - Mapped "{[/v1/roles],methods=[GET]}" onto public org.springframework.http.ResponseEntity<java.util.List<com.example.demo.domain.Role>> com.example.demo.controller.RoleController.getAllRoles()
572984 [restartedMain] INFO  o.s.w.s.m.m.a.RequestMappingHandlerMapping - Mapped "{[/v1/delete_role/{id}],methods=[DELETE]}" onto public org.springframework.http.ResponseEntity<java.lang.Void> com.example.demo.controller.RoleController.deleteRole(java.lang.Long)
572984 [restartedMain] INFO  o.s.w.s.m.m.a.RequestMappingHandlerMapping - Mapped "{[/v1/update_role],methods=[PUT]}" onto public org.springframework.http.ResponseEntity<java.lang.Void> com.example.demo.controller.RoleController.updateRole(com.example.demo.domain.Role)
572985 [restartedMain] INFO  o.s.w.s.m.m.a.RequestMappingHandlerMapping - Mapped "{[/v1/add_user],methods=[POST]}" onto public void com.example.demo.controller.UserController.addUser(com.example.demo.domain.User)
572986 [restartedMain] INFO  o.s.w.s.m.m.a.RequestMappingHandlerMapping - Mapped "{[/v1/get_all],methods=[GET]}" onto public org.springframework.http.ResponseEntity<java.util.List<com.example.demo.domain.User>> com.example.demo.controller.UserController.getUsers()
572986 [restartedMain] INFO  o.s.w.s.m.m.a.RequestMappingHandlerMapping - Mapped "{[/v1/delete_user/{id}],methods=[DELETE]}" onto public org.springframework.http.ResponseEntity<java.lang.Void> com.example.demo.controller.UserController.deleteUser(java.lang.Long)
572986 [restartedMain] INFO  o.s.w.s.m.m.a.RequestMappingHandlerMapping - Mapped "{[/v1/update_user],methods=[POST]}" onto public org.springframework.http.ResponseEntity<java.lang.Void> com.example.demo.controller.UserController.updateUser(com.example.demo.domain.User)
572987 [restartedMain] INFO  o.s.w.s.m.m.a.RequestMappingHandlerMapping - Mapped "{[/v1/user/{id}],methods=[GET]}" onto public org.springframework.http.ResponseEntity<com.example.demo.domain.User> com.example.demo.controller.UserController.getUser(java.lang.Long)
572987 [restartedMain] INFO  o.s.w.s.m.m.a.RequestMappingHandlerMapping - Mapped "{[/v1/add_profile],methods=[POST]}" onto public void com.example.demo.controller.UserProfileController.addActivity(com.example.demo.domain.UserProfile)
572988 [restartedMain] INFO  o.s.w.s.m.m.a.RequestMappingHandlerMapping - Mapped "{[/v1/profiles],methods=[GET]}" onto public org.springframework.http.ResponseEntity<java.util.List<com.example.demo.domain.UserProfile>> com.example.demo.controller.UserProfileController.getUserProfiles()
572988 [restartedMain] INFO  o.s.w.s.m.m.a.RequestMappingHandlerMapping - Mapped "{[/v1/delete_profile/{id}],methods=[DELETE]}" onto public org.springframework.http.ResponseEntity<java.lang.Void> com.example.demo.controller.UserProfileController.deleteUserProfile(java.lang.Long)
572989 [restartedMain] INFO  o.s.w.s.m.m.a.RequestMappingHandlerMapping - Mapped "{[/v1/update_profile],methods=[PUT]}" onto public org.springframework.http.ResponseEntity<java.lang.Void> com.example.demo.controller.UserProfileController.updateUserProfile(com.example.demo.domain.UserProfile)
572989 [restartedMain] INFO  o.s.w.s.m.m.a.RequestMappingHandlerMapping - Mapped "{[/v1/profile/{id}],methods=[GET]}" onto public org.springframework.http.ResponseEntity<com.example.demo.domain.UserProfile> com.example.demo.controller.UserProfileController.getUserProfile(java.lang.Long)
572990 [restartedMain] INFO  o.s.w.s.m.m.a.RequestMappingHandlerMapping - Mapped "{[/v2/api-docs],methods=[GET],produces=[application/json || application/hal+json]}" onto public org.springframework.http.ResponseEntity<springfox.documentation.spring.web.json.Json> springfox.documentation.swagger2.web.Swagger2Controller.getDocumentation(java.lang.String,javax.servlet.http.HttpServletRequest)
572992 [restartedMain] INFO  o.s.w.s.m.m.a.RequestMappingHandlerMapping - Mapped "{[/swagger-resources/configuration/ui]}" onto org.springframework.http.ResponseEntity<springfox.documentation.swagger.web.UiConfiguration> springfox.documentation.swagger.web.ApiResourceController.uiConfiguration()
572993 [restartedMain] INFO  o.s.w.s.m.m.a.RequestMappingHandlerMapping - Mapped "{[/swagger-resources]}" onto org.springframework.http.ResponseEntity<java.util.List<springfox.documentation.swagger.web.SwaggerResource>> springfox.documentation.swagger.web.ApiResourceController.swaggerResources()
572994 [restartedMain] INFO  o.s.w.s.m.m.a.RequestMappingHandlerMapping - Mapped "{[/swagger-resources/configuration/security]}" onto org.springframework.http.ResponseEntity<springfox.documentation.swagger.web.SecurityConfiguration> springfox.documentation.swagger.web.ApiResourceController.securityConfiguration()
572997 [restartedMain] INFO  o.s.w.s.m.m.a.RequestMappingHandlerMapping - Mapped "{[/error],produces=[text/html]}" onto public org.springframework.web.servlet.ModelAndView org.springframework.boot.autoconfigure.web.BasicErrorController.errorHtml(javax.servlet.http.HttpServletRequest,javax.servlet.http.HttpServletResponse)
572997 [restartedMain] INFO  o.s.w.s.m.m.a.RequestMappingHandlerMapping - Mapped "{[/error]}" onto public org.springframework.http.ResponseEntity<java.util.Map<java.lang.String, java.lang.Object>> org.springframework.boot.autoconfigure.web.BasicErrorController.error(javax.servlet.http.HttpServletRequest)
573096 [restartedMain] INFO  o.s.w.s.m.m.a.RequestMappingHandlerAdapter - Looking for @ControllerAdvice: org.springframework.boot.context.embedded.AnnotationConfigEmbeddedWebApplicationContext@6a570bbe: startup date [Thu Mar 01 17:18:28 IST 2018]; root of context hierarchy
573114 [restartedMain] INFO  o.s.w.s.h.SimpleUrlHandlerMapping - Mapped URL path [/webjars/**] onto handler of type [class org.springframework.web.servlet.resource.ResourceHttpRequestHandler]
573115 [restartedMain] INFO  o.s.w.s.h.SimpleUrlHandlerMapping - Mapped URL path [/**] onto handler of type [class org.springframework.web.servlet.resource.ResourceHttpRequestHandler]
573136 [restartedMain] INFO  o.s.w.s.h.SimpleUrlHandlerMapping - Mapped URL path [/**/favicon.ico] onto handler of type [class org.springframework.web.servlet.resource.ResourceHttpRequestHandler]
573301 [restartedMain] INFO  com.example.demo.Demo1Application - Started Demo1Application in 1.628 seconds (JVM running for 573.62)
580499 [http-nio-1119-exec-1] INFO  o.s.web.servlet.DispatcherServlet - FrameworkServlet 'dispatcherServlet': initialization started
580509 [http-nio-1119-exec-1] INFO  o.s.web.servlet.DispatcherServlet - FrameworkServlet 'dispatcherServlet': initialization completed in 9 ms
620143 [restartedMain] INFO  com.example.demo.Demo1Application - Starting Demo1Application on dharmendra with PID 19678 (/home/dharmendra/Documents/workspace-sts-3.9.2.RELEASE/demo-1/target/classes started by dharmendra in /home/dharmendra/Documents/workspace-sts-3.9.2.RELEASE/demo-1)
620146 [restartedMain] DEBUG com.example.demo.Demo1Application - Running with Spring Boot v1.5.10.RELEASE, Spring v4.3.14.RELEASE
620146 [restartedMain] INFO  com.example.demo.Demo1Application - No active profile set, falling back to default profiles: default
620642 [localhost-startStop-1] INFO  o.s.web.context.ContextLoader - Root WebApplicationContext: initialization completed in 492 ms
621371 [restartedMain] INFO  o.s.w.s.m.m.a.RequestMappingHandlerMapping - Mapped "{[/v1/assign_activities],methods=[PUT]}" onto public org.springframework.http.ResponseEntity<java.lang.Object> com.example.demo.controller.ActivityController.assignActivities(com.example.demo.dto.RoleActivityDTO)
621371 [restartedMain] INFO  o.s.w.s.m.m.a.RequestMappingHandlerMapping - Mapped "{[/v1/add_activity],methods=[POST]}" onto public void com.example.demo.controller.ActivityController.addActivity(com.example.demo.domain.Activity)
621372 [restartedMain] INFO  o.s.w.s.m.m.a.RequestMappingHandlerMapping - Mapped "{[/v1/activities],methods=[GET]}" onto public org.springframework.http.ResponseEntity<java.util.List<com.example.demo.domain.Activity>> com.example.demo.controller.ActivityController.getActivities()
621372 [restartedMain] INFO  o.s.w.s.m.m.a.RequestMappingHandlerMapping - Mapped "{[/v1/delete_activity/{id}],methods=[DELETE]}" onto public org.springframework.http.ResponseEntity<java.lang.Void> com.example.demo.controller.ActivityController.deleteActivity(java.lang.Long)
621373 [restartedMain] INFO  o.s.w.s.m.m.a.RequestMappingHandlerMapping - Mapped "{[/v1/update_activity],methods=[PUT]}" onto public org.springframework.http.ResponseEntity<java.lang.Void> com.example.demo.controller.ActivityController.updateActivity(com.example.demo.domain.Activity)
621373 [restartedMain] INFO  o.s.w.s.m.m.a.RequestMappingHandlerMapping - Mapped "{[/v1/add_book],methods=[POST]}" onto public org.springframework.http.ResponseEntity<com.example.demo.domain.Book> com.example.demo.controller.BookController.addBook(com.example.demo.domain.Book)
621374 [restartedMain] INFO  o.s.w.s.m.m.a.RequestMappingHandlerMapping - Mapped "{[/v1/all_books],methods=[GET]}" onto public org.springframework.http.ResponseEntity<java.util.List<com.example.demo.domain.Book>> com.example.demo.controller.BookController.getBooks()
621375 [restartedMain] INFO  o.s.w.s.m.m.a.RequestMappingHandlerMapping - Mapped "{[/v1/delete_book/{id}],methods=[DELETE]}" onto public org.springframework.http.ResponseEntity<java.lang.Void> com.example.demo.controller.BookController.deleteBook(java.lang.Long)
621375 [restartedMain] INFO  o.s.w.s.m.m.a.RequestMappingHandlerMapping - Mapped "{[/v1/update_book],methods=[PUT]}" onto public org.springframework.http.ResponseEntity<java.lang.Void> com.example.demo.controller.BookController.updateBook(com.example.demo.domain.Book)
621376 [restartedMain] INFO  o.s.w.s.m.m.a.RequestMappingHandlerMapping - Mapped "{[/v1/book/{id}],methods=[GET]}" onto public org.springframework.http.ResponseEntity<com.example.demo.domain.Book> com.example.demo.controller.BookController.getBook(java.lang.Long)
621376 [restartedMain] INFO  o.s.w.s.m.m.a.RequestMappingHandlerMapping - Mapped "{[/v1/add_category],methods=[POST]}" onto public org.springframework.http.ResponseEntity<com.example.demo.domain.BookCategory> com.example.demo.controller.CategoryController.addCategory(com.example.demo.domain.BookCategory)
621377 [restartedMain] INFO  o.s.w.s.m.m.a.RequestMappingHandlerMapping - Mapped "{[/v1/update_category],methods=[PUT]}" onto public org.springframework.http.ResponseEntity<java.lang.Void> com.example.demo.controller.CategoryController.updateCategory(com.example.demo.domain.BookCategory)
621378 [restartedMain] INFO  o.s.w.s.m.m.a.RequestMappingHandlerMapping - Mapped "{[/v1/role],methods=[GET]}" onto public org.springframework.http.ResponseEntity<com.example.demo.domain.Role> com.example.demo.controller.RoleController.getRole(java.lang.Long)
621379 [restartedMain] INFO  o.s.w.s.m.m.a.RequestMappingHandlerMapping - Mapped "{[/v1/add_role],methods=[POST]}" onto public org.springframework.http.ResponseEntity<com.example.demo.domain.Role> com.example.demo.controller.RoleController.addRole(com.example.demo.domain.Role)
621379 [restartedMain] INFO  o.s.w.s.m.m.a.RequestMappingHandlerMapping - Mapped "{[/v1/update_role],methods=[POST]}" onto public org.springframework.http.ResponseEntity<java.lang.Object> com.example.demo.controller.RoleController.changeStatus(java.util.Map<java.lang.String, java.lang.String>)
621379 [restartedMain] INFO  o.s.w.s.m.m.a.RequestMappingHandlerMapping - Mapped "{[/v1/roles],methods=[GET]}" onto public org.springframework.http.ResponseEntity<java.util.List<com.example.demo.domain.Role>> com.example.demo.controller.RoleController.getAllRoles()
621380 [restartedMain] INFO  o.s.w.s.m.m.a.RequestMappingHandlerMapping - Mapped "{[/v1/delete_role/{id}],methods=[DELETE]}" onto public org.springframework.http.ResponseEntity<java.lang.Void> com.example.demo.controller.RoleController.deleteRole(java.lang.Long)
621380 [restartedMain] INFO  o.s.w.s.m.m.a.RequestMappingHandlerMapping - Mapped "{[/v1/update_role],methods=[PUT]}" onto public org.springframework.http.ResponseEntity<java.lang.Void> com.example.demo.controller.RoleController.updateRole(com.example.demo.domain.Role)
621381 [restartedMain] INFO  o.s.w.s.m.m.a.RequestMappingHandlerMapping - Mapped "{[/v1/add_user],methods=[POST]}" onto public void com.example.demo.controller.UserController.addUser(com.example.demo.domain.User)
621381 [restartedMain] INFO  o.s.w.s.m.m.a.RequestMappingHandlerMapping - Mapped "{[/v1/get_all],methods=[GET]}" onto public org.springframework.http.ResponseEntity<java.util.List<com.example.demo.domain.User>> com.example.demo.controller.UserController.getUsers()
621382 [restartedMain] INFO  o.s.w.s.m.m.a.RequestMappingHandlerMapping - Mapped "{[/v1/delete_user/{id}],methods=[DELETE]}" onto public org.springframework.http.ResponseEntity<java.lang.Void> com.example.demo.controller.UserController.deleteUser(java.lang.Long)
621382 [restartedMain] INFO  o.s.w.s.m.m.a.RequestMappingHandlerMapping - Mapped "{[/v1/update_user],methods=[POST]}" onto public org.springframework.http.ResponseEntity<java.lang.Void> com.example.demo.controller.UserController.updateUser(com.example.demo.domain.User)
621382 [restartedMain] INFO  o.s.w.s.m.m.a.RequestMappingHandlerMapping - Mapped "{[/v1/user/{id}],methods=[GET]}" onto public org.springframework.http.ResponseEntity<com.example.demo.domain.User> com.example.demo.controller.UserController.getUser(java.lang.Long)
621383 [restartedMain] INFO  o.s.w.s.m.m.a.RequestMappingHandlerMapping - Mapped "{[/v1/add_profile],methods=[POST]}" onto public void com.example.demo.controller.UserProfileController.addActivity(com.example.demo.domain.UserProfile)
621383 [restartedMain] INFO  o.s.w.s.m.m.a.RequestMappingHandlerMapping - Mapped "{[/v1/profiles],methods=[GET]}" onto public org.springframework.http.ResponseEntity<java.util.List<com.example.demo.domain.UserProfile>> com.example.demo.controller.UserProfileController.getUserProfiles()
621384 [restartedMain] INFO  o.s.w.s.m.m.a.RequestMappingHandlerMapping - Mapped "{[/v1/delete_profile/{id}],methods=[DELETE]}" onto public org.springframework.http.ResponseEntity<java.lang.Void> com.example.demo.controller.UserProfileController.deleteUserProfile(java.lang.Long)
621384 [restartedMain] INFO  o.s.w.s.m.m.a.RequestMappingHandlerMapping - Mapped "{[/v1/update_profile],methods=[PUT]}" onto public org.springframework.http.ResponseEntity<java.lang.Void> com.example.demo.controller.UserProfileController.updateUserProfile(com.example.demo.domain.UserProfile)
621385 [restartedMain] INFO  o.s.w.s.m.m.a.RequestMappingHandlerMapping - Mapped "{[/v1/profile/{id}],methods=[GET]}" onto public org.springframework.http.ResponseEntity<com.example.demo.domain.UserProfile> com.example.demo.controller.UserProfileController.getUserProfile(java.lang.Long)
621386 [restartedMain] INFO  o.s.w.s.m.m.a.RequestMappingHandlerMapping - Mapped "{[/v2/api-docs],methods=[GET],produces=[application/json || application/hal+json]}" onto public org.springframework.http.ResponseEntity<springfox.documentation.spring.web.json.Json> springfox.documentation.swagger2.web.Swagger2Controller.getDocumentation(java.lang.String,javax.servlet.http.HttpServletRequest)
621388 [restartedMain] INFO  o.s.w.s.m.m.a.RequestMappingHandlerMapping - Mapped "{[/swagger-resources/configuration/ui]}" onto org.springframework.http.ResponseEntity<springfox.documentation.swagger.web.UiConfiguration> springfox.documentation.swagger.web.ApiResourceController.uiConfiguration()
621388 [restartedMain] INFO  o.s.w.s.m.m.a.RequestMappingHandlerMapping - Mapped "{[/swagger-resources]}" onto org.springframework.http.ResponseEntity<java.util.List<springfox.documentation.swagger.web.SwaggerResource>> springfox.documentation.swagger.web.ApiResourceController.swaggerResources()
621389 [restartedMain] INFO  o.s.w.s.m.m.a.RequestMappingHandlerMapping - Mapped "{[/swagger-resources/configuration/security]}" onto org.springframework.http.ResponseEntity<springfox.documentation.swagger.web.SecurityConfiguration> springfox.documentation.swagger.web.ApiResourceController.securityConfiguration()
621391 [restartedMain] INFO  o.s.w.s.m.m.a.RequestMappingHandlerMapping - Mapped "{[/error],produces=[text/html]}" onto public org.springframework.web.servlet.ModelAndView org.springframework.boot.autoconfigure.web.BasicErrorController.errorHtml(javax.servlet.http.HttpServletRequest,javax.servlet.http.HttpServletResponse)
621392 [restartedMain] INFO  o.s.w.s.m.m.a.RequestMappingHandlerMapping - Mapped "{[/error]}" onto public org.springframework.http.ResponseEntity<java.util.Map<java.lang.String, java.lang.Object>> org.springframework.boot.autoconfigure.web.BasicErrorController.error(javax.servlet.http.HttpServletRequest)
621473 [restartedMain] INFO  o.s.w.s.m.m.a.RequestMappingHandlerAdapter - Looking for @ControllerAdvice: org.springframework.boot.context.embedded.AnnotationConfigEmbeddedWebApplicationContext@59030752: startup date [Thu Mar 01 17:19:16 IST 2018]; root of context hierarchy
621490 [restartedMain] INFO  o.s.w.s.h.SimpleUrlHandlerMapping - Mapped URL path [/webjars/**] onto handler of type [class org.springframework.web.servlet.resource.ResourceHttpRequestHandler]
621490 [restartedMain] INFO  o.s.w.s.h.SimpleUrlHandlerMapping - Mapped URL path [/**] onto handler of type [class org.springframework.web.servlet.resource.ResourceHttpRequestHandler]
621512 [restartedMain] INFO  o.s.w.s.h.SimpleUrlHandlerMapping - Mapped URL path [/**/favicon.ico] onto handler of type [class org.springframework.web.servlet.resource.ResourceHttpRequestHandler]
621636 [restartedMain] INFO  com.example.demo.Demo1Application - Started Demo1Application in 1.558 seconds (JVM running for 621.955)
632414 [restartedMain] INFO  com.example.demo.Demo1Application - Starting Demo1Application on dharmendra with PID 19678 (/home/dharmendra/Documents/workspace-sts-3.9.2.RELEASE/demo-1/target/classes started by dharmendra in /home/dharmendra/Documents/workspace-sts-3.9.2.RELEASE/demo-1)
632415 [restartedMain] DEBUG com.example.demo.Demo1Application - Running with Spring Boot v1.5.10.RELEASE, Spring v4.3.14.RELEASE
632415 [restartedMain] INFO  com.example.demo.Demo1Application - No active profile set, falling back to default profiles: default
632898 [localhost-startStop-1] INFO  o.s.web.context.ContextLoader - Root WebApplicationContext: initialization completed in 481 ms
633574 [restartedMain] INFO  o.s.w.s.m.m.a.RequestMappingHandlerMapping - Mapped "{[/v1/assign_activities],methods=[PUT]}" onto public org.springframework.http.ResponseEntity<java.lang.Object> com.example.demo.controller.ActivityController.assignActivities(com.example.demo.dto.RoleActivityDTO)
633575 [restartedMain] INFO  o.s.w.s.m.m.a.RequestMappingHandlerMapping - Mapped "{[/v1/add_activity],methods=[POST]}" onto public void com.example.demo.controller.ActivityController.addActivity(com.example.demo.domain.Activity)
633575 [restartedMain] INFO  o.s.w.s.m.m.a.RequestMappingHandlerMapping - Mapped "{[/v1/activities],methods=[GET]}" onto public org.springframework.http.ResponseEntity<java.util.List<com.example.demo.domain.Activity>> com.example.demo.controller.ActivityController.getActivities()
633576 [restartedMain] INFO  o.s.w.s.m.m.a.RequestMappingHandlerMapping - Mapped "{[/v1/delete_activity/{id}],methods=[DELETE]}" onto public org.springframework.http.ResponseEntity<java.lang.Void> com.example.demo.controller.ActivityController.deleteActivity(java.lang.Long)
633576 [restartedMain] INFO  o.s.w.s.m.m.a.RequestMappingHandlerMapping - Mapped "{[/v1/update_activity],methods=[PUT]}" onto public org.springframework.http.ResponseEntity<java.lang.Void> com.example.demo.controller.ActivityController.updateActivity(com.example.demo.domain.Activity)
633577 [restartedMain] INFO  o.s.w.s.m.m.a.RequestMappingHandlerMapping - Mapped "{[/v1/add_book],methods=[POST]}" onto public org.springframework.http.ResponseEntity<com.example.demo.domain.Book> com.example.demo.controller.BookController.addBook(com.example.demo.domain.Book)
633578 [restartedMain] INFO  o.s.w.s.m.m.a.RequestMappingHandlerMapping - Mapped "{[/v1/all_books],methods=[GET]}" onto public org.springframework.http.ResponseEntity<java.util.List<com.example.demo.domain.Book>> com.example.demo.controller.BookController.getBooks()
633579 [restartedMain] INFO  o.s.w.s.m.m.a.RequestMappingHandlerMapping - Mapped "{[/v1/delete_book/{id}],methods=[DELETE]}" onto public org.springframework.http.ResponseEntity<java.lang.Void> com.example.demo.controller.BookController.deleteBook(java.lang.Long)
633579 [restartedMain] INFO  o.s.w.s.m.m.a.RequestMappingHandlerMapping - Mapped "{[/v1/update_book],methods=[PUT]}" onto public org.springframework.http.ResponseEntity<java.lang.Void> com.example.demo.controller.BookController.updateBook(com.example.demo.domain.Book)
633579 [restartedMain] INFO  o.s.w.s.m.m.a.RequestMappingHandlerMapping - Mapped "{[/v1/book/{id}],methods=[GET]}" onto public org.springframework.http.ResponseEntity<com.example.demo.domain.Book> com.example.demo.controller.BookController.getBook(java.lang.Long)
633580 [restartedMain] INFO  o.s.w.s.m.m.a.RequestMappingHandlerMapping - Mapped "{[/v1/add_category],methods=[POST]}" onto public org.springframework.http.ResponseEntity<com.example.demo.domain.BookCategory> com.example.demo.controller.CategoryController.addCategory(com.example.demo.domain.BookCategory)
633581 [restartedMain] INFO  o.s.w.s.m.m.a.RequestMappingHandlerMapping - Mapped "{[/v1/update_category],methods=[PUT]}" onto public org.springframework.http.ResponseEntity<java.lang.Void> com.example.demo.controller.CategoryController.updateCategory(com.example.demo.domain.BookCategory)
633583 [restartedMain] INFO  o.s.w.s.m.m.a.RequestMappingHandlerMapping - Mapped "{[/v1/role],methods=[GET]}" onto public org.springframework.http.ResponseEntity<com.example.demo.domain.Role> com.example.demo.controller.RoleController.getRole(java.lang.Long)
633584 [restartedMain] INFO  o.s.w.s.m.m.a.RequestMappingHandlerMapping - Mapped "{[/v1/add_role],methods=[POST]}" onto public org.springframework.http.ResponseEntity<com.example.demo.domain.Role> com.example.demo.controller.RoleController.addRole(com.example.demo.domain.Role)
633584 [restartedMain] INFO  o.s.w.s.m.m.a.RequestMappingHandlerMapping - Mapped "{[/v1/update_role],methods=[POST]}" onto public org.springframework.http.ResponseEntity<java.lang.Object> com.example.demo.controller.RoleController.changeStatus(java.util.Map<java.lang.String, java.lang.String>)
633585 [restartedMain] INFO  o.s.w.s.m.m.a.RequestMappingHandlerMapping - Mapped "{[/v1/roles],methods=[GET]}" onto public org.springframework.http.ResponseEntity<java.util.List<com.example.demo.domain.Role>> com.example.demo.controller.RoleController.getAllRoles()
633586 [restartedMain] INFO  o.s.w.s.m.m.a.RequestMappingHandlerMapping - Mapped "{[/v1/delete_role/{id}],methods=[DELETE]}" onto public org.springframework.http.ResponseEntity<java.lang.Void> com.example.demo.controller.RoleController.deleteRole(java.lang.Long)
633586 [restartedMain] INFO  o.s.w.s.m.m.a.RequestMappingHandlerMapping - Mapped "{[/v1/update_role],methods=[PUT]}" onto public org.springframework.http.ResponseEntity<java.lang.Void> com.example.demo.controller.RoleController.updateRole(com.example.demo.domain.Role)
633587 [restartedMain] INFO  o.s.w.s.m.m.a.RequestMappingHandlerMapping - Mapped "{[/v1/add_user],methods=[POST]}" onto public void com.example.demo.controller.UserController.addUser(com.example.demo.domain.User)
633588 [restartedMain] INFO  o.s.w.s.m.m.a.RequestMappingHandlerMapping - Mapped "{[/v1/get_all],methods=[GET]}" onto public org.springframework.http.ResponseEntity<java.util.List<com.example.demo.domain.User>> com.example.demo.controller.UserController.getUsers()
633588 [restartedMain] INFO  o.s.w.s.m.m.a.RequestMappingHandlerMapping - Mapped "{[/v1/delete_user/{id}],methods=[DELETE]}" onto public org.springframework.http.ResponseEntity<java.lang.Void> com.example.demo.controller.UserController.deleteUser(java.lang.Long)
633588 [restartedMain] INFO  o.s.w.s.m.m.a.RequestMappingHandlerMapping - Mapped "{[/v1/update_user],methods=[POST]}" onto public org.springframework.http.ResponseEntity<java.lang.Void> com.example.demo.controller.UserController.updateUser(com.example.demo.domain.User)
633589 [restartedMain] INFO  o.s.w.s.m.m.a.RequestMappingHandlerMapping - Mapped "{[/v1/user/{id}],methods=[GET]}" onto public org.springframework.http.ResponseEntity<com.example.demo.domain.User> com.example.demo.controller.UserController.getUser(java.lang.Long)
633590 [restartedMain] INFO  o.s.w.s.m.m.a.RequestMappingHandlerMapping - Mapped "{[/v1/add_profile],methods=[POST]}" onto public void com.example.demo.controller.UserProfileController.addActivity(com.example.demo.domain.UserProfile)
633591 [restartedMain] INFO  o.s.w.s.m.m.a.RequestMappingHandlerMapping - Mapped "{[/v1/profiles],methods=[GET]}" onto public org.springframework.http.ResponseEntity<java.util.List<com.example.demo.domain.UserProfile>> com.example.demo.controller.UserProfileController.getUserProfiles()
633591 [restartedMain] INFO  o.s.w.s.m.m.a.RequestMappingHandlerMapping - Mapped "{[/v1/delete_profile/{id}],methods=[DELETE]}" onto public org.springframework.http.ResponseEntity<java.lang.Void> com.example.demo.controller.UserProfileController.deleteUserProfile(java.lang.Long)
633592 [restartedMain] INFO  o.s.w.s.m.m.a.RequestMappingHandlerMapping - Mapped "{[/v1/update_profile],methods=[PUT]}" onto public org.springframework.http.ResponseEntity<java.lang.Void> com.example.demo.controller.UserProfileController.updateUserProfile(com.example.demo.domain.UserProfile)
633593 [restartedMain] INFO  o.s.w.s.m.m.a.RequestMappingHandlerMapping - Mapped "{[/v1/profile/{id}],methods=[GET]}" onto public org.springframework.http.ResponseEntity<com.example.demo.domain.UserProfile> com.example.demo.controller.UserProfileController.getUserProfile(java.lang.Long)
633594 [restartedMain] INFO  o.s.w.s.m.m.a.RequestMappingHandlerMapping - Mapped "{[/v2/api-docs],methods=[GET],produces=[application/json || application/hal+json]}" onto public org.springframework.http.ResponseEntity<springfox.documentation.spring.web.json.Json> springfox.documentation.swagger2.web.Swagger2Controller.getDocumentation(java.lang.String,javax.servlet.http.HttpServletRequest)
633597 [restartedMain] INFO  o.s.w.s.m.m.a.RequestMappingHandlerMapping - Mapped "{[/swagger-resources/configuration/ui]}" onto org.springframework.http.ResponseEntity<springfox.documentation.swagger.web.UiConfiguration> springfox.documentation.swagger.web.ApiResourceController.uiConfiguration()
633598 [restartedMain] INFO  o.s.w.s.m.m.a.RequestMappingHandlerMapping - Mapped "{[/swagger-resources]}" onto org.springframework.http.ResponseEntity<java.util.List<springfox.documentation.swagger.web.SwaggerResource>> springfox.documentation.swagger.web.ApiResourceController.swaggerResources()
633598 [restartedMain] INFO  o.s.w.s.m.m.a.RequestMappingHandlerMapping - Mapped "{[/swagger-resources/configuration/security]}" onto org.springframework.http.ResponseEntity<springfox.documentation.swagger.web.SecurityConfiguration> springfox.documentation.swagger.web.ApiResourceController.securityConfiguration()
633600 [restartedMain] INFO  o.s.w.s.m.m.a.RequestMappingHandlerMapping - Mapped "{[/error],produces=[text/html]}" onto public org.springframework.web.servlet.ModelAndView org.springframework.boot.autoconfigure.web.BasicErrorController.errorHtml(javax.servlet.http.HttpServletRequest,javax.servlet.http.HttpServletResponse)
633601 [restartedMain] INFO  o.s.w.s.m.m.a.RequestMappingHandlerMapping - Mapped "{[/error]}" onto public org.springframework.http.ResponseEntity<java.util.Map<java.lang.String, java.lang.Object>> org.springframework.boot.autoconfigure.web.BasicErrorController.error(javax.servlet.http.HttpServletRequest)
633701 [restartedMain] INFO  o.s.w.s.m.m.a.RequestMappingHandlerAdapter - Looking for @ControllerAdvice: org.springframework.boot.context.embedded.AnnotationConfigEmbeddedWebApplicationContext@7d24046d: startup date [Thu Mar 01 17:19:29 IST 2018]; root of context hierarchy
633715 [restartedMain] INFO  o.s.w.s.h.SimpleUrlHandlerMapping - Mapped URL path [/webjars/**] onto handler of type [class org.springframework.web.servlet.resource.ResourceHttpRequestHandler]
633715 [restartedMain] INFO  o.s.w.s.h.SimpleUrlHandlerMapping - Mapped URL path [/**] onto handler of type [class org.springframework.web.servlet.resource.ResourceHttpRequestHandler]
633736 [restartedMain] INFO  o.s.w.s.h.SimpleUrlHandlerMapping - Mapped URL path [/**/favicon.ico] onto handler of type [class org.springframework.web.servlet.resource.ResourceHttpRequestHandler]
633856 [restartedMain] INFO  com.example.demo.Demo1Application - Started Demo1Application in 1.48 seconds (JVM running for 634.175)
519  [restartedMain] INFO  com.example.demo.Demo1Application - Starting Demo1Application on dharmendra with PID 20313 (/home/dharmendra/Documents/workspace-sts-3.9.2.RELEASE/demo-1/target/classes started by dharmendra in /home/dharmendra/Documents/workspace-sts-3.9.2.RELEASE/demo-1)
521  [restartedMain] DEBUG com.example.demo.Demo1Application - Running with Spring Boot v1.5.10.RELEASE, Spring v4.3.14.RELEASE
521  [restartedMain] INFO  com.example.demo.Demo1Application - No active profile set, falling back to default profiles: default
2451 [localhost-startStop-1] INFO  o.s.web.context.ContextLoader - Root WebApplicationContext: initialization completed in 1879 ms
4664 [restartedMain] INFO  o.s.w.s.m.m.a.RequestMappingHandlerMapping - Mapped "{[/v1/delete_activity/{id}],methods=[DELETE]}" onto public org.springframework.http.ResponseEntity<java.lang.Void> com.example.demo.controller.ActivityController.deleteActivity(java.lang.Long)
4666 [restartedMain] INFO  o.s.w.s.m.m.a.RequestMappingHandlerMapping - Mapped "{[/v1/activities],methods=[GET]}" onto public org.springframework.http.ResponseEntity<java.util.List<com.example.demo.domain.Activity>> com.example.demo.controller.ActivityController.getActivities()
4666 [restartedMain] INFO  o.s.w.s.m.m.a.RequestMappingHandlerMapping - Mapped "{[/v1/assign_activities],methods=[PUT]}" onto public org.springframework.http.ResponseEntity<java.lang.Object> com.example.demo.controller.ActivityController.assignActivities(com.example.demo.dto.RoleActivityDTO)
4667 [restartedMain] INFO  o.s.w.s.m.m.a.RequestMappingHandlerMapping - Mapped "{[/v1/add_activity],methods=[POST]}" onto public void com.example.demo.controller.ActivityController.addActivity(com.example.demo.domain.Activity)
4668 [restartedMain] INFO  o.s.w.s.m.m.a.RequestMappingHandlerMapping - Mapped "{[/v1/update_activity],methods=[PUT]}" onto public org.springframework.http.ResponseEntity<java.lang.Void> com.example.demo.controller.ActivityController.updateActivity(com.example.demo.domain.Activity)
4670 [restartedMain] INFO  o.s.w.s.m.m.a.RequestMappingHandlerMapping - Mapped "{[/v1/add_book],methods=[POST]}" onto public org.springframework.http.ResponseEntity<com.example.demo.domain.Book> com.example.demo.controller.BookController.addBook(com.example.demo.domain.Book)
4671 [restartedMain] INFO  o.s.w.s.m.m.a.RequestMappingHandlerMapping - Mapped "{[/v1/all_books],methods=[GET]}" onto public org.springframework.http.ResponseEntity<java.util.List<com.example.demo.domain.Book>> com.example.demo.controller.BookController.getBooks()
4672 [restartedMain] INFO  o.s.w.s.m.m.a.RequestMappingHandlerMapping - Mapped "{[/v1/delete_book/{id}],methods=[DELETE]}" onto public org.springframework.http.ResponseEntity<java.lang.Void> com.example.demo.controller.BookController.deleteBook(java.lang.Long)
4673 [restartedMain] INFO  o.s.w.s.m.m.a.RequestMappingHandlerMapping - Mapped "{[/v1/update_book],methods=[PUT]}" onto public org.springframework.http.ResponseEntity<java.lang.Void> com.example.demo.controller.BookController.updateBook(com.example.demo.domain.Book)
4673 [restartedMain] INFO  o.s.w.s.m.m.a.RequestMappingHandlerMapping - Mapped "{[/v1/book/{id}],methods=[GET]}" onto public org.springframework.http.ResponseEntity<com.example.demo.domain.Book> com.example.demo.controller.BookController.getBook(java.lang.Long)
4674 [restartedMain] INFO  o.s.w.s.m.m.a.RequestMappingHandlerMapping - Mapped "{[/v1/add_category],methods=[POST]}" onto public org.springframework.http.ResponseEntity<com.example.demo.domain.BookCategory> com.example.demo.controller.CategoryController.addCategory(com.example.demo.domain.BookCategory)
4675 [restartedMain] INFO  o.s.w.s.m.m.a.RequestMappingHandlerMapping - Mapped "{[/v1/update_category],methods=[PUT]}" onto public org.springframework.http.ResponseEntity<java.lang.Void> com.example.demo.controller.CategoryController.updateCategory(com.example.demo.domain.BookCategory)
4678 [restartedMain] INFO  o.s.w.s.m.m.a.RequestMappingHandlerMapping - Mapped "{[/v1/role],methods=[GET]}" onto public org.springframework.http.ResponseEntity<com.example.demo.domain.Role> com.example.demo.controller.RoleController.getRole(java.lang.Long)
4679 [restartedMain] INFO  o.s.w.s.m.m.a.RequestMappingHandlerMapping - Mapped "{[/v1/add_role],methods=[POST]}" onto public org.springframework.http.ResponseEntity<com.example.demo.domain.Role> com.example.demo.controller.RoleController.addRole(com.example.demo.domain.Role)
4680 [restartedMain] INFO  o.s.w.s.m.m.a.RequestMappingHandlerMapping - Mapped "{[/v1/update_role],methods=[PUT]}" onto public org.springframework.http.ResponseEntity<java.lang.Void> com.example.demo.controller.RoleController.updateRole(com.example.demo.domain.Role)
4681 [restartedMain] INFO  o.s.w.s.m.m.a.RequestMappingHandlerMapping - Mapped "{[/v1/update_role],methods=[POST]}" onto public org.springframework.http.ResponseEntity<java.lang.Object> com.example.demo.controller.RoleController.changeStatus(java.util.Map<java.lang.String, java.lang.String>)
4682 [restartedMain] INFO  o.s.w.s.m.m.a.RequestMappingHandlerMapping - Mapped "{[/v1/roles],methods=[GET]}" onto public org.springframework.http.ResponseEntity<java.util.List<com.example.demo.domain.Role>> com.example.demo.controller.RoleController.getAllRoles()
4683 [restartedMain] INFO  o.s.w.s.m.m.a.RequestMappingHandlerMapping - Mapped "{[/v1/delete_role/{id}],methods=[DELETE]}" onto public org.springframework.http.ResponseEntity<java.lang.Void> com.example.demo.controller.RoleController.deleteRole(java.lang.Long)
4684 [restartedMain] INFO  o.s.w.s.m.m.a.RequestMappingHandlerMapping - Mapped "{[/v1/add_user],methods=[POST]}" onto public void com.example.demo.controller.UserController.addUser(com.example.demo.domain.User)
4685 [restartedMain] INFO  o.s.w.s.m.m.a.RequestMappingHandlerMapping - Mapped "{[/v1/get_all],methods=[GET]}" onto public org.springframework.http.ResponseEntity<java.util.List<com.example.demo.domain.User>> com.example.demo.controller.UserController.getUsers()
4686 [restartedMain] INFO  o.s.w.s.m.m.a.RequestMappingHandlerMapping - Mapped "{[/v1/delete_user/{id}],methods=[DELETE]}" onto public org.springframework.http.ResponseEntity<java.lang.Void> com.example.demo.controller.UserController.deleteUser(java.lang.Long)
4687 [restartedMain] INFO  o.s.w.s.m.m.a.RequestMappingHandlerMapping - Mapped "{[/v1/update_user],methods=[POST]}" onto public org.springframework.http.ResponseEntity<java.lang.Void> com.example.demo.controller.UserController.updateUser(com.example.demo.domain.User)
4688 [restartedMain] INFO  o.s.w.s.m.m.a.RequestMappingHandlerMapping - Mapped "{[/v1/user/{id}],methods=[GET]}" onto public org.springframework.http.ResponseEntity<com.example.demo.domain.User> com.example.demo.controller.UserController.getUser(java.lang.Long)
4689 [restartedMain] INFO  o.s.w.s.m.m.a.RequestMappingHandlerMapping - Mapped "{[/v1/add_profile],methods=[POST]}" onto public void com.example.demo.controller.UserProfileController.addActivity(com.example.demo.domain.UserProfile)
4690 [restartedMain] INFO  o.s.w.s.m.m.a.RequestMappingHandlerMapping - Mapped "{[/v1/profiles],methods=[GET]}" onto public org.springframework.http.ResponseEntity<java.util.List<com.example.demo.domain.UserProfile>> com.example.demo.controller.UserProfileController.getUserProfiles()
4691 [restartedMain] INFO  o.s.w.s.m.m.a.RequestMappingHandlerMapping - Mapped "{[/v1/delete_profile/{id}],methods=[DELETE]}" onto public org.springframework.http.ResponseEntity<java.lang.Void> com.example.demo.controller.UserProfileController.deleteUserProfile(java.lang.Long)
4692 [restartedMain] INFO  o.s.w.s.m.m.a.RequestMappingHandlerMapping - Mapped "{[/v1/update_profile],methods=[PUT]}" onto public org.springframework.http.ResponseEntity<java.lang.Void> com.example.demo.controller.UserProfileController.updateUserProfile(com.example.demo.domain.UserProfile)
4693 [restartedMain] INFO  o.s.w.s.m.m.a.RequestMappingHandlerMapping - Mapped "{[/v1/profile/{id}],methods=[GET]}" onto public org.springframework.http.ResponseEntity<com.example.demo.domain.UserProfile> com.example.demo.controller.UserProfileController.getUserProfile(java.lang.Long)
4694 [restartedMain] INFO  o.s.w.s.m.m.a.RequestMappingHandlerMapping - Mapped "{[/v2/api-docs],methods=[GET],produces=[application/json || application/hal+json]}" onto public org.springframework.http.ResponseEntity<springfox.documentation.spring.web.json.Json> springfox.documentation.swagger2.web.Swagger2Controller.getDocumentation(java.lang.String,javax.servlet.http.HttpServletRequest)
4699 [restartedMain] INFO  o.s.w.s.m.m.a.RequestMappingHandlerMapping - Mapped "{[/swagger-resources/configuration/ui]}" onto org.springframework.http.ResponseEntity<springfox.documentation.swagger.web.UiConfiguration> springfox.documentation.swagger.web.ApiResourceController.uiConfiguration()
4700 [restartedMain] INFO  o.s.w.s.m.m.a.RequestMappingHandlerMapping - Mapped "{[/swagger-resources]}" onto org.springframework.http.ResponseEntity<java.util.List<springfox.documentation.swagger.web.SwaggerResource>> springfox.documentation.swagger.web.ApiResourceController.swaggerResources()
4701 [restartedMain] INFO  o.s.w.s.m.m.a.RequestMappingHandlerMapping - Mapped "{[/swagger-resources/configuration/security]}" onto org.springframework.http.ResponseEntity<springfox.documentation.swagger.web.SecurityConfiguration> springfox.documentation.swagger.web.ApiResourceController.securityConfiguration()
4705 [restartedMain] INFO  o.s.w.s.m.m.a.RequestMappingHandlerMapping - Mapped "{[/error],produces=[text/html]}" onto public org.springframework.web.servlet.ModelAndView org.springframework.boot.autoconfigure.web.BasicErrorController.errorHtml(javax.servlet.http.HttpServletRequest,javax.servlet.http.HttpServletResponse)
4706 [restartedMain] INFO  o.s.w.s.m.m.a.RequestMappingHandlerMapping - Mapped "{[/error]}" onto public org.springframework.http.ResponseEntity<java.util.Map<java.lang.String, java.lang.Object>> org.springframework.boot.autoconfigure.web.BasicErrorController.error(javax.servlet.http.HttpServletRequest)
5023 [restartedMain] INFO  o.s.w.s.m.m.a.RequestMappingHandlerAdapter - Looking for @ControllerAdvice: org.springframework.boot.context.embedded.AnnotationConfigEmbeddedWebApplicationContext@b57d510: startup date [Thu Mar 01 17:19:42 IST 2018]; root of context hierarchy
5077 [restartedMain] INFO  o.s.w.s.h.SimpleUrlHandlerMapping - Mapped URL path [/webjars/**] onto handler of type [class org.springframework.web.servlet.resource.ResourceHttpRequestHandler]
5078 [restartedMain] INFO  o.s.w.s.h.SimpleUrlHandlerMapping - Mapped URL path [/**] onto handler of type [class org.springframework.web.servlet.resource.ResourceHttpRequestHandler]
5119 [restartedMain] INFO  o.s.w.s.h.SimpleUrlHandlerMapping - Mapped URL path [/**/favicon.ico] onto handler of type [class org.springframework.web.servlet.resource.ResourceHttpRequestHandler]
5511 [restartedMain] INFO  com.example.demo.Demo1Application - Started Demo1Application in 5.33 seconds (JVM running for 5.846)
20148 [http-nio-1119-exec-1] INFO  o.s.web.servlet.DispatcherServlet - FrameworkServlet 'dispatcherServlet': initialization started
20163 [http-nio-1119-exec-1] INFO  o.s.web.servlet.DispatcherServlet - FrameworkServlet 'dispatcherServlet': initialization completed in 15 ms
252133 [restartedMain] INFO  com.example.demo.Demo1Application - Starting Demo1Application on dharmendra with PID 20313 (/home/dharmendra/Documents/workspace-sts-3.9.2.RELEASE/demo-1/target/classes started by dharmendra in /home/dharmendra/Documents/workspace-sts-3.9.2.RELEASE/demo-1)
252133 [restartedMain] DEBUG com.example.demo.Demo1Application - Running with Spring Boot v1.5.10.RELEASE, Spring v4.3.14.RELEASE
252133 [restartedMain] INFO  com.example.demo.Demo1Application - No active profile set, falling back to default profiles: default
252798 [localhost-startStop-1] INFO  o.s.web.context.ContextLoader - Root WebApplicationContext: initialization completed in 662 ms
253528 [restartedMain] INFO  o.s.w.s.m.m.a.RequestMappingHandlerMapping - Mapped "{[/v1/delete_activity/{id}],methods=[DELETE]}" onto public org.springframework.http.ResponseEntity<java.lang.Void> com.example.demo.controller.ActivityController.deleteActivity(java.lang.Long)
253528 [restartedMain] INFO  o.s.w.s.m.m.a.RequestMappingHandlerMapping - Mapped "{[/v1/activities],methods=[GET]}" onto public org.springframework.http.ResponseEntity<java.util.List<com.example.demo.domain.Activity>> com.example.demo.controller.ActivityController.getActivities()
253529 [restartedMain] INFO  o.s.w.s.m.m.a.RequestMappingHandlerMapping - Mapped "{[/v1/assign_activities],methods=[PUT]}" onto public org.springframework.http.ResponseEntity<java.lang.Object> com.example.demo.controller.ActivityController.assignActivities(com.example.demo.dto.RoleActivityDTO)
253529 [restartedMain] INFO  o.s.w.s.m.m.a.RequestMappingHandlerMapping - Mapped "{[/v1/add_activity],methods=[POST]}" onto public void com.example.demo.controller.ActivityController.addActivity(com.example.demo.domain.Activity)
253529 [restartedMain] INFO  o.s.w.s.m.m.a.RequestMappingHandlerMapping - Mapped "{[/v1/update_activity],methods=[PUT]}" onto public org.springframework.http.ResponseEntity<java.lang.Void> com.example.demo.controller.ActivityController.updateActivity(com.example.demo.domain.Activity)
253530 [restartedMain] INFO  o.s.w.s.m.m.a.RequestMappingHandlerMapping - Mapped "{[/v1/add_book],methods=[POST]}" onto public org.springframework.http.ResponseEntity<com.example.demo.domain.Book> com.example.demo.controller.BookController.addBook(com.example.demo.domain.Book)
253530 [restartedMain] INFO  o.s.w.s.m.m.a.RequestMappingHandlerMapping - Mapped "{[/v1/all_books],methods=[GET]}" onto public org.springframework.http.ResponseEntity<java.util.List<com.example.demo.domain.Book>> com.example.demo.controller.BookController.getBooks()
253531 [restartedMain] INFO  o.s.w.s.m.m.a.RequestMappingHandlerMapping - Mapped "{[/v1/delete_book/{id}],methods=[DELETE]}" onto public org.springframework.http.ResponseEntity<java.lang.Void> com.example.demo.controller.BookController.deleteBook(java.lang.Long)
253531 [restartedMain] INFO  o.s.w.s.m.m.a.RequestMappingHandlerMapping - Mapped "{[/v1/update_book],methods=[PUT]}" onto public org.springframework.http.ResponseEntity<java.lang.Void> com.example.demo.controller.BookController.updateBook(com.example.demo.domain.Book)
253532 [restartedMain] INFO  o.s.w.s.m.m.a.RequestMappingHandlerMapping - Mapped "{[/v1/book/{id}],methods=[GET]}" onto public org.springframework.http.ResponseEntity<com.example.demo.domain.Book> com.example.demo.controller.BookController.getBook(java.lang.Long)
253532 [restartedMain] INFO  o.s.w.s.m.m.a.RequestMappingHandlerMapping - Mapped "{[/v1/add_category],methods=[POST]}" onto public org.springframework.http.ResponseEntity<com.example.demo.domain.BookCategory> com.example.demo.controller.CategoryController.addCategory(com.example.demo.domain.BookCategory)
253533 [restartedMain] INFO  o.s.w.s.m.m.a.RequestMappingHandlerMapping - Mapped "{[/v1/update_category],methods=[PUT]}" onto public org.springframework.http.ResponseEntity<java.lang.Void> com.example.demo.controller.CategoryController.updateCategory(com.example.demo.domain.BookCategory)
253533 [restartedMain] INFO  o.s.w.s.m.m.a.RequestMappingHandlerMapping - Mapped "{[/v1/role],methods=[GET]}" onto public org.springframework.http.ResponseEntity<com.example.demo.domain.Role> com.example.demo.controller.RoleController.getRole(java.lang.Long)
253534 [restartedMain] INFO  o.s.w.s.m.m.a.RequestMappingHandlerMapping - Mapped "{[/v1/add_role],methods=[POST]}" onto public org.springframework.http.ResponseEntity<com.example.demo.domain.Role> com.example.demo.controller.RoleController.addRole(com.example.demo.domain.Role)
253534 [restartedMain] INFO  o.s.w.s.m.m.a.RequestMappingHandlerMapping - Mapped "{[/v1/update_role],methods=[PUT]}" onto public org.springframework.http.ResponseEntity<java.lang.Void> com.example.demo.controller.RoleController.updateRole(com.example.demo.domain.Role)
253535 [restartedMain] INFO  o.s.w.s.m.m.a.RequestMappingHandlerMapping - Mapped "{[/v1/update_role],methods=[POST]}" onto public org.springframework.http.ResponseEntity<java.lang.Object> com.example.demo.controller.RoleController.changeStatus(java.util.Map<java.lang.String, java.lang.String>)
253536 [restartedMain] INFO  o.s.w.s.m.m.a.RequestMappingHandlerMapping - Mapped "{[/v1/roles],methods=[GET]}" onto public org.springframework.http.ResponseEntity<java.util.List<com.example.demo.domain.Role>> com.example.demo.controller.RoleController.getAllRoles()
253536 [restartedMain] INFO  o.s.w.s.m.m.a.RequestMappingHandlerMapping - Mapped "{[/v1/delete_role/{id}],methods=[DELETE]}" onto public org.springframework.http.ResponseEntity<java.lang.Void> com.example.demo.controller.RoleController.deleteRole(java.lang.Long)
253538 [restartedMain] INFO  o.s.w.s.m.m.a.RequestMappingHandlerMapping - Mapped "{[/v1/add_user],methods=[POST]}" onto public void com.example.demo.controller.UserController.addUser(com.example.demo.domain.User)
253539 [restartedMain] INFO  o.s.w.s.m.m.a.RequestMappingHandlerMapping - Mapped "{[/v1/get_all],methods=[GET]}" onto public org.springframework.http.ResponseEntity<java.util.List<com.example.demo.domain.User>> com.example.demo.controller.UserController.getUsers()
253539 [restartedMain] INFO  o.s.w.s.m.m.a.RequestMappingHandlerMapping - Mapped "{[/v1/delete_user/{id}],methods=[DELETE]}" onto public org.springframework.http.ResponseEntity<java.lang.Void> com.example.demo.controller.UserController.deleteUser(java.lang.Long)
253540 [restartedMain] INFO  o.s.w.s.m.m.a.RequestMappingHandlerMapping - Mapped "{[/v1/update_user],methods=[POST]}" onto public org.springframework.http.ResponseEntity<java.lang.Void> com.example.demo.controller.UserController.updateUser(com.example.demo.domain.User)
253541 [restartedMain] INFO  o.s.w.s.m.m.a.RequestMappingHandlerMapping - Mapped "{[/v1/user/{id}],methods=[GET]}" onto public org.springframework.http.ResponseEntity<com.example.demo.domain.User> com.example.demo.controller.UserController.getUser(java.lang.Long)
253543 [restartedMain] INFO  o.s.w.s.m.m.a.RequestMappingHandlerMapping - Mapped "{[/v1/add_profile],methods=[POST]}" onto public void com.example.demo.controller.UserProfileController.addActivity(com.example.demo.domain.UserProfile)
253544 [restartedMain] INFO  o.s.w.s.m.m.a.RequestMappingHandlerMapping - Mapped "{[/v1/profiles],methods=[GET]}" onto public org.springframework.http.ResponseEntity<java.util.List<com.example.demo.domain.UserProfile>> com.example.demo.controller.UserProfileController.getUserProfiles()
253545 [restartedMain] INFO  o.s.w.s.m.m.a.RequestMappingHandlerMapping - Mapped "{[/v1/delete_profile/{id}],methods=[DELETE]}" onto public org.springframework.http.ResponseEntity<java.lang.Void> com.example.demo.controller.UserProfileController.deleteUserProfile(java.lang.Long)
253545 [restartedMain] INFO  o.s.w.s.m.m.a.RequestMappingHandlerMapping - Mapped "{[/v1/update_profile],methods=[PUT]}" onto public org.springframework.http.ResponseEntity<java.lang.Void> com.example.demo.controller.UserProfileController.updateUserProfile(com.example.demo.domain.UserProfile)
253546 [restartedMain] INFO  o.s.w.s.m.m.a.RequestMappingHandlerMapping - Mapped "{[/v1/profile/{id}],methods=[GET]}" onto public org.springframework.http.ResponseEntity<com.example.demo.domain.UserProfile> com.example.demo.controller.UserProfileController.getUserProfile(java.lang.Long)
253547 [restartedMain] INFO  o.s.w.s.m.m.a.RequestMappingHandlerMapping - Mapped "{[/v2/api-docs],methods=[GET],produces=[application/json || application/hal+json]}" onto public org.springframework.http.ResponseEntity<springfox.documentation.spring.web.json.Json> springfox.documentation.swagger2.web.Swagger2Controller.getDocumentation(java.lang.String,javax.servlet.http.HttpServletRequest)
253549 [restartedMain] INFO  o.s.w.s.m.m.a.RequestMappingHandlerMapping - Mapped "{[/swagger-resources/configuration/ui]}" onto org.springframework.http.ResponseEntity<springfox.documentation.swagger.web.UiConfiguration> springfox.documentation.swagger.web.ApiResourceController.uiConfiguration()
253549 [restartedMain] INFO  o.s.w.s.m.m.a.RequestMappingHandlerMapping - Mapped "{[/swagger-resources]}" onto org.springframework.http.ResponseEntity<java.util.List<springfox.documentation.swagger.web.SwaggerResource>> springfox.documentation.swagger.web.ApiResourceController.swaggerResources()
253550 [restartedMain] INFO  o.s.w.s.m.m.a.RequestMappingHandlerMapping - Mapped "{[/swagger-resources/configuration/security]}" onto org.springframework.http.ResponseEntity<springfox.documentation.swagger.web.SecurityConfiguration> springfox.documentation.swagger.web.ApiResourceController.securityConfiguration()
253552 [restartedMain] INFO  o.s.w.s.m.m.a.RequestMappingHandlerMapping - Mapped "{[/error],produces=[text/html]}" onto public org.springframework.web.servlet.ModelAndView org.springframework.boot.autoconfigure.web.BasicErrorController.errorHtml(javax.servlet.http.HttpServletRequest,javax.servlet.http.HttpServletResponse)
253552 [restartedMain] INFO  o.s.w.s.m.m.a.RequestMappingHandlerMapping - Mapped "{[/error]}" onto public org.springframework.http.ResponseEntity<java.util.Map<java.lang.String, java.lang.Object>> org.springframework.boot.autoconfigure.web.BasicErrorController.error(javax.servlet.http.HttpServletRequest)
253661 [restartedMain] INFO  o.s.w.s.m.m.a.RequestMappingHandlerAdapter - Looking for @ControllerAdvice: org.springframework.boot.context.embedded.AnnotationConfigEmbeddedWebApplicationContext@39a41e0: startup date [Thu Mar 01 17:23:53 IST 2018]; root of context hierarchy
253680 [restartedMain] INFO  o.s.w.s.h.SimpleUrlHandlerMapping - Mapped URL path [/webjars/**] onto handler of type [class org.springframework.web.servlet.resource.ResourceHttpRequestHandler]
253680 [restartedMain] INFO  o.s.w.s.h.SimpleUrlHandlerMapping - Mapped URL path [/**] onto handler of type [class org.springframework.web.servlet.resource.ResourceHttpRequestHandler]
253702 [restartedMain] INFO  o.s.w.s.h.SimpleUrlHandlerMapping - Mapped URL path [/**/favicon.ico] onto handler of type [class org.springframework.web.servlet.resource.ResourceHttpRequestHandler]
254298 [restartedMain] INFO  com.example.demo.Demo1Application - Started Demo1Application in 2.227 seconds (JVM running for 254.634)
261966 [http-nio-1119-exec-1] INFO  o.s.web.servlet.DispatcherServlet - FrameworkServlet 'dispatcherServlet': initialization started
261979 [http-nio-1119-exec-1] INFO  o.s.web.servlet.DispatcherServlet - FrameworkServlet 'dispatcherServlet': initialization completed in 12 ms
