748  [restartedMain] INFO  com.example.demo.Demo1Application - Starting Demo1Application on dharmendra with PID 8828 (/home/dharmendra/Documents/workspace-sts-3.9.2.RELEASE/demo-1/target/classes started by dharmendra in /home/dharmendra/Documents/workspace-sts-3.9.2.RELEASE/demo-1)
750  [restartedMain] DEBUG com.example.demo.Demo1Application - Running with Spring Boot v1.5.10.RELEASE, Spring v4.3.14.RELEASE
751  [restartedMain] INFO  com.example.demo.Demo1Application - No active profile set, falling back to default profiles: default
3317 [localhost-startStop-1] INFO  o.s.web.context.ContextLoader - Root WebApplicationContext: initialization completed in 2511 ms
6141 [restartedMain] INFO  o.s.w.s.m.m.a.RequestMappingHandlerMapping - Mapped "{[/v1/assign_activities],methods=[PUT]}" onto public org.springframework.http.ResponseEntity<java.lang.Object> com.example.demo.controller.ActivityController.assignActivities(com.example.demo.dto.RoleActivityDTO)
6142 [restartedMain] INFO  o.s.w.s.m.m.a.RequestMappingHandlerMapping - Mapped "{[/v1/add_activity],methods=[POST]}" onto public void com.example.demo.controller.ActivityController.addActivity(com.example.demo.domain.Activity)
6144 [restartedMain] INFO  o.s.w.s.m.m.a.RequestMappingHandlerMapping - Mapped "{[/v1/activities],methods=[GET]}" onto public org.springframework.http.ResponseEntity<java.util.List<com.example.demo.domain.Activity>> com.example.demo.controller.ActivityController.getActivities()
6146 [restartedMain] INFO  o.s.w.s.m.m.a.RequestMappingHandlerMapping - Mapped "{[/v1/delete_activity/{id}],methods=[DELETE]}" onto public org.springframework.http.ResponseEntity<java.lang.Void> com.example.demo.controller.ActivityController.deleteActivity(java.lang.Long)
6147 [restartedMain] INFO  o.s.w.s.m.m.a.RequestMappingHandlerMapping - Mapped "{[/v1/update_activity],methods=[PUT]}" onto public org.springframework.http.ResponseEntity<java.lang.Void> com.example.demo.controller.ActivityController.updateActivity(com.example.demo.domain.Activity)
6148 [restartedMain] INFO  o.s.w.s.m.m.a.RequestMappingHandlerMapping - Mapped "{[/v1/all_books],methods=[GET]}" onto public org.springframework.http.ResponseEntity<java.util.List<com.example.demo.domain.Book>> com.example.demo.controller.BookController.getBooks()
6149 [restartedMain] INFO  o.s.w.s.m.m.a.RequestMappingHandlerMapping - Mapped "{[/v1/delete_book/{id}],methods=[DELETE]}" onto public org.springframework.http.ResponseEntity<java.lang.Void> com.example.demo.controller.BookController.deleteBook(java.lang.Long)
6150 [restartedMain] INFO  o.s.w.s.m.m.a.RequestMappingHandlerMapping - Mapped "{[/v1/update_book],methods=[PUT]}" onto public org.springframework.http.ResponseEntity<java.lang.Void> com.example.demo.controller.BookController.updateBook(com.example.demo.domain.Book)
6150 [restartedMain] INFO  o.s.w.s.m.m.a.RequestMappingHandlerMapping - Mapped "{[/v1/book/{id}],methods=[GET]}" onto public org.springframework.http.ResponseEntity<com.example.demo.domain.Book> com.example.demo.controller.BookController.getBook(java.lang.Long)
6151 [restartedMain] INFO  o.s.w.s.m.m.a.RequestMappingHandlerMapping - Mapped "{[/v1/add_book],methods=[POST]}" onto public org.springframework.http.ResponseEntity<com.example.demo.domain.Book> com.example.demo.controller.BookController.addBook(com.example.demo.domain.Book)
6152 [restartedMain] INFO  o.s.w.s.m.m.a.RequestMappingHandlerMapping - Mapped "{[/v1/add_category],methods=[POST]}" onto public org.springframework.http.ResponseEntity<com.example.demo.domain.BookCategory> com.example.demo.controller.CategoryController.addCategory(com.example.demo.domain.BookCategory)
6153 [restartedMain] INFO  o.s.w.s.m.m.a.RequestMappingHandlerMapping - Mapped "{[/v1/update_category],methods=[PUT]}" onto public org.springframework.http.ResponseEntity<java.lang.Void> com.example.demo.controller.CategoryController.updateCategory(com.example.demo.domain.BookCategory)
6159 [restartedMain] INFO  o.s.w.s.m.m.a.RequestMappingHandlerMapping - Mapped "{[/v1/role],methods=[GET]}" onto public org.springframework.http.ResponseEntity<com.example.demo.domain.Role> com.example.demo.controller.RoleController.getRole(java.lang.Long)
6160 [restartedMain] INFO  o.s.w.s.m.m.a.RequestMappingHandlerMapping - Mapped "{[/v1/add_role],methods=[POST]}" onto public org.springframework.http.ResponseEntity<com.example.demo.domain.Role> com.example.demo.controller.RoleController.addRole(com.example.demo.domain.Role)
6161 [restartedMain] INFO  o.s.w.s.m.m.a.RequestMappingHandlerMapping - Mapped "{[/v1/update_role],methods=[PUT]}" onto public org.springframework.http.ResponseEntity<java.lang.Void> com.example.demo.controller.RoleController.updateRole(com.example.demo.domain.Role)
6162 [restartedMain] INFO  o.s.w.s.m.m.a.RequestMappingHandlerMapping - Mapped "{[/v1/update_role],methods=[POST]}" onto public org.springframework.http.ResponseEntity<java.lang.Object> com.example.demo.controller.RoleController.changeStatus(java.util.Map<java.lang.String, java.lang.String>)
6163 [restartedMain] INFO  o.s.w.s.m.m.a.RequestMappingHandlerMapping - Mapped "{[/v1/roles],methods=[GET]}" onto public org.springframework.http.ResponseEntity<java.util.List<com.example.demo.domain.Role>> com.example.demo.controller.RoleController.getAllRoles()
6164 [restartedMain] INFO  o.s.w.s.m.m.a.RequestMappingHandlerMapping - Mapped "{[/v1/delete_role/{id}],methods=[DELETE]}" onto public org.springframework.http.ResponseEntity<java.lang.Void> com.example.demo.controller.RoleController.deleteRole(java.lang.Long)
6165 [restartedMain] INFO  o.s.w.s.m.m.a.RequestMappingHandlerMapping - Mapped "{[/v1/add_user],methods=[POST]}" onto public void com.example.demo.controller.UserController.addUser(com.example.demo.domain.User)
6166 [restartedMain] INFO  o.s.w.s.m.m.a.RequestMappingHandlerMapping - Mapped "{[/v1/get_all],methods=[GET]}" onto public org.springframework.http.ResponseEntity<java.util.List<com.example.demo.domain.User>> com.example.demo.controller.UserController.getUsers()
6167 [restartedMain] INFO  o.s.w.s.m.m.a.RequestMappingHandlerMapping - Mapped "{[/v1/delete_user/{id}],methods=[DELETE]}" onto public org.springframework.http.ResponseEntity<java.lang.Void> com.example.demo.controller.UserController.deleteUser(java.lang.Long)
6168 [restartedMain] INFO  o.s.w.s.m.m.a.RequestMappingHandlerMapping - Mapped "{[/v1/update_user],methods=[POST]}" onto public org.springframework.http.ResponseEntity<java.lang.Void> com.example.demo.controller.UserController.updateUser(com.example.demo.domain.User)
6169 [restartedMain] INFO  o.s.w.s.m.m.a.RequestMappingHandlerMapping - Mapped "{[/v1/user/{id}],methods=[GET]}" onto public org.springframework.http.ResponseEntity<com.example.demo.domain.User> com.example.demo.controller.UserController.getUser(java.lang.Long)
6170 [restartedMain] INFO  o.s.w.s.m.m.a.RequestMappingHandlerMapping - Mapped "{[/v1/add_profile],methods=[POST]}" onto public void com.example.demo.controller.UserProfileController.addActivity(com.example.demo.domain.UserProfile)
6171 [restartedMain] INFO  o.s.w.s.m.m.a.RequestMappingHandlerMapping - Mapped "{[/v1/profiles],methods=[GET]}" onto public org.springframework.http.ResponseEntity<java.util.List<com.example.demo.domain.UserProfile>> com.example.demo.controller.UserProfileController.getUserProfiles()
6172 [restartedMain] INFO  o.s.w.s.m.m.a.RequestMappingHandlerMapping - Mapped "{[/v1/delete_profile/{id}],methods=[DELETE]}" onto public org.springframework.http.ResponseEntity<java.lang.Void> com.example.demo.controller.UserProfileController.deleteUserProfile(java.lang.Long)
6173 [restartedMain] INFO  o.s.w.s.m.m.a.RequestMappingHandlerMapping - Mapped "{[/v1/update_profile],methods=[PUT]}" onto public org.springframework.http.ResponseEntity<java.lang.Void> com.example.demo.controller.UserProfileController.updateUserProfile(com.example.demo.domain.UserProfile)
6173 [restartedMain] INFO  o.s.w.s.m.m.a.RequestMappingHandlerMapping - Mapped "{[/v1/profile/{id}],methods=[GET]}" onto public org.springframework.http.ResponseEntity<com.example.demo.domain.UserProfile> com.example.demo.controller.UserProfileController.getUserProfile(java.lang.Long)
6175 [restartedMain] INFO  o.s.w.s.m.m.a.RequestMappingHandlerMapping - Mapped "{[/v2/api-docs],methods=[GET],produces=[application/json || application/hal+json]}" onto public org.springframework.http.ResponseEntity<springfox.documentation.spring.web.json.Json> springfox.documentation.swagger2.web.Swagger2Controller.getDocumentation(java.lang.String,javax.servlet.http.HttpServletRequest)
6180 [restartedMain] INFO  o.s.w.s.m.m.a.RequestMappingHandlerMapping - Mapped "{[/swagger-resources/configuration/ui]}" onto org.springframework.http.ResponseEntity<springfox.documentation.swagger.web.UiConfiguration> springfox.documentation.swagger.web.ApiResourceController.uiConfiguration()
6182 [restartedMain] INFO  o.s.w.s.m.m.a.RequestMappingHandlerMapping - Mapped "{[/swagger-resources]}" onto org.springframework.http.ResponseEntity<java.util.List<springfox.documentation.swagger.web.SwaggerResource>> springfox.documentation.swagger.web.ApiResourceController.swaggerResources()
6182 [restartedMain] INFO  o.s.w.s.m.m.a.RequestMappingHandlerMapping - Mapped "{[/swagger-resources/configuration/security]}" onto org.springframework.http.ResponseEntity<springfox.documentation.swagger.web.SecurityConfiguration> springfox.documentation.swagger.web.ApiResourceController.securityConfiguration()
6186 [restartedMain] INFO  o.s.w.s.m.m.a.RequestMappingHandlerMapping - Mapped "{[/error],produces=[text/html]}" onto public org.springframework.web.servlet.ModelAndView org.springframework.boot.autoconfigure.web.BasicErrorController.errorHtml(javax.servlet.http.HttpServletRequest,javax.servlet.http.HttpServletResponse)
6186 [restartedMain] INFO  o.s.w.s.m.m.a.RequestMappingHandlerMapping - Mapped "{[/error]}" onto public org.springframework.http.ResponseEntity<java.util.Map<java.lang.String, java.lang.Object>> org.springframework.boot.autoconfigure.web.BasicErrorController.error(javax.servlet.http.HttpServletRequest)
6551 [restartedMain] INFO  o.s.w.s.m.m.a.RequestMappingHandlerAdapter - Looking for @ControllerAdvice: org.springframework.boot.context.embedded.AnnotationConfigEmbeddedWebApplicationContext@7bbf5268: startup date [Thu Mar 08 11:43:54 IST 2018]; root of context hierarchy
6615 [restartedMain] INFO  o.s.w.s.h.SimpleUrlHandlerMapping - Mapped URL path [/webjars/**] onto handler of type [class org.springframework.web.servlet.resource.ResourceHttpRequestHandler]
6617 [restartedMain] INFO  o.s.w.s.h.SimpleUrlHandlerMapping - Mapped URL path [/**] onto handler of type [class org.springframework.web.servlet.resource.ResourceHttpRequestHandler]
6638 [restartedMain] INFO  o.s.w.s.m.m.a.ExceptionHandlerExceptionResolver - Detected @ExceptionHandler methods in exceptionHandlerControllerAdvice
6691 [restartedMain] INFO  o.s.w.s.h.SimpleUrlHandlerMapping - Mapped URL path [/**/favicon.ico] onto handler of type [class org.springframework.web.servlet.resource.ResourceHttpRequestHandler]
9437 [restartedMain] INFO  com.example.demo.Demo1Application - Started Demo1Application in 9.122 seconds (JVM running for 9.991)
